2016-05-16	12:19:23	-0300	757bdb83-85fe-4904-a69d-7bc28524cf85	1	TaskExampleProcess	0	OK	PSTATE	TRANSITION_ENTER	MyStart	
2016-05-16	12:19:23	-0300	757bdb83-85fe-4904-a69d-7bc28524cf85	1	Process Start	6	OK	PROCESS_START	CUSTOM	TaskExampleProcess::myId	MyStart
2016-05-16	12:19:23	-0300	757bdb83-85fe-4904-a69d-7bc28524cf85	1	TaskExampleProcess	9	OK	PSTATE	TRANSITION_EXIT	MyStart	
2016-05-16	12:19:23	-0300	c922eaed-23a6-4082-8b69-677502cc56a9	2	TaskExampleProcess	0	OK	PSTATE	TRANSITION_ENTER	MyTask	
2016-05-16	12:19:23	-0300	c922eaed-23a6-4082-8b69-677502cc56a9	2	Process State Start	2	OK	PROCESS_STATE_START	CUSTOM	TaskExampleProcess::myId	MyTask
2016-05-16	12:19:23	-0300	c922eaed-23a6-4082-8b69-677502cc56a9	2	TaskExampleProcess	3	OK	PSTATE	TRANSITION_EXIT	MyTask	
2016-05-16	12:20:03	-0300	a76a2aa0-8a1a-4686-9651-c8b62de813fc	3	TaskExampleProcess	0	OK	PSTATE	TRANSITION_ENTER	MyTaskDone	
2016-05-16	12:20:03	-0300	a76a2aa0-8a1a-4686-9651-c8b62de813fc	3	Process State End	2	OK	PROCESS_STATE_END	CUSTOM	TaskExampleProcess::myId	MyTask
2016-05-16	12:20:03	-0300	a76a2aa0-8a1a-4686-9651-c8b62de813fc	3	TaskExampleProcess	3	OK	PSTATE	TRANSITION_EXIT	MyTaskDone	
2016-05-16	12:20:03	-0300	c23937df-fcbb-47c0-b4cf-6523a5eecc34	4	TaskExampleProcess	0	OK	PSTATE	TRANSITION_ENTER	MyEnd	
2016-05-16	12:20:03	-0300	c23937df-fcbb-47c0-b4cf-6523a5eecc34	4	Process End	1	OK	PROCESS_END	CUSTOM	TaskExampleProcess::myId	MyEnd
2016-05-16	12:20:03	-0300	c23937df-fcbb-47c0-b4cf-6523a5eecc34	4	TaskExampleProcess	2	OK	PSTATE	TRANSITION_EXIT	MyEnd	
2016-05-16	12:22:58	-0300	418d4042-f344-40f0-b351-c2b6951313ae	1	TaskExampleProcess	0	OK	PSTATE	TRANSITION_ENTER	MyStart	
2016-05-16	12:22:58	-0300	418d4042-f344-40f0-b351-c2b6951313ae	1	Process Start	4	OK	PROCESS_START	CUSTOM	TaskExampleProcess::myId	MyStart
2016-05-16	12:22:58	-0300	418d4042-f344-40f0-b351-c2b6951313ae	1	TaskExampleProcess	11	OK	PSTATE	TRANSITION_EXIT	MyStart	
2016-05-16	12:22:58	-0300	5fff5f7a-766d-4cc0-8308-f20ed54a248f	2	TaskExampleProcess	0	OK	PSTATE	TRANSITION_ENTER	MyTask	
2016-05-16	12:22:58	-0300	5fff5f7a-766d-4cc0-8308-f20ed54a248f	2	Process State Start	1	OK	PROCESS_STATE_START	CUSTOM	TaskExampleProcess::myId	MyTask
2016-05-16	12:22:58	-0300	5fff5f7a-766d-4cc0-8308-f20ed54a248f	2	TaskExampleProcess	2	OK	PSTATE	TRANSITION_EXIT	MyTask	
2016-05-16	12:29:33	-0300	4cb312a5-fdbc-4728-ad6f-c8cfeee2e6a2	1	TaskExampleProcess	0	OK	PSTATE	TRANSITION_ENTER	MyStart	
2016-05-16	12:29:33	-0300	4cb312a5-fdbc-4728-ad6f-c8cfeee2e6a2	1	Process Start	8	OK	PROCESS_START	CUSTOM	TaskExampleProcess::myId	MyStart
2016-05-16	12:29:33	-0300	4cb312a5-fdbc-4728-ad6f-c8cfeee2e6a2	1	TaskExampleProcess	13	OK	PSTATE	TRANSITION_EXIT	MyStart	
2016-05-16	12:29:33	-0300	82fc6ed8-97ac-4828-a94c-7e47c25b27d8	2	TaskExampleProcess	0	OK	PSTATE	TRANSITION_ENTER	MyTask	
2016-05-16	12:29:33	-0300	82fc6ed8-97ac-4828-a94c-7e47c25b27d8	2	Process State Start	1	OK	PROCESS_STATE_START	CUSTOM	TaskExampleProcess::myId	MyTask
2016-05-16	12:29:33	-0300	82fc6ed8-97ac-4828-a94c-7e47c25b27d8	2	TaskExampleProcess	2	OK	PSTATE	TRANSITION_EXIT	MyTask	
2016-05-16	13:07:33	-0300	0c3c1323-52d8-45ed-9b3c-6fc4b0bf7f60	1	TaskExampleProcess	0	OK	PSTATE	TRANSITION_ENTER	MyStart	
2016-05-16	13:07:33	-0300	0c3c1323-52d8-45ed-9b3c-6fc4b0bf7f60	1	Process Start	6	OK	PROCESS_START	CUSTOM	TaskExampleProcess::myId	MyStart
2016-05-16	13:07:33	-0300	0c3c1323-52d8-45ed-9b3c-6fc4b0bf7f60	1	TaskExampleProcess	9	OK	PSTATE	TRANSITION_EXIT	MyStart	
2016-05-16	13:07:33	-0300	a8a9706f-bef2-4454-aeb4-ecf619271050	2	TaskExampleProcess	0	OK	PSTATE	TRANSITION_ENTER	MyTask	
2016-05-16	13:07:33	-0300	a8a9706f-bef2-4454-aeb4-ecf619271050	2	Process State Start	1	OK	PROCESS_STATE_START	CUSTOM	TaskExampleProcess::myId	MyTask
2016-05-16	13:07:33	-0300	a8a9706f-bef2-4454-aeb4-ecf619271050	2	TaskExampleProcess	2	OK	PSTATE	TRANSITION_EXIT	MyTask	
2016-05-16	13:07:42	-0300	e929c4f3-08af-42f4-bbcb-4f18b8d14f06	3	TaskExampleProcess	0	OK	PSTATE	TRANSITION_ENTER	MyTaskDone	
2016-05-16	13:07:42	-0300	e929c4f3-08af-42f4-bbcb-4f18b8d14f06	3	Process State End	10	OK	PROCESS_STATE_END	CUSTOM	TaskExampleProcess::myId	MyTask
2016-05-16	13:07:42	-0300	e929c4f3-08af-42f4-bbcb-4f18b8d14f06	3	TaskExampleProcess	11	OK	PSTATE	TRANSITION_EXIT	MyTaskDone	
2016-05-16	13:07:42	-0300	a0b9df0e-3805-45c6-acd7-93d28e4e74d9	4	TaskExampleProcess	0	OK	PSTATE	TRANSITION_ENTER	MyEnd	
2016-05-16	13:07:42	-0300	a0b9df0e-3805-45c6-acd7-93d28e4e74d9	4	Process End	1	OK	PROCESS_END	CUSTOM	TaskExampleProcess::myId	MyEnd
2016-05-16	13:07:42	-0300	a0b9df0e-3805-45c6-acd7-93d28e4e74d9	4	TaskExampleProcess	2	OK	PSTATE	TRANSITION_EXIT	MyEnd	
2016-05-16	13:08:49	-0300	5f998412-8bec-47f4-bb55-6626455b5eb2	1	TaskExampleProcess	0	OK	PSTATE	TRANSITION_ENTER	MyStart	
2016-05-16	13:08:49	-0300	5f998412-8bec-47f4-bb55-6626455b5eb2	1	Process Start	4	OK	PROCESS_START	CUSTOM	TaskExampleProcess::myId	MyStart
2016-05-16	13:08:49	-0300	5f998412-8bec-47f4-bb55-6626455b5eb2	1	TaskExampleProcess	29	OK	PSTATE	TRANSITION_EXIT	MyStart	
2016-05-16	13:08:49	-0300	3aff971a-f73b-4d8e-99d8-a29bf6088d0a	2	TaskExampleProcess	0	OK	PSTATE	TRANSITION_ENTER	MyTask	
2016-05-16	13:08:49	-0300	3aff971a-f73b-4d8e-99d8-a29bf6088d0a	2	Process State Start	0	OK	PROCESS_STATE_START	CUSTOM	TaskExampleProcess::myId	MyTask
2016-05-16	13:08:49	-0300	3aff971a-f73b-4d8e-99d8-a29bf6088d0a	2	TaskExampleProcess	0	OK	PSTATE	TRANSITION_EXIT	MyTask	
2016-05-16	13:09:06	-0300	0f2381e2-91fd-496c-abfa-654c33663662	3	TaskExampleProcess	0	OK	PSTATE	TRANSITION_ENTER	MyTaskDone	
2016-05-16	13:09:06	-0300	0f2381e2-91fd-496c-abfa-654c33663662	3	Process State End	1	OK	PROCESS_STATE_END	CUSTOM	TaskExampleProcess::myId	MyTask
2016-05-16	13:09:06	-0300	0f2381e2-91fd-496c-abfa-654c33663662	3	TaskExampleProcess	2	OK	PSTATE	TRANSITION_EXIT	MyTaskDone	
2016-05-16	13:09:06	-0300	0fcdd0e0-07c9-4b08-a3ed-30632fccd0ba	4	TaskExampleProcess	0	OK	PSTATE	TRANSITION_ENTER	MyEnd	
2016-05-16	13:09:06	-0300	0fcdd0e0-07c9-4b08-a3ed-30632fccd0ba	4	Process End	1	OK	PROCESS_END	CUSTOM	TaskExampleProcess::myId	MyEnd
2016-05-16	13:09:06	-0300	0fcdd0e0-07c9-4b08-a3ed-30632fccd0ba	4	TaskExampleProcess	2	OK	PSTATE	TRANSITION_EXIT	MyEnd	
2016-05-16	13:10:21	-0300	8f431975-206b-4572-afa8-563ae67cc6ba	1	TaskExampleProcess	0	OK	PSTATE	TRANSITION_ENTER	MyStart	
2016-05-16	13:10:21	-0300	8f431975-206b-4572-afa8-563ae67cc6ba	1	Process Start	2	OK	PROCESS_START	CUSTOM	TaskExampleProcess::myId	MyStart
2016-05-16	13:10:21	-0300	8f431975-206b-4572-afa8-563ae67cc6ba	1	TaskExampleProcess	2	OK	PSTATE	TRANSITION_EXIT	MyStart	
2016-05-16	13:10:21	-0300	7d51f791-ad29-480b-ab87-ba505936207c	2	TaskExampleProcess	0	OK	PSTATE	TRANSITION_ENTER	MyTask	
2016-05-16	13:10:21	-0300	7d51f791-ad29-480b-ab87-ba505936207c	2	Process State Start	0	OK	PROCESS_STATE_START	CUSTOM	TaskExampleProcess::myId	MyTask
2016-05-16	13:10:21	-0300	7d51f791-ad29-480b-ab87-ba505936207c	2	TaskExampleProcess	0	OK	PSTATE	TRANSITION_EXIT	MyTask	
2016-05-16	13:11:46	-0300	7a13d785-67e4-46e1-9945-1f39c20c735f	1	TaskExampleProcess	0	OK	PSTATE	TRANSITION_ENTER	MyStart	
2016-05-16	13:11:46	-0300	7a13d785-67e4-46e1-9945-1f39c20c735f	1	Process Start	4	OK	PROCESS_START	CUSTOM	TaskExampleProcess::myId	MyStart
2016-05-16	13:11:46	-0300	7a13d785-67e4-46e1-9945-1f39c20c735f	1	TaskExampleProcess	9	OK	PSTATE	TRANSITION_EXIT	MyStart	
2016-05-16	13:11:46	-0300	f5d861b3-0b64-424c-a707-3126913a82a2	2	TaskExampleProcess	0	OK	PSTATE	TRANSITION_ENTER	MyTask	
2016-05-16	13:11:46	-0300	f5d861b3-0b64-424c-a707-3126913a82a2	2	Process State Start	23	OK	PROCESS_STATE_START	CUSTOM	TaskExampleProcess::myId	MyTask
2016-05-16	13:11:46	-0300	f5d861b3-0b64-424c-a707-3126913a82a2	2	TaskExampleProcess	24	OK	PSTATE	TRANSITION_EXIT	MyTask	
2016-05-16	13:12:46	-0300	a5a33805-5b15-4a46-8a3d-9307436d336b	1	TaskExampleProcess	0	OK	PSTATE	TRANSITION_ENTER	MyStart	
2016-05-16	13:12:46	-0300	a5a33805-5b15-4a46-8a3d-9307436d336b	1	Process Start	5	OK	PROCESS_START	CUSTOM	TaskExampleProcess::myId	MyStart
2016-05-16	13:12:46	-0300	a5a33805-5b15-4a46-8a3d-9307436d336b	1	TaskExampleProcess	6	OK	PSTATE	TRANSITION_EXIT	MyStart	
2016-05-16	13:12:46	-0300	a6259e40-6845-4dda-bc1b-afd1f96da528	2	TaskExampleProcess	0	OK	PSTATE	TRANSITION_ENTER	MyTask	
2016-05-16	13:12:46	-0300	a6259e40-6845-4dda-bc1b-afd1f96da528	2	Process State Start	10	OK	PROCESS_STATE_START	CUSTOM	TaskExampleProcess::myId	MyTask
2016-05-16	13:12:46	-0300	a6259e40-6845-4dda-bc1b-afd1f96da528	2	TaskExampleProcess	10	OK	PSTATE	TRANSITION_EXIT	MyTask	
2016-05-16	13:13:07	-0300	bf634a8f-fe8e-4e53-986f-de5023a2e98b	3	TaskExampleProcess	0	OK	PSTATE	TRANSITION_ENTER	MyTaskDone	
2016-05-16	13:13:07	-0300	bf634a8f-fe8e-4e53-986f-de5023a2e98b	3	Process State End	2	OK	PROCESS_STATE_END	CUSTOM	TaskExampleProcess::myId	MyTask
2016-05-16	13:13:07	-0300	bf634a8f-fe8e-4e53-986f-de5023a2e98b	3	TaskExampleProcess	4	OK	PSTATE	TRANSITION_EXIT	MyTaskDone	
2016-05-16	13:13:07	-0300	43f8af00-3ce8-449e-a391-f72cecc26c49	4	TaskExampleProcess	0	OK	PSTATE	TRANSITION_ENTER	MyEnd	
2016-05-16	13:13:07	-0300	43f8af00-3ce8-449e-a391-f72cecc26c49	4	Process End	1	OK	PROCESS_END	CUSTOM	TaskExampleProcess::myId	MyEnd
2016-05-16	13:13:07	-0300	43f8af00-3ce8-449e-a391-f72cecc26c49	4	TaskExampleProcess	2	OK	PSTATE	TRANSITION_EXIT	MyEnd	
2016-05-16	13:13:54	-0300	8bab99a4-50d2-4fb4-8e90-634c7ab4dfa4	5	TaskExampleProcess	0	OK	PSTATE	TRANSITION_ENTER	MyTaskDone	
2016-05-16	13:13:54	-0300	8bab99a4-50d2-4fb4-8e90-634c7ab4dfa4	5	TaskExampleProcess	1	OK	PSTATE	TRANSITION_EXIT	MyTaskDone	
2016-05-16	13:15:02	-0300	4ebea532-a559-4e4a-a116-e1616cdcca26	1	TaskExampleProcess	0	OK	PSTATE	TRANSITION_ENTER	MyStart	
2016-05-16	13:15:02	-0300	4ebea532-a559-4e4a-a116-e1616cdcca26	1	Process Start	6	OK	PROCESS_START	CUSTOM	TaskExampleProcess::myId	MyStart
2016-05-16	13:15:02	-0300	4ebea532-a559-4e4a-a116-e1616cdcca26	1	TaskExampleProcess	9	OK	PSTATE	TRANSITION_EXIT	MyStart	
2016-05-16	13:15:02	-0300	534432c3-38b9-4b8f-bf29-0e7f568a17ab	2	TaskExampleProcess	0	OK	PSTATE	TRANSITION_ENTER	MyTask	
2016-05-16	13:15:02	-0300	534432c3-38b9-4b8f-bf29-0e7f568a17ab	2	Process State Start	2	OK	PROCESS_STATE_START	CUSTOM	TaskExampleProcess::myId	MyTask
2016-05-16	13:15:02	-0300	534432c3-38b9-4b8f-bf29-0e7f568a17ab	2	TaskExampleProcess	3	OK	PSTATE	TRANSITION_EXIT	MyTask	
2016-05-16	13:22:24	-0300	47c259b4-b141-4918-87df-149bf1cec0ee	1	TaskExampleProcess	0	OK	PSTATE	TRANSITION_ENTER	MyStart	
2016-05-16	13:22:24	-0300	47c259b4-b141-4918-87df-149bf1cec0ee	1	Process Start	12	OK	PROCESS_START	CUSTOM	TaskExampleProcess::myId	MyStart
2016-05-16	13:22:24	-0300	47c259b4-b141-4918-87df-149bf1cec0ee	1	TaskExampleProcess	15	OK	PSTATE	TRANSITION_EXIT	MyStart	
2016-05-16	13:22:24	-0300	8f2b16bd-c3cf-43e3-bc8f-dad282bc90a6	2	TaskExampleProcess	0	OK	PSTATE	TRANSITION_ENTER	MyTask	
2016-05-16	13:22:24	-0300	8f2b16bd-c3cf-43e3-bc8f-dad282bc90a6	2	Process State Start	1	OK	PROCESS_STATE_START	CUSTOM	TaskExampleProcess::myId	MyTask
2016-05-16	13:22:24	-0300	8f2b16bd-c3cf-43e3-bc8f-dad282bc90a6	2	TaskExampleProcess	2	OK	PSTATE	TRANSITION_EXIT	MyTask	
2016-05-16	13:22:34	-0300	676b0d7f-765f-4975-aae5-a4cb40754de4	3	TaskExampleProcess	0	OK	PSTATE	TRANSITION_ENTER	MyTaskDone	
2016-05-16	13:22:34	-0300	676b0d7f-765f-4975-aae5-a4cb40754de4	3	Process State End	1	OK	PROCESS_STATE_END	CUSTOM	TaskExampleProcess::myId	MyTask
2016-05-16	13:22:34	-0300	676b0d7f-765f-4975-aae5-a4cb40754de4	3	TaskExampleProcess	2	OK	PSTATE	TRANSITION_EXIT	MyTaskDone	
2016-05-16	13:22:34	-0300	6c42da14-10e6-4589-82d5-29973af3521f	4	TaskExampleProcess	0	OK	PSTATE	TRANSITION_ENTER	MyEnd	
2016-05-16	13:22:34	-0300	6c42da14-10e6-4589-82d5-29973af3521f	4	Process End	1	OK	PROCESS_END	CUSTOM	TaskExampleProcess::myId	MyEnd
2016-05-16	13:22:34	-0300	6c42da14-10e6-4589-82d5-29973af3521f	4	TaskExampleProcess	2	OK	PSTATE	TRANSITION_EXIT	MyEnd	
2016-05-16	13:25:40	-0300	51c37ee8-b516-4d14-9a83-36ead6e841d7	1	TaskExampleProcess	0	OK	PSTATE	TRANSITION_ENTER	MyStart	
2016-05-16	13:25:40	-0300	51c37ee8-b516-4d14-9a83-36ead6e841d7	1	Process Start	8	OK	PROCESS_START	CUSTOM	TaskExampleProcess::myId	MyStart
2016-05-16	13:25:40	-0300	51c37ee8-b516-4d14-9a83-36ead6e841d7	1	TaskExampleProcess	12	OK	PSTATE	TRANSITION_EXIT	MyStart	
2016-05-16	13:25:40	-0300	802f73c4-ff35-4eb1-84be-c0257e83f0d6	2	TaskExampleProcess	0	OK	PSTATE	TRANSITION_ENTER	MyTask	
2016-05-16	13:25:40	-0300	802f73c4-ff35-4eb1-84be-c0257e83f0d6	2	Process State Start	2	OK	PROCESS_STATE_START	CUSTOM	TaskExampleProcess::myId	MyTask
2016-05-16	13:25:40	-0300	802f73c4-ff35-4eb1-84be-c0257e83f0d6	2	TaskExampleProcess	3	OK	PSTATE	TRANSITION_EXIT	MyTask	
2016-05-16	13:25:51	-0300	eb025473-a2b5-44e1-a555-f23f47d9202e	3	TaskExampleProcess	0	OK	PSTATE	TRANSITION_ENTER	MyTaskDone	
2016-05-16	13:25:51	-0300	eb025473-a2b5-44e1-a555-f23f47d9202e	3	Process State End	2	OK	PROCESS_STATE_END	CUSTOM	TaskExampleProcess::myId	MyTask
2016-05-16	13:25:51	-0300	eb025473-a2b5-44e1-a555-f23f47d9202e	3	TaskExampleProcess	4	OK	PSTATE	TRANSITION_EXIT	MyTaskDone	
2016-05-16	13:25:51	-0300	2bc3b121-972f-4f62-8b4d-95b23be1832c	4	TaskExampleProcess	0	OK	PSTATE	TRANSITION_ENTER	MyEnd	
2016-05-16	13:25:51	-0300	2bc3b121-972f-4f62-8b4d-95b23be1832c	4	Process End	1	OK	PROCESS_END	CUSTOM	TaskExampleProcess::myId	MyEnd
2016-05-16	13:25:51	-0300	2bc3b121-972f-4f62-8b4d-95b23be1832c	4	TaskExampleProcess	2	OK	PSTATE	TRANSITION_EXIT	MyEnd	
2016-05-16	13:26:52	-0300	ecdedbf5-3a5e-4141-b3cd-1346691f0122	1	TaskExampleProcess	0	OK	PSTATE	TRANSITION_ENTER	MyStart	
2016-05-16	13:26:52	-0300	ecdedbf5-3a5e-4141-b3cd-1346691f0122	1	Process Start	5	OK	PROCESS_START	CUSTOM	TaskExampleProcess::myId	MyStart
2016-05-16	13:26:52	-0300	ecdedbf5-3a5e-4141-b3cd-1346691f0122	1	TaskExampleProcess	9	OK	PSTATE	TRANSITION_EXIT	MyStart	
2016-05-16	13:26:52	-0300	6129e1cc-bd1c-4310-8081-a52c5b25c577	2	TaskExampleProcess	0	OK	PSTATE	TRANSITION_ENTER	MyTask	
2016-05-16	13:26:52	-0300	6129e1cc-bd1c-4310-8081-a52c5b25c577	2	Process State Start	5	OK	PROCESS_STATE_START	CUSTOM	TaskExampleProcess::myId	MyTask
2016-05-16	13:26:52	-0300	6129e1cc-bd1c-4310-8081-a52c5b25c577	2	TaskExampleProcess	7	OK	PSTATE	TRANSITION_EXIT	MyTask	
2016-05-16	13:27:12	-0300	33120c54-82b3-453b-9c10-0b6f9debca41	3	TaskExampleProcess	0	OK	PSTATE	TRANSITION_ENTER	MyTaskDone	
2016-05-16	13:27:12	-0300	33120c54-82b3-453b-9c10-0b6f9debca41	3	Process State End	2	OK	PROCESS_STATE_END	CUSTOM	TaskExampleProcess::myId	MyTask
2016-05-16	13:27:12	-0300	33120c54-82b3-453b-9c10-0b6f9debca41	3	TaskExampleProcess	4	OK	PSTATE	TRANSITION_EXIT	MyTaskDone	
2016-05-16	13:27:12	-0300	30a8efaa-907b-4f11-9265-e528a42f76bf	4	TaskExampleProcess	0	OK	PSTATE	TRANSITION_ENTER	MyEnd	
2016-05-16	13:27:12	-0300	30a8efaa-907b-4f11-9265-e528a42f76bf	4	Process End	6	OK	PROCESS_END	CUSTOM	TaskExampleProcess::myId	MyEnd
2016-05-16	13:27:12	-0300	30a8efaa-907b-4f11-9265-e528a42f76bf	4	TaskExampleProcess	7	OK	PSTATE	TRANSITION_EXIT	MyEnd	
2016-05-16	13:28:50	-0300	bdf4e835-8575-4efc-a64c-eeb8764c9ad7	1	TaskExampleProcess	0	OK	PSTATE	TRANSITION_ENTER	MyStart	
2016-05-16	13:28:50	-0300	bdf4e835-8575-4efc-a64c-eeb8764c9ad7	1	Process Start	6	OK	PROCESS_START	CUSTOM	TaskExampleProcess::myId	MyStart
2016-05-16	13:28:50	-0300	bdf4e835-8575-4efc-a64c-eeb8764c9ad7	1	TaskExampleProcess	13	OK	PSTATE	TRANSITION_EXIT	MyStart	
2016-05-16	13:28:50	-0300	57417835-f815-482b-b2ac-8b0b6b67b634	2	TaskExampleProcess	0	OK	PSTATE	TRANSITION_ENTER	MyTask	
2016-05-16	13:28:50	-0300	57417835-f815-482b-b2ac-8b0b6b67b634	2	Process State Start	1	OK	PROCESS_STATE_START	CUSTOM	TaskExampleProcess::myId	MyTask
2016-05-16	13:28:50	-0300	57417835-f815-482b-b2ac-8b0b6b67b634	2	TaskExampleProcess	2	OK	PSTATE	TRANSITION_EXIT	MyTask	
2016-05-16	13:28:59	-0300	e2979f03-2665-4dc8-8623-076fc36b312d	3	TaskExampleProcess	0	OK	PSTATE	TRANSITION_ENTER	MyTaskDone	
2016-05-16	13:28:59	-0300	e2979f03-2665-4dc8-8623-076fc36b312d	3	Process State End	3	OK	PROCESS_STATE_END	CUSTOM	TaskExampleProcess::myId	MyTask
2016-05-16	13:28:59	-0300	e2979f03-2665-4dc8-8623-076fc36b312d	3	TaskExampleProcess	4	OK	PSTATE	TRANSITION_EXIT	MyTaskDone	
2016-05-16	13:28:59	-0300	cce52c52-8dbf-4c68-8fcf-b2f20ddbe3dc	4	TaskExampleProcess	0	OK	PSTATE	TRANSITION_ENTER	MyEnd	
2016-05-16	13:28:59	-0300	cce52c52-8dbf-4c68-8fcf-b2f20ddbe3dc	4	Process End	1	OK	PROCESS_END	CUSTOM	TaskExampleProcess::myId	MyEnd
2016-05-16	13:28:59	-0300	cce52c52-8dbf-4c68-8fcf-b2f20ddbe3dc	4	TaskExampleProcess	2	OK	PSTATE	TRANSITION_EXIT	MyEnd	
2016-05-16	13:59:58	-0300	0a14437f-9500-4870-93ce-4584a8613d7f	1	TaskExampleProcess	0	OK	PSTATE	TRANSITION_ENTER	MyStart	
2016-05-16	13:59:58	-0300	0a14437f-9500-4870-93ce-4584a8613d7f	1	Process Start	19	OK	PROCESS_START	CUSTOM	TaskExampleProcess::myId	MyStart
2016-05-16	13:59:58	-0300	0a14437f-9500-4870-93ce-4584a8613d7f	1	TaskExampleProcess	19	OK	PSTATE	TRANSITION_EXIT	MyStart	
2016-05-16	13:59:58	-0300	e9df6e98-23db-4ba1-a87e-5d4ad11ff097	2	TaskExampleProcess	0	OK	PSTATE	TRANSITION_ENTER	MyTask	
2016-05-16	13:59:58	-0300	e9df6e98-23db-4ba1-a87e-5d4ad11ff097	2	Process State Start	0	OK	PROCESS_STATE_START	CUSTOM	TaskExampleProcess::myId	MyTask
2016-05-16	13:59:58	-0300	e9df6e98-23db-4ba1-a87e-5d4ad11ff097	2	TaskExampleProcess	10	OK	PSTATE	TRANSITION_EXIT	MyTask	
2016-05-16	14:03:52	-0300	4ba0c7dc-e4cf-4d48-b1e0-f679e0461b5e	1	TaskExampleProcess	0	OK	PSTATE	TRANSITION_ENTER	MyStart	
2016-05-16	14:03:52	-0300	4ba0c7dc-e4cf-4d48-b1e0-f679e0461b5e	1	Process Start	7	OK	PROCESS_START	CUSTOM	TaskExampleProcess::myId	MyStart
2016-05-16	14:03:52	-0300	4ba0c7dc-e4cf-4d48-b1e0-f679e0461b5e	1	TaskExampleProcess	12	OK	PSTATE	TRANSITION_EXIT	MyStart	
2016-05-16	14:03:52	-0300	1077278d-acce-4a12-8862-01b1c2910b70	2	TaskExampleProcess	0	OK	PSTATE	TRANSITION_ENTER	MyTask	
2016-05-16	14:03:52	-0300	1077278d-acce-4a12-8862-01b1c2910b70	2	Process State Start	0	OK	PROCESS_STATE_START	CUSTOM	TaskExampleProcess::myId	MyTask
2016-05-16	14:03:52	-0300	1077278d-acce-4a12-8862-01b1c2910b70	2	TaskExampleProcess	0	OK	PSTATE	TRANSITION_EXIT	MyTask	
2016-05-16	14:06:20	-0300	c306b842-2448-4440-b9f8-1c5ef019495d	1	TaskExampleProcess	0	OK	PSTATE	TRANSITION_ENTER	MyStart	
2016-05-16	14:06:20	-0300	c306b842-2448-4440-b9f8-1c5ef019495d	1	Process Start	7	OK	PROCESS_START	CUSTOM	TaskExampleProcess::myId	MyStart
2016-05-16	14:06:20	-0300	c306b842-2448-4440-b9f8-1c5ef019495d	1	TaskExampleProcess	9	OK	PSTATE	TRANSITION_EXIT	MyStart	
2016-05-16	14:06:20	-0300	f9b2acae-1d52-4db8-bce2-7173aa7e8f28	2	TaskExampleProcess	0	OK	PSTATE	TRANSITION_ENTER	MyTask	
2016-05-16	14:06:20	-0300	f9b2acae-1d52-4db8-bce2-7173aa7e8f28	2	Process State Start	10	OK	PROCESS_STATE_START	CUSTOM	TaskExampleProcess::myId	MyTask
2016-05-16	14:06:20	-0300	f9b2acae-1d52-4db8-bce2-7173aa7e8f28	2	TaskExampleProcess	10	OK	PSTATE	TRANSITION_EXIT	MyTask	
2016-05-16	14:06:29	-0300	9a139759-65fd-456c-8302-6237e4bd0581	3	TaskExampleProcess	0	OK	PSTATE	TRANSITION_ENTER	MyTaskDone	
2016-05-16	14:06:29	-0300	9a139759-65fd-456c-8302-6237e4bd0581	3	Process State End	1	OK	PROCESS_STATE_END	CUSTOM	TaskExampleProcess::myId	MyTask
2016-05-16	14:06:29	-0300	9a139759-65fd-456c-8302-6237e4bd0581	3	TaskExampleProcess	2	OK	PSTATE	TRANSITION_EXIT	MyTaskDone	
2016-05-16	14:06:29	-0300	38dbe59a-e0f2-49dc-a4be-39da1e324954	4	TaskExampleProcess	0	OK	PSTATE	TRANSITION_ENTER	MyEnd	
2016-05-16	14:06:29	-0300	38dbe59a-e0f2-49dc-a4be-39da1e324954	4	Process End	0	OK	PROCESS_END	CUSTOM	TaskExampleProcess::myId	MyEnd
2016-05-16	14:06:29	-0300	38dbe59a-e0f2-49dc-a4be-39da1e324954	4	TaskExampleProcess	1	OK	PSTATE	TRANSITION_EXIT	MyEnd	
2016-05-16	14:07:20	-0300	db6c76c9-6ecc-40bd-b843-0780a02f1a38	1	TaskExampleProcess	0	OK	PSTATE	TRANSITION_ENTER	MyStart	
2016-05-16	14:07:20	-0300	db6c76c9-6ecc-40bd-b843-0780a02f1a38	1	Process Start	5	OK	PROCESS_START	CUSTOM	TaskExampleProcess::myId	MyStart
2016-05-16	14:07:20	-0300	db6c76c9-6ecc-40bd-b843-0780a02f1a38	1	TaskExampleProcess	8	OK	PSTATE	TRANSITION_EXIT	MyStart	
2016-05-16	14:07:20	-0300	20aef767-7022-460f-b5d4-d36629f784de	2	TaskExampleProcess	0	OK	PSTATE	TRANSITION_ENTER	MyTask	
2016-05-16	14:07:20	-0300	20aef767-7022-460f-b5d4-d36629f784de	2	Process State Start	1	OK	PROCESS_STATE_START	CUSTOM	TaskExampleProcess::myId	MyTask
2016-05-16	14:07:20	-0300	20aef767-7022-460f-b5d4-d36629f784de	2	TaskExampleProcess	1	OK	PSTATE	TRANSITION_EXIT	MyTask	
2016-05-16	14:07:32	-0300	74aad234-b7e5-4b53-8e7a-24927b04d712	3	TaskExampleProcess	0	OK	PSTATE	TRANSITION_ENTER	MyTaskDone	
2016-05-16	14:07:32	-0300	74aad234-b7e5-4b53-8e7a-24927b04d712	3	Process State End	1	OK	PROCESS_STATE_END	CUSTOM	TaskExampleProcess::myId	MyTask
2016-05-16	14:07:32	-0300	74aad234-b7e5-4b53-8e7a-24927b04d712	3	TaskExampleProcess	2	OK	PSTATE	TRANSITION_EXIT	MyTaskDone	
2016-05-16	14:07:32	-0300	ae7fedf3-b171-423c-88b3-17bb1d220c42	4	TaskExampleProcess	0	OK	PSTATE	TRANSITION_ENTER	MyEnd	
2016-05-16	14:07:32	-0300	ae7fedf3-b171-423c-88b3-17bb1d220c42	4	Process End	1	OK	PROCESS_END	CUSTOM	TaskExampleProcess::myId	MyEnd
2016-05-16	14:07:32	-0300	ae7fedf3-b171-423c-88b3-17bb1d220c42	4	TaskExampleProcess	2	OK	PSTATE	TRANSITION_EXIT	MyEnd	
2016-05-16	14:08:22	-0300	c631c8d3-408c-4574-adb4-f7bdf913f567	1	TaskExampleProcess	0	OK	PSTATE	TRANSITION_ENTER	MyStart	
2016-05-16	14:08:22	-0300	c631c8d3-408c-4574-adb4-f7bdf913f567	1	Process Start	6	OK	PROCESS_START	CUSTOM	TaskExampleProcess::myId	MyStart
2016-05-16	14:08:22	-0300	c631c8d3-408c-4574-adb4-f7bdf913f567	1	TaskExampleProcess	9	OK	PSTATE	TRANSITION_EXIT	MyStart	
2016-05-16	14:08:22	-0300	92fad103-0723-4a2c-b355-a1acec94f38a	2	TaskExampleProcess	0	OK	PSTATE	TRANSITION_ENTER	MyTask	
2016-05-16	14:08:22	-0300	92fad103-0723-4a2c-b355-a1acec94f38a	2	Process State Start	1	OK	PROCESS_STATE_START	CUSTOM	TaskExampleProcess::myId	MyTask
2016-05-16	14:08:22	-0300	92fad103-0723-4a2c-b355-a1acec94f38a	2	TaskExampleProcess	2	OK	PSTATE	TRANSITION_EXIT	MyTask	
2016-05-16	14:08:32	-0300	d6874f85-6d95-495e-8762-6abc7ae4451d	3	TaskExampleProcess	0	OK	PSTATE	TRANSITION_ENTER	MyTaskDone	
2016-05-16	14:08:32	-0300	d6874f85-6d95-495e-8762-6abc7ae4451d	3	Process State End	2	OK	PROCESS_STATE_END	CUSTOM	TaskExampleProcess::myId	MyTask
2016-05-16	14:08:32	-0300	d6874f85-6d95-495e-8762-6abc7ae4451d	3	TaskExampleProcess	3	OK	PSTATE	TRANSITION_EXIT	MyTaskDone	
2016-05-16	14:08:32	-0300	ace3d29c-0c21-4101-8c55-31a3cf4d94e9	4	TaskExampleProcess	0	OK	PSTATE	TRANSITION_ENTER	MyEnd	
2016-05-16	14:08:32	-0300	ace3d29c-0c21-4101-8c55-31a3cf4d94e9	4	Process End	21	OK	PROCESS_END	CUSTOM	TaskExampleProcess::myId	MyEnd
2016-05-16	14:08:32	-0300	ace3d29c-0c21-4101-8c55-31a3cf4d94e9	4	TaskExampleProcess	22	OK	PSTATE	TRANSITION_EXIT	MyEnd	
2016-05-16	14:10:42	-0300	ab549ff4-5be8-4703-ae72-cde7217a22ce	1	TaskExampleProcess	0	OK	PSTATE	TRANSITION_ENTER	MyStart	
2016-05-16	14:10:42	-0300	ab549ff4-5be8-4703-ae72-cde7217a22ce	1	Process Start	3	OK	PROCESS_START	CUSTOM	TaskExampleProcess::myId	MyStart
2016-05-16	14:10:42	-0300	ab549ff4-5be8-4703-ae72-cde7217a22ce	1	TaskExampleProcess	3	OK	PSTATE	TRANSITION_EXIT	MyStart	
2016-05-16	14:10:42	-0300	bb871e18-7c22-47d3-95b9-34ffa00c17ab	2	TaskExampleProcess	0	OK	PSTATE	TRANSITION_ENTER	MyTask	
2016-05-16	14:10:42	-0300	bb871e18-7c22-47d3-95b9-34ffa00c17ab	2	Process State Start	0	OK	PROCESS_STATE_START	CUSTOM	TaskExampleProcess::myId	MyTask
2016-05-16	14:10:42	-0300	bb871e18-7c22-47d3-95b9-34ffa00c17ab	2	TaskExampleProcess	0	OK	PSTATE	TRANSITION_EXIT	MyTask	
2016-05-16	14:10:55	-0300	990e8f27-fad1-4236-9b7f-dc888eab403b	3	TaskExampleProcess	0	OK	PSTATE	TRANSITION_ENTER	MyTaskDone	
2016-05-16	14:10:55	-0300	990e8f27-fad1-4236-9b7f-dc888eab403b	3	Process State End	2	OK	PROCESS_STATE_END	CUSTOM	TaskExampleProcess::myId	MyTask
2016-05-16	14:10:55	-0300	990e8f27-fad1-4236-9b7f-dc888eab403b	3	TaskExampleProcess	4	OK	PSTATE	TRANSITION_EXIT	MyTaskDone	
2016-05-16	14:10:55	-0300	eab4221c-969c-463f-aa31-a38ea1a72fcb	4	TaskExampleProcess	0	OK	PSTATE	TRANSITION_ENTER	MyEnd	
2016-05-16	14:10:55	-0300	eab4221c-969c-463f-aa31-a38ea1a72fcb	4	Process End	1	OK	PROCESS_END	CUSTOM	TaskExampleProcess::myId	MyEnd
2016-05-16	14:10:55	-0300	eab4221c-969c-463f-aa31-a38ea1a72fcb	4	TaskExampleProcess	2	OK	PSTATE	TRANSITION_EXIT	MyEnd	
2016-05-16	14:22:52	-0300	5bb0dde4-ee98-4548-8e72-7be5956f2ca4	1	TaskExampleProcess	0	OK	PSTATE	TRANSITION_ENTER	MyStart	
2016-05-16	14:22:52	-0300	5bb0dde4-ee98-4548-8e72-7be5956f2ca4	1	Process Start	10	OK	PROCESS_START	CUSTOM	TaskExampleProcess::myId	MyStart
2016-05-16	14:22:52	-0300	5bb0dde4-ee98-4548-8e72-7be5956f2ca4	1	TaskExampleProcess	14	OK	PSTATE	TRANSITION_EXIT	MyStart	
2016-05-16	14:22:52	-0300	854b304d-8754-4214-ac53-8903b9e5163f	2	TaskExampleProcess	0	OK	PSTATE	TRANSITION_ENTER	MyTask	
2016-05-16	14:22:52	-0300	854b304d-8754-4214-ac53-8903b9e5163f	2	Process State Start	2	OK	PROCESS_STATE_START	CUSTOM	TaskExampleProcess::myId	MyTask
2016-05-16	14:22:52	-0300	854b304d-8754-4214-ac53-8903b9e5163f	2	TaskExampleProcess	3	OK	PSTATE	TRANSITION_EXIT	MyTask	
2016-05-16	14:28:13	-0300	242302b0-710c-4b05-9b66-ce90b3a6a0bc	1	TaskExampleProcess	0	OK	PSTATE	TRANSITION_ENTER	MyStart	
2016-05-16	14:28:13	-0300	242302b0-710c-4b05-9b66-ce90b3a6a0bc	1	Process Start	6	OK	PROCESS_START	CUSTOM	TaskExampleProcess::myId	MyStart
2016-05-16	14:28:13	-0300	242302b0-710c-4b05-9b66-ce90b3a6a0bc	1	TaskExampleProcess	10	OK	PSTATE	TRANSITION_EXIT	MyStart	
2016-05-16	14:28:13	-0300	1b0d1651-4c21-4af9-afc0-621de123794c	2	TaskExampleProcess	0	OK	PSTATE	TRANSITION_ENTER	MyTask	
2016-05-16	14:28:13	-0300	1b0d1651-4c21-4af9-afc0-621de123794c	2	Process State Start	2	OK	PROCESS_STATE_START	CUSTOM	TaskExampleProcess::myId	MyTask
2016-05-16	14:28:13	-0300	1b0d1651-4c21-4af9-afc0-621de123794c	2	TaskExampleProcess	5	OK	PSTATE	TRANSITION_EXIT	MyTask	
2016-05-16	14:34:01	-0300	d67ef2b5-f54d-4975-9339-801d9e290241	1	TaskExampleProcess	0	OK	PSTATE	TRANSITION_ENTER	MyStart	
2016-05-16	14:34:01	-0300	d67ef2b5-f54d-4975-9339-801d9e290241	1	Process Start	7	OK	PROCESS_START	CUSTOM	TaskExampleProcess::myId	MyStart
2016-05-16	14:34:01	-0300	d67ef2b5-f54d-4975-9339-801d9e290241	1	TaskExampleProcess	11	OK	PSTATE	TRANSITION_EXIT	MyStart	
2016-05-16	14:34:01	-0300	462ac0b4-d271-4e1b-a632-5a7f1104e1d8	2	TaskExampleProcess	0	OK	PSTATE	TRANSITION_ENTER	MyTask	
2016-05-16	14:34:01	-0300	462ac0b4-d271-4e1b-a632-5a7f1104e1d8	2	Process State Start	2	OK	PROCESS_STATE_START	CUSTOM	TaskExampleProcess::myId	MyTask
2016-05-16	14:34:01	-0300	462ac0b4-d271-4e1b-a632-5a7f1104e1d8	2	TaskExampleProcess	3	OK	PSTATE	TRANSITION_EXIT	MyTask	
2016-05-16	14:39:29	-0300	111829d2-f4df-4579-95b4-c9da7ce10258	1	TaskExampleProcess	0	OK	PSTATE	TRANSITION_ENTER	MyStart	
2016-05-16	14:39:29	-0300	111829d2-f4df-4579-95b4-c9da7ce10258	1	Process Start	5	OK	PROCESS_START	CUSTOM	TaskExampleProcess::myId	MyStart
2016-05-16	14:39:29	-0300	111829d2-f4df-4579-95b4-c9da7ce10258	1	TaskExampleProcess	9	OK	PSTATE	TRANSITION_EXIT	MyStart	
2016-05-16	14:39:29	-0300	d8ad7cd1-4b04-43d4-b4a1-7cefaebc1911	2	TaskExampleProcess	0	OK	PSTATE	TRANSITION_ENTER	MyTask	
2016-05-16	14:39:29	-0300	d8ad7cd1-4b04-43d4-b4a1-7cefaebc1911	2	Process State Start	7	OK	PROCESS_STATE_START	CUSTOM	TaskExampleProcess::myId	MyTask
2016-05-16	14:39:29	-0300	d8ad7cd1-4b04-43d4-b4a1-7cefaebc1911	2	TaskExampleProcess	8	OK	PSTATE	TRANSITION_EXIT	MyTask	
2016-05-16	14:39:53	-0300	bf687a5f-9b56-4e70-9472-830f1b6c7a20	3	TaskExampleProcess	0	OK	PSTATE	TRANSITION_ENTER	MyTaskDone	
2016-05-16	14:39:53	-0300	bf687a5f-9b56-4e70-9472-830f1b6c7a20	3	Process State End	2	OK	PROCESS_STATE_END	CUSTOM	TaskExampleProcess::myId	MyTask
2016-05-16	14:39:53	-0300	bf687a5f-9b56-4e70-9472-830f1b6c7a20	3	TaskExampleProcess	3	OK	PSTATE	TRANSITION_EXIT	MyTaskDone	
2016-05-16	14:39:53	-0300	30754a2a-7d8e-4b4b-9023-4a289fa05e69	4	TaskExampleProcess	0	OK	PSTATE	TRANSITION_ENTER	MyEnd	
2016-05-16	14:39:53	-0300	30754a2a-7d8e-4b4b-9023-4a289fa05e69	4	Process End	1	OK	PROCESS_END	CUSTOM	TaskExampleProcess::myId	MyEnd
2016-05-16	14:39:53	-0300	30754a2a-7d8e-4b4b-9023-4a289fa05e69	4	TaskExampleProcess	2	OK	PSTATE	TRANSITION_EXIT	MyEnd	
2016-05-16	14:49:00	-0300	a9f8a0eb-6925-4256-ae90-f64e28273813	1	TaskExampleProcess	0	OK	PSTATE	TRANSITION_ENTER	MyStart	
2016-05-16	14:49:00	-0300	a9f8a0eb-6925-4256-ae90-f64e28273813	1	Process Start	7	OK	PROCESS_START	CUSTOM	TaskExampleProcess::myId	MyStart
2016-05-16	14:49:00	-0300	a9f8a0eb-6925-4256-ae90-f64e28273813	1	TaskExampleProcess	11	OK	PSTATE	TRANSITION_EXIT	MyStart	
2016-05-16	14:49:00	-0300	13d870d2-b447-47f0-aa39-69010231606a	2	TaskExampleProcess	0	OK	PSTATE	TRANSITION_ENTER	MyTask	
2016-05-16	14:49:00	-0300	13d870d2-b447-47f0-aa39-69010231606a	2	Process State Start	1	OK	PROCESS_STATE_START	CUSTOM	TaskExampleProcess::myId	MyTask
2016-05-16	14:49:00	-0300	13d870d2-b447-47f0-aa39-69010231606a	2	TaskExampleProcess	2	OK	PSTATE	TRANSITION_EXIT	MyTask	
2016-05-16	14:49:23	-0300	58f1a480-843b-4c9a-8c7a-adfd191177b4	3	TaskExampleProcess	0	OK	PSTATE	TRANSITION_ENTER	MyTaskDone	
2016-05-16	14:49:23	-0300	58f1a480-843b-4c9a-8c7a-adfd191177b4	3	Process State End	2	OK	PROCESS_STATE_END	CUSTOM	TaskExampleProcess::myId	MyTask
2016-05-16	14:49:23	-0300	58f1a480-843b-4c9a-8c7a-adfd191177b4	3	TaskExampleProcess	3	OK	PSTATE	TRANSITION_EXIT	MyTaskDone	
2016-05-16	14:49:23	-0300	138443ae-b0a3-4677-b558-2038810708f9	4	TaskExampleProcess	0	OK	PSTATE	TRANSITION_ENTER	MyEnd	
2016-05-16	14:49:23	-0300	138443ae-b0a3-4677-b558-2038810708f9	4	Process End	1	OK	PROCESS_END	CUSTOM	TaskExampleProcess::myId	MyEnd
2016-05-16	14:49:23	-0300	138443ae-b0a3-4677-b558-2038810708f9	4	TaskExampleProcess	1	OK	PSTATE	TRANSITION_EXIT	MyEnd	
2016-05-16	14:50:53	-0300	b4e08876-c12f-4370-93d5-7892e74e3703	5	TaskExampleProcess	0	OK	PSTATE	TRANSITION_ENTER	MyTaskDone	
2016-05-16	14:50:53	-0300	b4e08876-c12f-4370-93d5-7892e74e3703	5	TaskExampleProcess	1	OK	PSTATE	TRANSITION_EXIT	MyTaskDone	
2016-05-16	15:05:32	-0300	4aba69da-02c2-4e4e-8f0a-fbc4b8c27670	1	TaskExampleProcess	0	OK	PSTATE	TRANSITION_ENTER	MyStart	
2016-05-16	15:05:32	-0300	4aba69da-02c2-4e4e-8f0a-fbc4b8c27670	1	Process Start	4	OK	PROCESS_START	CUSTOM	TaskExampleProcess::myId	MyStart
2016-05-16	15:05:32	-0300	4aba69da-02c2-4e4e-8f0a-fbc4b8c27670	1	TaskExampleProcess	8	OK	PSTATE	TRANSITION_EXIT	MyStart	
2016-05-16	15:05:32	-0300	63e1cd1d-f33c-4467-be0a-e7a47a78a22b	2	TaskExampleProcess	0	OK	PSTATE	TRANSITION_ENTER	MyTask	
2016-05-16	15:05:32	-0300	63e1cd1d-f33c-4467-be0a-e7a47a78a22b	2	Process State Start	0	OK	PROCESS_STATE_START	CUSTOM	TaskExampleProcess::myId	MyTask
2016-05-16	15:05:32	-0300	63e1cd1d-f33c-4467-be0a-e7a47a78a22b	2	TaskExampleProcess	0	OK	PSTATE	TRANSITION_EXIT	MyTask	
2016-05-16	15:06:22	-0300	a2a84b9b-5d6f-410e-945b-b20484650c2e	1	TaskExampleProcess	0	OK	PSTATE	TRANSITION_ENTER	MyStart	
2016-05-16	15:06:22	-0300	a2a84b9b-5d6f-410e-945b-b20484650c2e	1	Process Start	12	OK	PROCESS_START	CUSTOM	TaskExampleProcess::myId	MyStart
2016-05-16	15:06:22	-0300	a2a84b9b-5d6f-410e-945b-b20484650c2e	1	TaskExampleProcess	16	OK	PSTATE	TRANSITION_EXIT	MyStart	
2016-05-16	15:06:22	-0300	33c7bcba-ae77-4834-9dae-c0de4859f47d	2	TaskExampleProcess	0	OK	PSTATE	TRANSITION_ENTER	MyTask	
2016-05-16	15:06:22	-0300	33c7bcba-ae77-4834-9dae-c0de4859f47d	2	Process State Start	1	OK	PROCESS_STATE_START	CUSTOM	TaskExampleProcess::myId	MyTask
2016-05-16	15:06:22	-0300	33c7bcba-ae77-4834-9dae-c0de4859f47d	2	TaskExampleProcess	3	OK	PSTATE	TRANSITION_EXIT	MyTask	
2016-05-16	15:07:16	-0300	779524f4-cbee-47ba-bf43-6b530f8f2bb9	1	TaskExampleProcess	0	OK	PSTATE	TRANSITION_ENTER	MyStart	
2016-05-16	15:07:16	-0300	779524f4-cbee-47ba-bf43-6b530f8f2bb9	1	Process Start	0	OK	PROCESS_START	CUSTOM	TaskExampleProcess::myId	MyStart
2016-05-16	15:07:16	-0300	779524f4-cbee-47ba-bf43-6b530f8f2bb9	1	TaskExampleProcess	10	OK	PSTATE	TRANSITION_EXIT	MyStart	
2016-05-16	15:07:16	-0300	a1bc1ab5-a290-4ff4-b914-a713dfbe9c41	2	TaskExampleProcess	0	OK	PSTATE	TRANSITION_ENTER	MyTask	
2016-05-16	15:07:16	-0300	a1bc1ab5-a290-4ff4-b914-a713dfbe9c41	2	Process State Start	10	OK	PROCESS_STATE_START	CUSTOM	TaskExampleProcess::myId	MyTask
2016-05-16	15:07:16	-0300	a1bc1ab5-a290-4ff4-b914-a713dfbe9c41	2	TaskExampleProcess	10	OK	PSTATE	TRANSITION_EXIT	MyTask	
2016-05-16	15:07:51	-0300	9057e442-d489-4651-8308-e323cd2427ba	1	TaskExampleProcess	0	OK	PSTATE	TRANSITION_ENTER	MyStart	
2016-05-16	15:07:51	-0300	9057e442-d489-4651-8308-e323cd2427ba	1	Process Start	6	OK	PROCESS_START	CUSTOM	TaskExampleProcess::myId	MyStart
2016-05-16	15:07:51	-0300	9057e442-d489-4651-8308-e323cd2427ba	1	TaskExampleProcess	10	OK	PSTATE	TRANSITION_EXIT	MyStart	
2016-05-16	15:07:51	-0300	64ec34bb-8142-4421-a436-a7a24f8009d4	2	TaskExampleProcess	0	OK	PSTATE	TRANSITION_ENTER	MyTask	
2016-05-16	15:07:51	-0300	64ec34bb-8142-4421-a436-a7a24f8009d4	2	Process State Start	2	OK	PROCESS_STATE_START	CUSTOM	TaskExampleProcess::myId	MyTask
2016-05-16	15:07:51	-0300	64ec34bb-8142-4421-a436-a7a24f8009d4	2	TaskExampleProcess	3	OK	PSTATE	TRANSITION_EXIT	MyTask	
2016-05-16	15:09:02	-0300	3f58141d-c01c-4e42-bd7b-69a272ce7610	1	TaskExampleProcess	0	OK	PSTATE	TRANSITION_ENTER	MyStart	
2016-05-16	15:09:02	-0300	3f58141d-c01c-4e42-bd7b-69a272ce7610	1	Process Start	6	OK	PROCESS_START	CUSTOM	TaskExampleProcess::myId	MyStart
2016-05-16	15:09:02	-0300	3f58141d-c01c-4e42-bd7b-69a272ce7610	1	TaskExampleProcess	9	OK	PSTATE	TRANSITION_EXIT	MyStart	
2016-05-16	15:09:02	-0300	0c8a98e2-f1b5-47f0-af4f-39f3f6524acf	2	TaskExampleProcess	0	OK	PSTATE	TRANSITION_ENTER	MyTask	
2016-05-16	15:09:02	-0300	0c8a98e2-f1b5-47f0-af4f-39f3f6524acf	2	Process State Start	1	OK	PROCESS_STATE_START	CUSTOM	TaskExampleProcess::myId	MyTask
2016-05-16	15:09:02	-0300	0c8a98e2-f1b5-47f0-af4f-39f3f6524acf	2	TaskExampleProcess	3	OK	PSTATE	TRANSITION_EXIT	MyTask	
2016-05-16	15:10:00	-0300	ba89cc06-cdf6-46e4-a570-94f4927ba977	1	TaskExampleProcess	0	OK	PSTATE	TRANSITION_ENTER	MyStart	
2016-05-16	15:10:00	-0300	ba89cc06-cdf6-46e4-a570-94f4927ba977	1	Process Start	6	OK	PROCESS_START	CUSTOM	TaskExampleProcess::myId	MyStart
2016-05-16	15:10:00	-0300	ba89cc06-cdf6-46e4-a570-94f4927ba977	1	TaskExampleProcess	10	OK	PSTATE	TRANSITION_EXIT	MyStart	
2016-05-16	15:10:00	-0300	4d4385b7-1c68-4972-b32e-aa298de6f3a9	2	TaskExampleProcess	0	OK	PSTATE	TRANSITION_ENTER	MyTask	
2016-05-16	15:10:00	-0300	4d4385b7-1c68-4972-b32e-aa298de6f3a9	2	Process State Start	2	OK	PROCESS_STATE_START	CUSTOM	TaskExampleProcess::myId	MyTask
2016-05-16	15:10:00	-0300	4d4385b7-1c68-4972-b32e-aa298de6f3a9	2	TaskExampleProcess	4	OK	PSTATE	TRANSITION_EXIT	MyTask	
2016-05-16	15:10:49	-0300	8f723873-3068-4ea5-8d8a-a78b2d589110	1	TaskExampleProcess	0	OK	PSTATE	TRANSITION_ENTER	MyStart	
2016-05-16	15:10:49	-0300	8f723873-3068-4ea5-8d8a-a78b2d589110	1	Process Start	9	OK	PROCESS_START	CUSTOM	TaskExampleProcess::myId	MyStart
2016-05-16	15:10:49	-0300	8f723873-3068-4ea5-8d8a-a78b2d589110	1	TaskExampleProcess	12	OK	PSTATE	TRANSITION_EXIT	MyStart	
2016-05-16	15:10:50	-0300	39c3e8cd-4e84-4fe0-a1a7-3e86ef48d220	2	TaskExampleProcess	0	OK	PSTATE	TRANSITION_ENTER	MyTask	
2016-05-16	15:10:50	-0300	39c3e8cd-4e84-4fe0-a1a7-3e86ef48d220	2	Process State Start	3	OK	PROCESS_STATE_START	CUSTOM	TaskExampleProcess::myId	MyTask
2016-05-16	15:10:50	-0300	39c3e8cd-4e84-4fe0-a1a7-3e86ef48d220	2	TaskExampleProcess	4	OK	PSTATE	TRANSITION_EXIT	MyTask	
2016-05-16	15:11:51	-0300	a8091f92-219a-4e8b-9a83-a4383f995cdd	1	TaskExampleProcess	0	OK	PSTATE	TRANSITION_ENTER	MyStart	
2016-05-16	15:11:51	-0300	a8091f92-219a-4e8b-9a83-a4383f995cdd	1	Process Start	5	OK	PROCESS_START	CUSTOM	TaskExampleProcess::myId	MyStart
2016-05-16	15:11:51	-0300	a8091f92-219a-4e8b-9a83-a4383f995cdd	1	TaskExampleProcess	8	OK	PSTATE	TRANSITION_EXIT	MyStart	
2016-05-16	15:11:51	-0300	c7cfc3d6-74fa-41b0-8b3a-df36f5c04eba	2	TaskExampleProcess	0	OK	PSTATE	TRANSITION_ENTER	MyTask	
2016-05-16	15:11:51	-0300	c7cfc3d6-74fa-41b0-8b3a-df36f5c04eba	2	Process State Start	3	OK	PROCESS_STATE_START	CUSTOM	TaskExampleProcess::myId	MyTask
2016-05-16	15:11:51	-0300	c7cfc3d6-74fa-41b0-8b3a-df36f5c04eba	2	TaskExampleProcess	4	OK	PSTATE	TRANSITION_EXIT	MyTask	
2016-05-16	15:12:26	-0300	d7d92c21-caa3-443a-b2e5-6db87b76a9c7	1	TaskExampleProcess	0	OK	PSTATE	TRANSITION_ENTER	MyStart	
2016-05-16	15:12:26	-0300	d7d92c21-caa3-443a-b2e5-6db87b76a9c7	1	Process Start	5	OK	PROCESS_START	CUSTOM	TaskExampleProcess::myId	MyStart
2016-05-16	15:12:26	-0300	d7d92c21-caa3-443a-b2e5-6db87b76a9c7	1	TaskExampleProcess	8	OK	PSTATE	TRANSITION_EXIT	MyStart	
2016-05-16	15:12:26	-0300	aa217048-2f6c-4ff4-9179-492a661f97cd	2	TaskExampleProcess	0	OK	PSTATE	TRANSITION_ENTER	MyTask	
2016-05-16	15:12:26	-0300	aa217048-2f6c-4ff4-9179-492a661f97cd	2	Process State Start	10	OK	PROCESS_STATE_START	CUSTOM	TaskExampleProcess::myId	MyTask
2016-05-16	15:12:26	-0300	aa217048-2f6c-4ff4-9179-492a661f97cd	2	TaskExampleProcess	10	OK	PSTATE	TRANSITION_EXIT	MyTask	
2016-05-16	15:25:22	-0300	eff28612-9c0a-408a-942e-34a93408eb91	1	TaskExampleProcess	0	OK	PSTATE	TRANSITION_ENTER	MyStart	
2016-05-16	15:25:22	-0300	eff28612-9c0a-408a-942e-34a93408eb91	1	Process Start	10	OK	PROCESS_START	CUSTOM	TaskExampleProcess::myId	MyStart
2016-05-16	15:25:22	-0300	eff28612-9c0a-408a-942e-34a93408eb91	1	TaskExampleProcess	10	OK	PSTATE	TRANSITION_EXIT	MyStart	
2016-05-16	15:25:22	-0300	cb209091-08ef-44f5-9298-55016a6c9fe7	2	TaskExampleProcess	0	OK	PSTATE	TRANSITION_ENTER	MyTask	
2016-05-16	15:25:22	-0300	cb209091-08ef-44f5-9298-55016a6c9fe7	2	Process State Start	2	OK	PROCESS_STATE_START	CUSTOM	TaskExampleProcess::myId	MyTask
2016-05-16	15:25:22	-0300	cb209091-08ef-44f5-9298-55016a6c9fe7	2	TaskExampleProcess	3	OK	PSTATE	TRANSITION_EXIT	MyTask	
2016-05-16	15:27:53	-0300	cac72d79-6076-4bb8-973d-fc4203571655	1	TaskExampleProcess	0	OK	PSTATE	TRANSITION_ENTER	MyStart	
2016-05-16	15:27:53	-0300	cac72d79-6076-4bb8-973d-fc4203571655	1	Process Start	5	OK	PROCESS_START	CUSTOM	TaskExampleProcess::myId	MyStart
2016-05-16	15:27:53	-0300	cac72d79-6076-4bb8-973d-fc4203571655	1	TaskExampleProcess	8	OK	PSTATE	TRANSITION_EXIT	MyStart	
2016-05-16	15:27:53	-0300	066e3e5b-f190-4a6b-bb3b-ef1723956aaf	2	TaskExampleProcess	0	OK	PSTATE	TRANSITION_ENTER	MyTask	
2016-05-16	15:27:53	-0300	066e3e5b-f190-4a6b-bb3b-ef1723956aaf	2	Process State Start	1	OK	PROCESS_STATE_START	CUSTOM	TaskExampleProcess::myId	MyTask
2016-05-16	15:27:53	-0300	066e3e5b-f190-4a6b-bb3b-ef1723956aaf	2	TaskExampleProcess	2	OK	PSTATE	TRANSITION_EXIT	MyTask	
2016-05-16	15:30:35	-0300	2485dcb0-3808-4bb9-9288-0f3a8537d95b	1	TaskExampleProcess	0	OK	PSTATE	TRANSITION_ENTER	MyStart	
2016-05-16	15:30:35	-0300	2485dcb0-3808-4bb9-9288-0f3a8537d95b	1	Process Start	5	OK	PROCESS_START	CUSTOM	TaskExampleProcess::myId	MyStart
2016-05-16	15:30:35	-0300	2485dcb0-3808-4bb9-9288-0f3a8537d95b	1	TaskExampleProcess	8	OK	PSTATE	TRANSITION_EXIT	MyStart	
2016-05-16	15:30:35	-0300	2098e37c-8ad2-401d-9020-cad1e5cc39c7	2	TaskExampleProcess	0	OK	PSTATE	TRANSITION_ENTER	MyTask	
2016-05-16	15:30:35	-0300	2098e37c-8ad2-401d-9020-cad1e5cc39c7	2	Process State Start	1	OK	PROCESS_STATE_START	CUSTOM	TaskExampleProcess::myId	MyTask
2016-05-16	15:30:35	-0300	2098e37c-8ad2-401d-9020-cad1e5cc39c7	2	TaskExampleProcess	2	OK	PSTATE	TRANSITION_EXIT	MyTask	
2016-05-16	15:39:12	-0300	ca543435-2f18-47c9-b2c7-1cc023689ce7	3	TaskExampleProcess	0	OK	PSTATE	TRANSITION_ENTER	MyTaskDone	
2016-05-16	15:39:12	-0300	ca543435-2f18-47c9-b2c7-1cc023689ce7	3	Process State End	3	OK	PROCESS_STATE_END	CUSTOM	TaskExampleProcess::myId	MyTask
2016-05-16	15:39:12	-0300	ca543435-2f18-47c9-b2c7-1cc023689ce7	3	TaskExampleProcess	4	OK	PSTATE	TRANSITION_EXIT	MyTaskDone	
2016-05-16	15:39:12	-0300	7dc6d971-1100-47c4-9168-e9b170087359	4	TaskExampleProcess	0	OK	PSTATE	TRANSITION_ENTER	MyEnd	
2016-05-16	15:39:12	-0300	7dc6d971-1100-47c4-9168-e9b170087359	4	Process End	1	OK	PROCESS_END	CUSTOM	TaskExampleProcess::myId	MyEnd
2016-05-16	15:39:12	-0300	7dc6d971-1100-47c4-9168-e9b170087359	4	TaskExampleProcess	2	OK	PSTATE	TRANSITION_EXIT	MyEnd	
2016-05-16	15:41:26	-0300	3dd30ea6-55f8-4bc6-b242-dff15cb2ffde	1	TaskExampleProcess	0	OK	PSTATE	TRANSITION_ENTER	MyStart	
2016-05-16	15:41:26	-0300	3dd30ea6-55f8-4bc6-b242-dff15cb2ffde	1	Process Start	4	OK	PROCESS_START	CUSTOM	TaskExampleProcess::myId	MyStart
2016-05-16	15:41:26	-0300	3dd30ea6-55f8-4bc6-b242-dff15cb2ffde	1	TaskExampleProcess	9	OK	PSTATE	TRANSITION_EXIT	MyStart	
2016-05-16	15:41:26	-0300	d3933ea2-b9e7-46f8-adb5-eab6859b2aa5	2	TaskExampleProcess	0	OK	PSTATE	TRANSITION_ENTER	MyTask	
2016-05-16	15:41:26	-0300	d3933ea2-b9e7-46f8-adb5-eab6859b2aa5	2	Process State Start	1	OK	PROCESS_STATE_START	CUSTOM	TaskExampleProcess::myId	MyTask
2016-05-16	15:41:26	-0300	d3933ea2-b9e7-46f8-adb5-eab6859b2aa5	2	TaskExampleProcess	2	OK	PSTATE	TRANSITION_EXIT	MyTask	
2016-05-16	15:41:46	-0300	1e9e4dba-f6ee-4dd7-a81a-6bb7433f658c	3	TaskExampleProcess	0	OK	PSTATE	TRANSITION_ENTER	MyTaskDone	
2016-05-16	15:41:46	-0300	1e9e4dba-f6ee-4dd7-a81a-6bb7433f658c	3	Process State End	1	OK	PROCESS_STATE_END	CUSTOM	TaskExampleProcess::myId	MyTask
2016-05-16	15:41:46	-0300	1e9e4dba-f6ee-4dd7-a81a-6bb7433f658c	3	TaskExampleProcess	2	OK	PSTATE	TRANSITION_EXIT	MyTaskDone	
2016-05-16	15:41:46	-0300	54a364a6-3ff1-4ed8-8188-253cfb948643	4	TaskExampleProcess	0	OK	PSTATE	TRANSITION_ENTER	MyEnd	
2016-05-16	15:41:46	-0300	54a364a6-3ff1-4ed8-8188-253cfb948643	4	Process End	1	OK	PROCESS_END	CUSTOM	TaskExampleProcess::myId	MyEnd
2016-05-16	15:41:46	-0300	54a364a6-3ff1-4ed8-8188-253cfb948643	4	TaskExampleProcess	2	OK	PSTATE	TRANSITION_EXIT	MyEnd	
2016-05-16	16:37:07	-0300	60af8261-151f-4ee4-b685-c9a60aae2cee	1	TaskExampleProcess	0	OK	PSTATE	TRANSITION_ENTER	MyStart	
2016-05-16	16:37:07	-0300	60af8261-151f-4ee4-b685-c9a60aae2cee	1	Process Start	12	OK	PROCESS_START	CUSTOM	TaskExampleProcess::myId	MyStart
2016-05-16	16:37:07	-0300	60af8261-151f-4ee4-b685-c9a60aae2cee	1	TaskExampleProcess	15	OK	PSTATE	TRANSITION_EXIT	MyStart	
2016-05-16	16:37:07	-0300	1897ec94-131b-49da-a4e9-203a4d7acd2c	2	TaskExampleProcess	0	OK	PSTATE	TRANSITION_ENTER	MyTask	
2016-05-16	16:37:07	-0300	1897ec94-131b-49da-a4e9-203a4d7acd2c	2	Process State Start	2	OK	PROCESS_STATE_START	CUSTOM	TaskExampleProcess::myId	MyTask
2016-05-16	16:37:07	-0300	1897ec94-131b-49da-a4e9-203a4d7acd2c	2	TaskExampleProcess	2	OK	PSTATE	TRANSITION_EXIT	MyTask	
2016-05-16	16:39:01	-0300	4314d56f-eaaa-4321-895d-89e6743a5781	1	TaskExampleProcess	0	OK	PSTATE	TRANSITION_ENTER	MyStart	
2016-05-16	16:39:01	-0300	4314d56f-eaaa-4321-895d-89e6743a5781	1	Process Start	4	OK	PROCESS_START	CUSTOM	TaskExampleProcess::myId	MyStart
2016-05-16	16:39:01	-0300	4314d56f-eaaa-4321-895d-89e6743a5781	1	TaskExampleProcess	7	OK	PSTATE	TRANSITION_EXIT	MyStart	
2016-05-16	16:39:01	-0300	83710cf2-1946-471e-ae8b-95edf6a1d15a	2	TaskExampleProcess	0	OK	PSTATE	TRANSITION_ENTER	MyTask	
2016-05-16	16:39:01	-0300	83710cf2-1946-471e-ae8b-95edf6a1d15a	2	Process State Start	2	OK	PROCESS_STATE_START	CUSTOM	TaskExampleProcess::myId	MyTask
2016-05-16	16:39:01	-0300	83710cf2-1946-471e-ae8b-95edf6a1d15a	2	TaskExampleProcess	3	OK	PSTATE	TRANSITION_EXIT	MyTask	
2016-05-16	16:39:12	-0300	edffc2bd-6ff3-4d39-ac7a-ca84198c01f8	3	TaskExampleProcess	0	OK	PSTATE	TRANSITION_ENTER	MyTaskDone	
2016-05-16	16:39:12	-0300	edffc2bd-6ff3-4d39-ac7a-ca84198c01f8	3	Process State End	2	OK	PROCESS_STATE_END	CUSTOM	TaskExampleProcess::myId	MyTask
2016-05-16	16:39:12	-0300	edffc2bd-6ff3-4d39-ac7a-ca84198c01f8	3	TaskExampleProcess	2	OK	PSTATE	TRANSITION_EXIT	MyTaskDone	
2016-05-16	16:39:12	-0300	0c44d227-4b12-4694-a379-6b3f1506686f	4	TaskExampleProcess	0	OK	PSTATE	TRANSITION_ENTER	MyEnd	
2016-05-16	16:39:12	-0300	0c44d227-4b12-4694-a379-6b3f1506686f	4	Process End	1	OK	PROCESS_END	CUSTOM	TaskExampleProcess::myId	MyEnd
2016-05-16	16:39:12	-0300	0c44d227-4b12-4694-a379-6b3f1506686f	4	TaskExampleProcess	1	OK	PSTATE	TRANSITION_EXIT	MyEnd	
2016-05-16	16:52:18	-0300	0741417d-dd94-4bff-b389-0e6952609fad	1	TaskExampleProcess	0	OK	PSTATE	TRANSITION_ENTER	MyStart	
2016-05-16	16:52:18	-0300	0741417d-dd94-4bff-b389-0e6952609fad	1	Process Start	0	OK	PROCESS_START	CUSTOM	TaskExampleProcess::myId	MyStart
2016-05-16	16:52:18	-0300	0741417d-dd94-4bff-b389-0e6952609fad	1	TaskExampleProcess	0	OK	PSTATE	TRANSITION_EXIT	MyStart	
2016-05-16	16:52:18	-0300	ca3b60f6-b535-4068-a7cf-6e572504dc0c	2	TaskExampleProcess	0	OK	PSTATE	TRANSITION_ENTER	MyTask	
2016-05-16	16:52:18	-0300	ca3b60f6-b535-4068-a7cf-6e572504dc0c	2	Process State Start	1	OK	PROCESS_STATE_START	CUSTOM	TaskExampleProcess::myId	MyTask
2016-05-16	16:52:18	-0300	ca3b60f6-b535-4068-a7cf-6e572504dc0c	2	TaskExampleProcess	2	OK	PSTATE	TRANSITION_EXIT	MyTask	
