2016-05-15	14:35:41	-0300	e02419ae-a241-4ff0-9eb2-aafeb889c944	1	GET  processes	0	OK	INTERFACE	SERVICE_ENTER		
2016-05-15	14:35:41	-0300	e02419ae-a241-4ff0-9eb2-aafeb889c944	1	GET  processes	40	OK	INTERFACE	SERVICE_EXIT		
2016-05-15	14:38:35	-0300	5925ac16-dcd2-46a2-bd37-d9fad87741b3	1	GET TaskExampleProcess process	0	OK	INTERFACE	SERVICE_ENTER		
2016-05-15	14:38:35	-0300	5925ac16-dcd2-46a2-bd37-d9fad87741b3	1	GET TaskExampleProcess process	14	OK	INTERFACE	SERVICE_EXIT		
2016-05-15	14:38:58	-0300	861bfe08-015f-4ddc-924a-9ad8fb08376c	2	GET TaskExampleProcess process	0	OK	INTERFACE	SERVICE_ENTER		
2016-05-15	14:38:58	-0300	861bfe08-015f-4ddc-924a-9ad8fb08376c	2	GET TaskExampleProcess process	4	OK	INTERFACE	SERVICE_EXIT		
2016-05-15	14:39:06	-0300	df52c744-1cc8-4318-b48f-555c910546d2	3	GET TaskExampleProcess process	0	OK	INTERFACE	SERVICE_ENTER		
2016-05-15	14:39:06	-0300	df52c744-1cc8-4318-b48f-555c910546d2	3	GET TaskExampleProcess process	1	OK	INTERFACE	SERVICE_EXIT		
2016-05-15	15:07:04	-0300	aec48b14-d634-4fa3-bf2a-2e2b0d3ef13c	1	TaskExampleProcess	0	OK	PSTATE	TRANSITION_ENTER	MyStart	
2016-05-15	15:07:04	-0300	aec48b14-d634-4fa3-bf2a-2e2b0d3ef13c	1	Process Start	6	OK	PROCESS_START	CUSTOM	TaskExampleProcess::null	MyStart
2016-05-15	15:07:04	-0300	aec48b14-d634-4fa3-bf2a-2e2b0d3ef13c	1	TaskExampleProcess	11	OK	PSTATE	TRANSITION_EXIT	MyStart	
2016-05-15	15:07:04	-0300	574137e5-9ff4-4b15-822c-6b23d2ce33a2	2	TaskExampleProcess	0	OK	PSTATE	TRANSITION_ENTER	MyTask	
2016-05-15	15:07:04	-0300	574137e5-9ff4-4b15-822c-6b23d2ce33a2	2	Process State Start	1	OK	PROCESS_STATE_START	CUSTOM	TaskExampleProcess::null	MyTask
2016-05-15	15:07:04	-0300	574137e5-9ff4-4b15-822c-6b23d2ce33a2	2	TaskExampleProcess	3	OK	PSTATE	TRANSITION_EXIT	MyTask	
2016-05-15	15:07:38	-0300	909f6671-f630-4127-9548-b691874dc057	1	TaskExampleProcess	0	OK	PSTATE	TRANSITION_ENTER	MyStart	
2016-05-15	15:07:38	-0300	909f6671-f630-4127-9548-b691874dc057	1	Process Start	12	OK	PROCESS_START	CUSTOM	TaskExampleProcess::null	MyStart
2016-05-15	15:07:38	-0300	909f6671-f630-4127-9548-b691874dc057	1	TaskExampleProcess	18	OK	PSTATE	TRANSITION_EXIT	MyStart	
2016-05-15	15:07:38	-0300	c84296af-7e20-43fd-8740-e434b5ac41d4	2	TaskExampleProcess	0	OK	PSTATE	TRANSITION_ENTER	MyTask	
2016-05-15	15:07:38	-0300	c84296af-7e20-43fd-8740-e434b5ac41d4	2	Process State Start	2	OK	PROCESS_STATE_START	CUSTOM	TaskExampleProcess::null	MyTask
2016-05-15	15:07:38	-0300	c84296af-7e20-43fd-8740-e434b5ac41d4	2	TaskExampleProcess	4	OK	PSTATE	TRANSITION_EXIT	MyTask	
2016-05-15	15:08:10	-0300	b3d63f59-49ae-42ae-b200-c4c89ee5b899	1	TaskExampleProcess	0	OK	PSTATE	TRANSITION_ENTER	MyStart	
2016-05-15	15:08:10	-0300	b3d63f59-49ae-42ae-b200-c4c89ee5b899	1	Process Start	15	OK	PROCESS_START	CUSTOM	TaskExampleProcess::null	MyStart
2016-05-15	15:08:10	-0300	b3d63f59-49ae-42ae-b200-c4c89ee5b899	1	TaskExampleProcess	21	OK	PSTATE	TRANSITION_EXIT	MyStart	
2016-05-15	15:08:10	-0300	4c177990-19c5-4e54-a097-18a4fe82a4e5	2	TaskExampleProcess	0	OK	PSTATE	TRANSITION_ENTER	MyTask	
2016-05-15	15:08:10	-0300	4c177990-19c5-4e54-a097-18a4fe82a4e5	2	Process State Start	3	OK	PROCESS_STATE_START	CUSTOM	TaskExampleProcess::null	MyTask
2016-05-15	15:08:10	-0300	4c177990-19c5-4e54-a097-18a4fe82a4e5	2	TaskExampleProcess	5	OK	PSTATE	TRANSITION_EXIT	MyTask	
2016-05-15	15:08:31	-0300	e96fe99a-ccf3-42d0-97a7-d1921a42f4eb	1	TaskExampleProcess	0	OK	PSTATE	TRANSITION_ENTER	MyStart	
2016-05-15	15:08:31	-0300	e96fe99a-ccf3-42d0-97a7-d1921a42f4eb	1	Process Start	6	OK	PROCESS_START	CUSTOM	TaskExampleProcess::null	MyStart
2016-05-15	15:08:31	-0300	e96fe99a-ccf3-42d0-97a7-d1921a42f4eb	1	TaskExampleProcess	10	OK	PSTATE	TRANSITION_EXIT	MyStart	
2016-05-15	15:08:31	-0300	72cf3bb1-ea31-48b6-bfc4-3007f5949025	2	TaskExampleProcess	0	OK	PSTATE	TRANSITION_ENTER	MyTask	
2016-05-15	15:08:31	-0300	72cf3bb1-ea31-48b6-bfc4-3007f5949025	2	Process State Start	2	OK	PROCESS_STATE_START	CUSTOM	TaskExampleProcess::null	MyTask
2016-05-15	15:08:31	-0300	72cf3bb1-ea31-48b6-bfc4-3007f5949025	2	TaskExampleProcess	3	OK	PSTATE	TRANSITION_EXIT	MyTask	
2016-05-15	15:17:15	-0300	81782340-b36a-448d-94ca-1822693a2a9f	1	TaskExampleProcess	0	OK	PSTATE	TRANSITION_ENTER	MyStart	
2016-05-15	15:17:15	-0300	81782340-b36a-448d-94ca-1822693a2a9f	1	Process Start	9	OK	PROCESS_START	CUSTOM	TaskExampleProcess::null	MyStart
2016-05-15	15:17:15	-0300	81782340-b36a-448d-94ca-1822693a2a9f	1	TaskExampleProcess	15	OK	PSTATE	TRANSITION_EXIT	MyStart	
2016-05-15	15:17:15	-0300	c65064ec-9598-42dc-bb0c-68f023ba46e4	2	TaskExampleProcess	0	OK	PSTATE	TRANSITION_ENTER	MyTask	
2016-05-15	15:17:15	-0300	c65064ec-9598-42dc-bb0c-68f023ba46e4	2	Process State Start	3	OK	PROCESS_STATE_START	CUSTOM	TaskExampleProcess::null	MyTask
2016-05-15	15:17:15	-0300	c65064ec-9598-42dc-bb0c-68f023ba46e4	2	TaskExampleProcess	5	OK	PSTATE	TRANSITION_EXIT	MyTask	
2016-05-15	15:18:09	-0300	d17213c1-66ee-4167-b01a-e1945730a44f	1	TaskExampleProcess	0	OK	PSTATE	TRANSITION_ENTER	MyStart	
2016-05-15	15:18:09	-0300	d17213c1-66ee-4167-b01a-e1945730a44f	1	Process Start	8	OK	PROCESS_START	CUSTOM	TaskExampleProcess::null	MyStart
2016-05-15	15:18:09	-0300	d17213c1-66ee-4167-b01a-e1945730a44f	1	TaskExampleProcess	14	OK	PSTATE	TRANSITION_EXIT	MyStart	
2016-05-15	15:18:09	-0300	7de4ba7c-0aa6-4243-a3fa-4405b3e02b3f	2	TaskExampleProcess	0	OK	PSTATE	TRANSITION_ENTER	MyTask	
2016-05-15	15:18:09	-0300	7de4ba7c-0aa6-4243-a3fa-4405b3e02b3f	2	Process State Start	7	OK	PROCESS_STATE_START	CUSTOM	TaskExampleProcess::null	MyTask
2016-05-15	15:18:09	-0300	7de4ba7c-0aa6-4243-a3fa-4405b3e02b3f	2	TaskExampleProcess	9	OK	PSTATE	TRANSITION_EXIT	MyTask	
2016-05-15	15:20:00	-0300	591c0775-d02c-4a68-bd74-5311ea796bbe	1	TaskExampleProcess	0	OK	PSTATE	TRANSITION_ENTER	MyStart	
2016-05-15	15:20:00	-0300	591c0775-d02c-4a68-bd74-5311ea796bbe	1	Process Start	8	OK	PROCESS_START	CUSTOM	TaskExampleProcess::null	MyStart
2016-05-15	15:20:00	-0300	591c0775-d02c-4a68-bd74-5311ea796bbe	1	TaskExampleProcess	27	OK	PSTATE	TRANSITION_EXIT	MyStart	
2016-05-15	15:20:00	-0300	87806861-2a12-41bc-bdc6-c268bc07c46e	2	TaskExampleProcess	0	OK	PSTATE	TRANSITION_ENTER	MyTask	
2016-05-15	15:20:00	-0300	87806861-2a12-41bc-bdc6-c268bc07c46e	2	Process State Start	3	OK	PROCESS_STATE_START	CUSTOM	TaskExampleProcess::null	MyTask
2016-05-15	15:20:00	-0300	87806861-2a12-41bc-bdc6-c268bc07c46e	2	TaskExampleProcess	6	OK	PSTATE	TRANSITION_EXIT	MyTask	
2016-05-15	15:20:33	-0300	fbd7a236-9624-45ef-b21a-f8a4f34495e5	1	TaskExampleProcess	0	OK	PSTATE	TRANSITION_ENTER	MyStart	
2016-05-15	15:20:33	-0300	fbd7a236-9624-45ef-b21a-f8a4f34495e5	1	Process Start	8	OK	PROCESS_START	CUSTOM	TaskExampleProcess::null	MyStart
2016-05-15	15:20:33	-0300	fbd7a236-9624-45ef-b21a-f8a4f34495e5	1	TaskExampleProcess	63	OK	PSTATE	TRANSITION_EXIT	MyStart	
2016-05-15	15:20:33	-0300	9611f35b-8f27-4f39-8d36-0a55bc818aef	2	TaskExampleProcess	0	OK	PSTATE	TRANSITION_ENTER	MyTask	
2016-05-15	15:20:33	-0300	9611f35b-8f27-4f39-8d36-0a55bc818aef	2	Process State Start	2	OK	PROCESS_STATE_START	CUSTOM	TaskExampleProcess::null	MyTask
2016-05-15	15:20:33	-0300	9611f35b-8f27-4f39-8d36-0a55bc818aef	2	TaskExampleProcess	3	OK	PSTATE	TRANSITION_EXIT	MyTask	
2016-05-15	15:21:16	-0300	2bbf7e28-38e4-433c-98cd-5fe397e15bc9	1	TaskExampleProcess	0	OK	PSTATE	TRANSITION_ENTER	MyStart	
2016-05-15	15:21:16	-0300	2bbf7e28-38e4-433c-98cd-5fe397e15bc9	1	Process Start	6	OK	PROCESS_START	CUSTOM	TaskExampleProcess::null	MyStart
2016-05-15	15:21:16	-0300	2bbf7e28-38e4-433c-98cd-5fe397e15bc9	1	TaskExampleProcess	55	OK	PSTATE	TRANSITION_EXIT	MyStart	
2016-05-15	15:21:16	-0300	05aa09ec-3795-4be6-b588-f9e41cded26f	2	TaskExampleProcess	0	OK	PSTATE	TRANSITION_ENTER	MyTask	
2016-05-15	15:21:16	-0300	05aa09ec-3795-4be6-b588-f9e41cded26f	2	Process State Start	1	OK	PROCESS_STATE_START	CUSTOM	TaskExampleProcess::null	MyTask
2016-05-15	15:21:16	-0300	05aa09ec-3795-4be6-b588-f9e41cded26f	2	TaskExampleProcess	3	OK	PSTATE	TRANSITION_EXIT	MyTask	
2016-05-15	15:22:56	-0300	6b0d1d10-870c-4483-8d25-3c6fccc28af3	1	TaskExampleProcess	0	OK	PSTATE	TRANSITION_ENTER	MyStart	
2016-05-15	15:22:56	-0300	6b0d1d10-870c-4483-8d25-3c6fccc28af3	1	Process Start	6	OK	PROCESS_START	CUSTOM	TaskExampleProcess::null	MyStart
2016-05-15	15:22:56	-0300	6b0d1d10-870c-4483-8d25-3c6fccc28af3	1	TaskExampleProcess	48	OK	PSTATE	TRANSITION_EXIT	MyStart	
2016-05-15	15:22:56	-0300	81d64077-416b-441a-900c-7ee708ca3b77	2	TaskExampleProcess	0	OK	PSTATE	TRANSITION_ENTER	MyTask	
2016-05-15	15:22:56	-0300	81d64077-416b-441a-900c-7ee708ca3b77	2	Process State Start	7	OK	PROCESS_STATE_START	CUSTOM	TaskExampleProcess::null	MyTask
2016-05-15	15:22:56	-0300	81d64077-416b-441a-900c-7ee708ca3b77	2	TaskExampleProcess	8	OK	PSTATE	TRANSITION_EXIT	MyTask	
2016-05-15	15:31:59	-0300	f7ab444c-4df8-4791-9496-8fbd207e5156	1	TaskExampleProcess	0	OK	PSTATE	TRANSITION_ENTER	MyStart	
2016-05-15	15:31:59	-0300	f7ab444c-4df8-4791-9496-8fbd207e5156	1	Process Start	5	OK	PROCESS_START	CUSTOM	TaskExampleProcess::null	MyStart
2016-05-15	15:31:59	-0300	f7ab444c-4df8-4791-9496-8fbd207e5156	1	TaskExampleProcess	45	OK	PSTATE	TRANSITION_EXIT	MyStart	
2016-05-15	15:31:59	-0300	14ecac6b-8b09-4d4e-856f-9f3c3fe6cc8e	2	TaskExampleProcess	0	OK	PSTATE	TRANSITION_ENTER	MyTask	
2016-05-15	15:31:59	-0300	14ecac6b-8b09-4d4e-856f-9f3c3fe6cc8e	2	Process State Start	2	OK	PROCESS_STATE_START	CUSTOM	TaskExampleProcess::null	MyTask
2016-05-15	15:31:59	-0300	14ecac6b-8b09-4d4e-856f-9f3c3fe6cc8e	2	TaskExampleProcess	3	OK	PSTATE	TRANSITION_EXIT	MyTask	
2016-05-15	15:32:33	-0300	1f022991-7679-4388-bd6e-d58bd8b23917	1	TaskExampleProcess	0	OK	PSTATE	TRANSITION_ENTER	MyStart	
2016-05-15	15:32:33	-0300	1f022991-7679-4388-bd6e-d58bd8b23917	1	Process Start	7	OK	PROCESS_START	CUSTOM	TaskExampleProcess::null	MyStart
2016-05-15	15:32:33	-0300	1f022991-7679-4388-bd6e-d58bd8b23917	1	TaskExampleProcess	58	OK	PSTATE	TRANSITION_EXIT	MyStart	
2016-05-15	15:32:33	-0300	551a7f8f-e1f7-4695-9e8c-a78a54a9a2de	2	TaskExampleProcess	0	OK	PSTATE	TRANSITION_ENTER	MyTask	
2016-05-15	15:32:33	-0300	551a7f8f-e1f7-4695-9e8c-a78a54a9a2de	2	Process State Start	5	OK	PROCESS_STATE_START	CUSTOM	TaskExampleProcess::null	MyTask
2016-05-15	15:32:33	-0300	551a7f8f-e1f7-4695-9e8c-a78a54a9a2de	2	TaskExampleProcess	7	OK	PSTATE	TRANSITION_EXIT	MyTask	
2016-05-15	15:36:24	-0300	e10ce9a7-fdbd-4ed3-b187-a4774c2bd557	1	TaskExampleProcess	0	OK	PSTATE	TRANSITION_ENTER	MyStart	
2016-05-15	15:36:24	-0300	e10ce9a7-fdbd-4ed3-b187-a4774c2bd557	1	Process Start	7	OK	PROCESS_START	CUSTOM	TaskExampleProcess::null	MyStart
2016-05-15	15:36:24	-0300	e10ce9a7-fdbd-4ed3-b187-a4774c2bd557	1	TaskExampleProcess	12	OK	PSTATE	TRANSITION_EXIT	MyStart	
2016-05-15	15:36:24	-0300	07b2c3f8-211c-4f7b-a263-a7986f5402e8	2	TaskExampleProcess	0	OK	PSTATE	TRANSITION_ENTER	MyTask	
2016-05-15	15:36:24	-0300	07b2c3f8-211c-4f7b-a263-a7986f5402e8	2	Process State Start	2	OK	PROCESS_STATE_START	CUSTOM	TaskExampleProcess::null	MyTask
2016-05-15	15:36:24	-0300	07b2c3f8-211c-4f7b-a263-a7986f5402e8	2	TaskExampleProcess	3	OK	PSTATE	TRANSITION_EXIT	MyTask	
2016-05-15	15:36:24	-0300	b76ad362-c85d-4079-a8c6-008ee9c3f0da	3	TaskExampleProcess	0	OK	PSTATE	TRANSITION_ENTER	MyTaskDone	
2016-05-15	15:36:24	-0300	b76ad362-c85d-4079-a8c6-008ee9c3f0da	3	Process State End	2	OK	PROCESS_STATE_END	CUSTOM	TaskExampleProcess::null	MyTask
2016-05-15	15:36:24	-0300	b76ad362-c85d-4079-a8c6-008ee9c3f0da	3	TaskExampleProcess	3	OK	PSTATE	TRANSITION_EXIT	MyTaskDone	
2016-05-15	15:36:24	-0300	d6eb50d8-cd96-4844-a40f-f47363d647e8	4	TaskExampleProcess	0	OK	PSTATE	TRANSITION_ENTER	MyEnd	
2016-05-15	15:36:24	-0300	d6eb50d8-cd96-4844-a40f-f47363d647e8	4	Process End	1	OK	PROCESS_END	CUSTOM	TaskExampleProcess::null	MyEnd
2016-05-15	15:36:24	-0300	d6eb50d8-cd96-4844-a40f-f47363d647e8	4	TaskExampleProcess	2	OK	PSTATE	TRANSITION_EXIT	MyEnd	
2016-05-15	15:48:31	-0300	25907cfb-78d4-4e26-859c-ecbcbc5d0b82	1	TaskExampleProcess	0	OK	PSTATE	TRANSITION_ENTER	MyStart	
2016-05-15	15:48:31	-0300	25907cfb-78d4-4e26-859c-ecbcbc5d0b82	1	Process Start	62	OK	PROCESS_START	CUSTOM	TaskExampleProcess::myId	MyStart
2016-05-15	15:48:31	-0300	25907cfb-78d4-4e26-859c-ecbcbc5d0b82	1	TaskExampleProcess	62	OK	PSTATE	TRANSITION_EXIT	MyStart	
2016-05-15	15:48:31	-0300	35282f32-dc4c-4539-8ae3-cece4af2565a	2	TaskExampleProcess	0	OK	PSTATE	TRANSITION_ENTER	MyTask	
2016-05-15	15:48:31	-0300	35282f32-dc4c-4539-8ae3-cece4af2565a	2	Process State Start	0	OK	PROCESS_STATE_START	CUSTOM	TaskExampleProcess::myId	MyTask
2016-05-15	15:48:31	-0300	35282f32-dc4c-4539-8ae3-cece4af2565a	2	TaskExampleProcess	0	OK	PSTATE	TRANSITION_EXIT	MyTask	
2016-05-15	15:49:48	-0300	c45519c5-9d91-46de-a6b3-2cde0428c24f	1	TaskExampleProcess	0	OK	PSTATE	TRANSITION_ENTER	MyStart	
2016-05-15	15:49:48	-0300	c45519c5-9d91-46de-a6b3-2cde0428c24f	1	Process Start	5	OK	PROCESS_START	CUSTOM	TaskExampleProcess::myId	MyStart
2016-05-15	15:49:48	-0300	c45519c5-9d91-46de-a6b3-2cde0428c24f	1	TaskExampleProcess	10	OK	PSTATE	TRANSITION_EXIT	MyStart	
2016-05-15	15:49:48	-0300	6fc0ff1d-cf00-4e2c-b3e2-79efdddf78ea	2	TaskExampleProcess	0	OK	PSTATE	TRANSITION_ENTER	MyTask	
2016-05-15	15:49:48	-0300	6fc0ff1d-cf00-4e2c-b3e2-79efdddf78ea	2	Process State Start	0	OK	PROCESS_STATE_START	CUSTOM	TaskExampleProcess::myId	MyTask
2016-05-15	15:49:48	-0300	6fc0ff1d-cf00-4e2c-b3e2-79efdddf78ea	2	TaskExampleProcess	2	OK	PSTATE	TRANSITION_EXIT	MyTask	
2016-05-15	15:50:34	-0300	567a1686-7201-4dfb-9cbb-f7d77ce9e33e	1	TaskExampleProcess	0	OK	PSTATE	TRANSITION_ENTER	MyStart	
2016-05-15	15:50:34	-0300	567a1686-7201-4dfb-9cbb-f7d77ce9e33e	1	Process Start	0	OK	PROCESS_START	CUSTOM	TaskExampleProcess::myId	MyStart
2016-05-15	15:50:34	-0300	567a1686-7201-4dfb-9cbb-f7d77ce9e33e	1	TaskExampleProcess	0	OK	PSTATE	TRANSITION_EXIT	MyStart	
2016-05-15	15:50:34	-0300	280f0318-5315-4a22-a76d-fc7fb922e5da	2	TaskExampleProcess	0	OK	PSTATE	TRANSITION_ENTER	MyTask	
2016-05-15	15:50:34	-0300	280f0318-5315-4a22-a76d-fc7fb922e5da	2	Process State Start	16	OK	PROCESS_STATE_START	CUSTOM	TaskExampleProcess::myId	MyTask
2016-05-15	15:50:34	-0300	280f0318-5315-4a22-a76d-fc7fb922e5da	2	TaskExampleProcess	16	OK	PSTATE	TRANSITION_EXIT	MyTask	
2016-05-15	15:56:07	-0300	c45ef62e-0437-46e6-acf9-2f8d1bb44b17	1	TaskExampleProcess	0	OK	PSTATE	TRANSITION_ENTER	MyStart	
2016-05-15	15:56:07	-0300	c45ef62e-0437-46e6-acf9-2f8d1bb44b17	1	Process Start	0	OK	PROCESS_START	CUSTOM	TaskExampleProcess::myId	MyStart
2016-05-15	15:56:07	-0300	c45ef62e-0437-46e6-acf9-2f8d1bb44b17	1	TaskExampleProcess	15	OK	PSTATE	TRANSITION_EXIT	MyStart	
2016-05-15	15:56:07	-0300	51558725-8fc5-4cc9-9cd6-3978af988aab	2	TaskExampleProcess	0	OK	PSTATE	TRANSITION_ENTER	MyTask	
2016-05-15	15:56:07	-0300	51558725-8fc5-4cc9-9cd6-3978af988aab	2	Process State Start	0	OK	PROCESS_STATE_START	CUSTOM	TaskExampleProcess::myId	MyTask
2016-05-15	15:56:07	-0300	51558725-8fc5-4cc9-9cd6-3978af988aab	2	TaskExampleProcess	0	OK	PSTATE	TRANSITION_EXIT	MyTask	
2016-05-15	15:58:12	-0300	d3e00808-656f-4b0d-bc95-7d01a6574c42	1	TaskExampleProcess	0	OK	PSTATE	TRANSITION_ENTER	MyStart	
2016-05-15	15:58:12	-0300	d3e00808-656f-4b0d-bc95-7d01a6574c42	1	Process Start	0	OK	PROCESS_START	CUSTOM	TaskExampleProcess::myId	MyStart
2016-05-15	15:58:12	-0300	d3e00808-656f-4b0d-bc95-7d01a6574c42	1	TaskExampleProcess	0	OK	PSTATE	TRANSITION_EXIT	MyStart	
2016-05-15	15:58:12	-0300	7d70ac65-c675-485e-868b-3b9986d74749	2	TaskExampleProcess	0	OK	PSTATE	TRANSITION_ENTER	MyTask	
2016-05-15	15:58:12	-0300	7d70ac65-c675-485e-868b-3b9986d74749	2	Process State Start	3	OK	PROCESS_STATE_START	CUSTOM	TaskExampleProcess::myId	MyTask
2016-05-15	15:58:12	-0300	7d70ac65-c675-485e-868b-3b9986d74749	2	TaskExampleProcess	3	OK	PSTATE	TRANSITION_EXIT	MyTask	
2016-05-15	16:04:46	-0300	e76d6297-6e48-4651-995c-2f2302f00457	1	TaskExampleProcess	0	OK	PSTATE	TRANSITION_ENTER	MyStart	
2016-05-15	16:04:46	-0300	e76d6297-6e48-4651-995c-2f2302f00457	1	Process Start	0	OK	PROCESS_START	CUSTOM	TaskExampleProcess::myId	MyStart
2016-05-15	16:04:46	-0300	e76d6297-6e48-4651-995c-2f2302f00457	1	TaskExampleProcess	0	OK	PSTATE	TRANSITION_EXIT	MyStart	
2016-05-15	16:04:46	-0300	b2ed10f1-963e-4ea7-a2cb-c28d2d922981	2	TaskExampleProcess	0	OK	PSTATE	TRANSITION_ENTER	MyTask	
2016-05-15	16:04:46	-0300	b2ed10f1-963e-4ea7-a2cb-c28d2d922981	2	Process State Start	0	OK	PROCESS_STATE_START	CUSTOM	TaskExampleProcess::myId	MyTask
2016-05-15	16:04:46	-0300	b2ed10f1-963e-4ea7-a2cb-c28d2d922981	2	TaskExampleProcess	0	OK	PSTATE	TRANSITION_EXIT	MyTask	
2016-05-15	16:06:17	-0300	cccf2f52-7aa9-4a06-ad8d-f03c371a40e7	1	TaskExampleProcess	0	OK	PSTATE	TRANSITION_ENTER	MyStart	
2016-05-15	16:06:17	-0300	cccf2f52-7aa9-4a06-ad8d-f03c371a40e7	1	Process Start	15	OK	PROCESS_START	CUSTOM	TaskExampleProcess::myId	MyStart
2016-05-15	16:06:17	-0300	cccf2f52-7aa9-4a06-ad8d-f03c371a40e7	1	TaskExampleProcess	15	OK	PSTATE	TRANSITION_EXIT	MyStart	
2016-05-15	16:06:17	-0300	7eb50042-c91c-4c7d-9589-99b32a5b1466	2	TaskExampleProcess	0	OK	PSTATE	TRANSITION_ENTER	MyTask	
2016-05-15	16:06:17	-0300	7eb50042-c91c-4c7d-9589-99b32a5b1466	2	Process State Start	0	OK	PROCESS_STATE_START	CUSTOM	TaskExampleProcess::myId	MyTask
2016-05-15	16:06:17	-0300	7eb50042-c91c-4c7d-9589-99b32a5b1466	2	TaskExampleProcess	0	OK	PSTATE	TRANSITION_EXIT	MyTask	
2016-05-15	16:11:32	-0300	9b174852-9b5b-4900-bfab-27ae9e8e47f2	1	TaskExampleProcess	0	OK	PSTATE	TRANSITION_ENTER	MyStart	
2016-05-15	16:11:32	-0300	9b174852-9b5b-4900-bfab-27ae9e8e47f2	1	Process Start	0	OK	PROCESS_START	CUSTOM	TaskExampleProcess::myId	MyStart
2016-05-15	16:11:32	-0300	9b174852-9b5b-4900-bfab-27ae9e8e47f2	1	TaskExampleProcess	0	OK	PSTATE	TRANSITION_EXIT	MyStart	
2016-05-15	16:11:32	-0300	a602eaf1-6006-49bd-87fe-aeabe494f1f0	2	TaskExampleProcess	0	OK	PSTATE	TRANSITION_ENTER	MyTask	
2016-05-15	16:11:32	-0300	a602eaf1-6006-49bd-87fe-aeabe494f1f0	2	Process State Start	0	OK	PROCESS_STATE_START	CUSTOM	TaskExampleProcess::myId	MyTask
2016-05-15	16:11:32	-0300	a602eaf1-6006-49bd-87fe-aeabe494f1f0	2	TaskExampleProcess	0	OK	PSTATE	TRANSITION_EXIT	MyTask	
2016-05-15	16:12:30	-0300	f9b192c6-4738-41cb-8a0a-e6161f17d3cc	1	TaskExampleProcess	0	OK	PSTATE	TRANSITION_ENTER	MyStart	
2016-05-15	16:12:30	-0300	f9b192c6-4738-41cb-8a0a-e6161f17d3cc	1	Process Start	5	OK	PROCESS_START	CUSTOM	TaskExampleProcess::myId	MyStart
2016-05-15	16:12:30	-0300	f9b192c6-4738-41cb-8a0a-e6161f17d3cc	1	TaskExampleProcess	7	OK	PSTATE	TRANSITION_EXIT	MyStart	
2016-05-15	16:12:30	-0300	84f2fa2e-cbae-4311-b440-c8f2f750ee18	2	TaskExampleProcess	0	OK	PSTATE	TRANSITION_ENTER	MyTask	
2016-05-15	16:12:30	-0300	84f2fa2e-cbae-4311-b440-c8f2f750ee18	2	Process State Start	3	OK	PROCESS_STATE_START	CUSTOM	TaskExampleProcess::myId	MyTask
2016-05-15	16:12:30	-0300	84f2fa2e-cbae-4311-b440-c8f2f750ee18	2	TaskExampleProcess	3	OK	PSTATE	TRANSITION_EXIT	MyTask	
2016-05-15	16:31:44	-0300	6ec14f7c-1dba-4525-8802-f5c38995e016	1	TaskExampleProcess	0	OK	PSTATE	TRANSITION_ENTER	MyStart	
2016-05-15	16:31:44	-0300	6ec14f7c-1dba-4525-8802-f5c38995e016	1	Process Start	0	OK	PROCESS_START	CUSTOM	TaskExampleProcess::myId	MyStart
2016-05-15	16:31:44	-0300	6ec14f7c-1dba-4525-8802-f5c38995e016	1	TaskExampleProcess	15	OK	PSTATE	TRANSITION_EXIT	MyStart	
2016-05-15	16:31:44	-0300	f9d34916-46f3-4bf0-9416-5d34250c0904	2	TaskExampleProcess	0	OK	PSTATE	TRANSITION_ENTER	MyTask	
2016-05-15	16:31:44	-0300	f9d34916-46f3-4bf0-9416-5d34250c0904	2	Process State Start	0	OK	PROCESS_STATE_START	CUSTOM	TaskExampleProcess::myId	MyTask
2016-05-15	16:31:44	-0300	f9d34916-46f3-4bf0-9416-5d34250c0904	2	TaskExampleProcess	0	OK	PSTATE	TRANSITION_EXIT	MyTask	
2016-05-15	16:32:46	-0300	1db95ca4-05f3-448d-98bf-a9116b79a942	1	TaskExampleProcess	0	OK	PSTATE	TRANSITION_ENTER	MyStart	
2016-05-15	16:32:46	-0300	1db95ca4-05f3-448d-98bf-a9116b79a942	1	Process Start	5	OK	PROCESS_START	CUSTOM	TaskExampleProcess::myId	MyStart
2016-05-15	16:32:46	-0300	1db95ca4-05f3-448d-98bf-a9116b79a942	1	TaskExampleProcess	8	OK	PSTATE	TRANSITION_EXIT	MyStart	
2016-05-15	16:32:46	-0300	4efc350c-1d00-4051-a624-fd2e47c93d7a	2	TaskExampleProcess	0	OK	PSTATE	TRANSITION_ENTER	MyTask	
2016-05-15	16:32:46	-0300	4efc350c-1d00-4051-a624-fd2e47c93d7a	2	Process State Start	0	OK	PROCESS_STATE_START	CUSTOM	TaskExampleProcess::myId	MyTask
2016-05-15	16:32:46	-0300	4efc350c-1d00-4051-a624-fd2e47c93d7a	2	TaskExampleProcess	0	OK	PSTATE	TRANSITION_EXIT	MyTask	
2016-05-15	16:34:28	-0300	b6040373-8ffc-439f-87ff-e68260f1fb2c	1	TaskExampleProcess	0	OK	PSTATE	TRANSITION_ENTER	MyStart	
2016-05-15	16:34:28	-0300	b6040373-8ffc-439f-87ff-e68260f1fb2c	1	Process Start	16	OK	PROCESS_START	CUSTOM	TaskExampleProcess::myId	MyStart
2016-05-15	16:34:28	-0300	b6040373-8ffc-439f-87ff-e68260f1fb2c	1	TaskExampleProcess	18	OK	PSTATE	TRANSITION_EXIT	MyStart	
2016-05-15	16:34:28	-0300	fed468f7-d930-4300-9225-90bc4243f90d	2	TaskExampleProcess	0	OK	PSTATE	TRANSITION_ENTER	MyTask	
2016-05-15	16:34:28	-0300	fed468f7-d930-4300-9225-90bc4243f90d	2	Process State Start	3	OK	PROCESS_STATE_START	CUSTOM	TaskExampleProcess::myId	MyTask
2016-05-15	16:34:28	-0300	fed468f7-d930-4300-9225-90bc4243f90d	2	TaskExampleProcess	3	OK	PSTATE	TRANSITION_EXIT	MyTask	
2016-05-15	17:06:07	-0300	98c386e5-7ccb-4d87-af23-2e7ff73f3d66	1	TaskExampleProcess	0	OK	PSTATE	TRANSITION_ENTER	MyStart	
2016-05-15	17:06:07	-0300	98c386e5-7ccb-4d87-af23-2e7ff73f3d66	1	Process Start	5	OK	PROCESS_START	CUSTOM	TaskExampleProcess::myId	MyStart
2016-05-15	17:06:07	-0300	98c386e5-7ccb-4d87-af23-2e7ff73f3d66	1	TaskExampleProcess	8	OK	PSTATE	TRANSITION_EXIT	MyStart	
2016-05-15	17:06:07	-0300	dc1125b0-64d9-4ce9-a28f-3374373e59c1	2	TaskExampleProcess	0	OK	PSTATE	TRANSITION_ENTER	MyTask	
2016-05-15	17:06:07	-0300	dc1125b0-64d9-4ce9-a28f-3374373e59c1	2	Process State Start	2	OK	PROCESS_STATE_START	CUSTOM	TaskExampleProcess::myId	MyTask
2016-05-15	17:06:07	-0300	dc1125b0-64d9-4ce9-a28f-3374373e59c1	2	TaskExampleProcess	5	OK	PSTATE	TRANSITION_EXIT	MyTask	
2016-05-15	17:10:06	-0300	a08a02a7-5be1-4b64-ab3f-9dd5cd7e9018	1	TaskExampleProcess	0	OK	PSTATE	TRANSITION_ENTER	MyStart	
2016-05-15	17:10:06	-0300	a08a02a7-5be1-4b64-ab3f-9dd5cd7e9018	1	Process Start	16	OK	PROCESS_START	CUSTOM	TaskExampleProcess::myId	MyStart
2016-05-15	17:10:06	-0300	a08a02a7-5be1-4b64-ab3f-9dd5cd7e9018	1	TaskExampleProcess	16	OK	PSTATE	TRANSITION_EXIT	MyStart	
2016-05-15	17:10:06	-0300	4c05c2e2-2ee8-4a07-9d3c-5159ffc41437	2	TaskExampleProcess	0	OK	PSTATE	TRANSITION_ENTER	MyTask	
2016-05-15	17:10:06	-0300	4c05c2e2-2ee8-4a07-9d3c-5159ffc41437	2	Process State Start	0	OK	PROCESS_STATE_START	CUSTOM	TaskExampleProcess::myId	MyTask
2016-05-15	17:10:06	-0300	4c05c2e2-2ee8-4a07-9d3c-5159ffc41437	2	TaskExampleProcess	0	OK	PSTATE	TRANSITION_EXIT	MyTask	
2016-05-15	17:10:30	-0300	f598152e-ce39-4bc7-bb7d-178b6fc4eb35	3	TaskExampleProcess	0	OK	PSTATE	TRANSITION_ENTER	MyTaskDone	
2016-05-15	17:10:30	-0300	f598152e-ce39-4bc7-bb7d-178b6fc4eb35	3	Process State End	3	OK	PROCESS_STATE_END	CUSTOM	TaskExampleProcess::myId	MyTask
2016-05-15	17:10:30	-0300	f598152e-ce39-4bc7-bb7d-178b6fc4eb35	3	TaskExampleProcess	3	OK	PSTATE	TRANSITION_EXIT	MyTaskDone	
2016-05-15	17:10:30	-0300	f02b1f2a-9e07-4464-8acf-8332f494ef0f	4	TaskExampleProcess	0	OK	PSTATE	TRANSITION_ENTER	MyEnd	
2016-05-15	17:10:30	-0300	f02b1f2a-9e07-4464-8acf-8332f494ef0f	4	Process End	3	OK	PROCESS_END	CUSTOM	TaskExampleProcess::myId	MyEnd
2016-05-15	17:10:30	-0300	f02b1f2a-9e07-4464-8acf-8332f494ef0f	4	TaskExampleProcess	3	OK	PSTATE	TRANSITION_EXIT	MyEnd	
2016-05-15	17:12:06	-0300	82f6be7b-8200-46f1-900c-114c9996dcc5	1	TaskExampleProcess	0	OK	PSTATE	TRANSITION_ENTER	MyStart	
2016-05-15	17:12:06	-0300	82f6be7b-8200-46f1-900c-114c9996dcc5	1	Process Start	0	OK	PROCESS_START	CUSTOM	TaskExampleProcess::myId	MyStart
2016-05-15	17:12:06	-0300	82f6be7b-8200-46f1-900c-114c9996dcc5	1	TaskExampleProcess	0	OK	PSTATE	TRANSITION_EXIT	MyStart	
2016-05-15	17:12:06	-0300	0291601c-6b0b-4734-b871-0ad608048527	2	TaskExampleProcess	0	OK	PSTATE	TRANSITION_ENTER	MyTask	
2016-05-15	17:12:06	-0300	0291601c-6b0b-4734-b871-0ad608048527	2	Process State Start	0	OK	PROCESS_STATE_START	CUSTOM	TaskExampleProcess::myId	MyTask
2016-05-15	17:12:06	-0300	0291601c-6b0b-4734-b871-0ad608048527	2	TaskExampleProcess	16	OK	PSTATE	TRANSITION_EXIT	MyTask	
2016-05-15	17:12:16	-0300	49d68349-5a7f-446c-b131-d58cb7bc478f	3	TaskExampleProcess	0	OK	PSTATE	TRANSITION_ENTER	MyTaskDone	
2016-05-15	17:12:16	-0300	49d68349-5a7f-446c-b131-d58cb7bc478f	3	Process State End	2	OK	PROCESS_STATE_END	CUSTOM	TaskExampleProcess::myId	MyTask
2016-05-15	17:12:16	-0300	49d68349-5a7f-446c-b131-d58cb7bc478f	3	TaskExampleProcess	5	OK	PSTATE	TRANSITION_EXIT	MyTaskDone	
2016-05-15	17:12:16	-0300	35ccc54d-26f7-4ada-bfc9-eeafb7f7986d	4	TaskExampleProcess	0	OK	PSTATE	TRANSITION_ENTER	MyEnd	
2016-05-15	17:12:16	-0300	35ccc54d-26f7-4ada-bfc9-eeafb7f7986d	4	Process End	2	OK	PROCESS_END	CUSTOM	TaskExampleProcess::myId	MyEnd
2016-05-15	17:12:16	-0300	35ccc54d-26f7-4ada-bfc9-eeafb7f7986d	4	TaskExampleProcess	2	OK	PSTATE	TRANSITION_EXIT	MyEnd	
2016-05-15	17:15:03	-0300	d68279ec-1df5-4e1f-8d73-dd4305f15402	1	TaskExampleProcess	0	OK	PSTATE	TRANSITION_ENTER	MyStart	
2016-05-15	17:15:03	-0300	d68279ec-1df5-4e1f-8d73-dd4305f15402	1	Process Start	0	OK	PROCESS_START	CUSTOM	TaskExampleProcess::myId	MyStart
2016-05-15	17:15:03	-0300	d68279ec-1df5-4e1f-8d73-dd4305f15402	1	TaskExampleProcess	0	OK	PSTATE	TRANSITION_EXIT	MyStart	
2016-05-15	17:15:03	-0300	7ae2412b-b796-48ad-a8d7-61bb3e466912	2	TaskExampleProcess	0	OK	PSTATE	TRANSITION_ENTER	MyTask	
2016-05-15	17:15:03	-0300	7ae2412b-b796-48ad-a8d7-61bb3e466912	2	Process State Start	0	OK	PROCESS_STATE_START	CUSTOM	TaskExampleProcess::myId	MyTask
2016-05-15	17:15:03	-0300	7ae2412b-b796-48ad-a8d7-61bb3e466912	2	TaskExampleProcess	3	OK	PSTATE	TRANSITION_EXIT	MyTask	
2016-05-15	21:41:54	-0300	bb9f0de0-472c-4309-8de4-255498ce2e59	1	TaskExampleProcess	0	OK	PSTATE	TRANSITION_ENTER	MyStart	
2016-05-15	21:41:54	-0300	bb9f0de0-472c-4309-8de4-255498ce2e59	1	Process Start	21	OK	PROCESS_START	CUSTOM	TaskExampleProcess::myId	MyStart
2016-05-15	21:41:54	-0300	bb9f0de0-472c-4309-8de4-255498ce2e59	1	TaskExampleProcess	25	OK	PSTATE	TRANSITION_EXIT	MyStart	
2016-05-15	21:41:54	-0300	b1c5e393-cf4f-407d-8247-f408ca2229fe	2	TaskExampleProcess	0	OK	PSTATE	TRANSITION_ENTER	MyTask	
2016-05-15	21:41:54	-0300	b1c5e393-cf4f-407d-8247-f408ca2229fe	2	Process State Start	0	OK	PROCESS_STATE_START	CUSTOM	TaskExampleProcess::myId	MyTask
2016-05-15	21:41:54	-0300	b1c5e393-cf4f-407d-8247-f408ca2229fe	2	TaskExampleProcess	0	OK	PSTATE	TRANSITION_EXIT	MyTask	
2016-05-15	21:42:59	-0300	61b8a687-367d-4a5d-9047-8fde9a571e73	3	TaskExampleProcess	0	OK	PSTATE	TRANSITION_ENTER	MyTaskDone	
2016-05-15	21:42:59	-0300	61b8a687-367d-4a5d-9047-8fde9a571e73	3	Process State End	2	OK	PROCESS_STATE_END	CUSTOM	TaskExampleProcess::myId	MyTask
2016-05-15	21:42:59	-0300	61b8a687-367d-4a5d-9047-8fde9a571e73	3	TaskExampleProcess	3	OK	PSTATE	TRANSITION_EXIT	MyTaskDone	
2016-05-15	21:42:59	-0300	28985ba3-2ee0-43a9-9639-2865e19a1e52	4	TaskExampleProcess	0	OK	PSTATE	TRANSITION_ENTER	MyEnd	
2016-05-15	21:42:59	-0300	28985ba3-2ee0-43a9-9639-2865e19a1e52	4	Process End	1	OK	PROCESS_END	CUSTOM	TaskExampleProcess::myId	MyEnd
2016-05-15	21:42:59	-0300	28985ba3-2ee0-43a9-9639-2865e19a1e52	4	TaskExampleProcess	2	OK	PSTATE	TRANSITION_EXIT	MyEnd	
