2016-05-17	15:25:46	-0300	6cb0c6e0-028d-4ba2-85c4-632601d78b12	1	TaskExampleProcess	0	OK	PSTATE	TRANSITION_ENTER	MyStart	
2016-05-17	15:25:46	-0300	6cb0c6e0-028d-4ba2-85c4-632601d78b12	1	Process Start	17	OK	PROCESS_START	CUSTOM	TaskExampleProcess::myId	MyStart
2016-05-17	15:25:46	-0300	6cb0c6e0-028d-4ba2-85c4-632601d78b12	1	TaskExampleProcess	41	OK	PSTATE	TRANSITION_EXIT	MyStart	
2016-05-17	15:25:46	-0300	d623450b-4792-444c-9077-d528aebb3803	2	TaskExampleProcess	0	OK	PSTATE	TRANSITION_ENTER	MyTask	
2016-05-17	15:25:46	-0300	d623450b-4792-444c-9077-d528aebb3803	2	Process State Start	3	OK	PROCESS_STATE_START	CUSTOM	TaskExampleProcess::myId	MyTask
2016-05-17	15:25:46	-0300	d623450b-4792-444c-9077-d528aebb3803	2	TaskExampleProcess	7	OK	PSTATE	TRANSITION_EXIT	MyTask	
2016-05-17	16:19:47	-0300	891634e6-26ae-4772-a6c9-212c4986f464	1	TaskExampleProcess	0	OK	PSTATE	TRANSITION_ENTER	MyStart	
2016-05-17	16:19:47	-0300	891634e6-26ae-4772-a6c9-212c4986f464	1	Process Start	18	OK	PROCESS_START	CUSTOM	TaskExampleProcess::myId	MyStart
2016-05-17	16:19:47	-0300	891634e6-26ae-4772-a6c9-212c4986f464	1	TaskExampleProcess	25	OK	PSTATE	TRANSITION_EXIT	MyStart	
2016-05-17	16:19:47	-0300	3aa4b746-a8a9-421e-a329-5e38b5afecd1	2	TaskExampleProcess	0	OK	PSTATE	TRANSITION_ENTER	MyTask	
2016-05-17	16:19:47	-0300	3aa4b746-a8a9-421e-a329-5e38b5afecd1	2	Process State Start	3	OK	PROCESS_STATE_START	CUSTOM	TaskExampleProcess::myId	MyTask
2016-05-17	16:19:47	-0300	3aa4b746-a8a9-421e-a329-5e38b5afecd1	2	TaskExampleProcess	5	OK	PSTATE	TRANSITION_EXIT	MyTask	
2016-05-17	16:20:53	-0300	c928a6df-e05c-46c4-8542-b3870d6efdba	1	TaskExampleProcess	0	OK	PSTATE	TRANSITION_ENTER	MyStart	
2016-05-17	16:20:53	-0300	c928a6df-e05c-46c4-8542-b3870d6efdba	1	Process Start	20	OK	PROCESS_START	CUSTOM	TaskExampleProcess::myId	MyStart
2016-05-17	16:20:53	-0300	c928a6df-e05c-46c4-8542-b3870d6efdba	1	TaskExampleProcess	53	OK	PSTATE	TRANSITION_EXIT	MyStart	
2016-05-17	16:20:53	-0300	ba41c5ac-e240-4c7f-b4ac-1146cdd9bd96	2	TaskExampleProcess	0	OK	PSTATE	TRANSITION_ENTER	MyTask	
2016-05-17	16:20:53	-0300	ba41c5ac-e240-4c7f-b4ac-1146cdd9bd96	2	Process State Start	3	OK	PROCESS_STATE_START	CUSTOM	TaskExampleProcess::myId	MyTask
2016-05-17	16:20:53	-0300	ba41c5ac-e240-4c7f-b4ac-1146cdd9bd96	2	TaskExampleProcess	6	OK	PSTATE	TRANSITION_EXIT	MyTask	
2016-05-17	16:20:54	-0300	89b78645-8c7f-4bdb-8ef0-7f55ccadc97a	3	POST create TaskExampleProcess process	0	OK	INTERFACE	SERVICE_ENTER		
2016-05-17	16:20:54	-0300	89b78645-8c7f-4bdb-8ef0-7f55ccadc97a	3	POST create TaskExampleProcess process	32	OK	INTERFACE	SERVICE_EXIT		
2016-05-17	16:22:20	-0300	be65276b-636e-4017-a8d5-bbcd3a8b691e	4	POST create TaskExampleProcess process	0	OK	INTERFACE	SERVICE_ENTER		
2016-05-17	16:22:20	-0300	be65276b-636e-4017-a8d5-bbcd3a8b691e	4	POST create TaskExampleProcess process	58	OK	INTERFACE	SERVICE_EXIT		
2016-05-17	16:26:19	-0300	aa378b46-4376-4dbc-a1e0-947f8d6a276e	1	TaskExampleProcess	0	OK	PSTATE	TRANSITION_ENTER	MyStart	
2016-05-17	16:26:19	-0300	aa378b46-4376-4dbc-a1e0-947f8d6a276e	1	Process Start	30	OK	PROCESS_START	CUSTOM	TaskExampleProcess::myId	MyStart
2016-05-17	16:26:19	-0300	aa378b46-4376-4dbc-a1e0-947f8d6a276e	1	TaskExampleProcess	40	OK	PSTATE	TRANSITION_EXIT	MyStart	
2016-05-17	16:26:19	-0300	60a0dca6-0cfa-4af8-b55f-cea0a7d394f9	2	TaskExampleProcess	0	OK	PSTATE	TRANSITION_ENTER	MyTask	
2016-05-17	16:26:19	-0300	60a0dca6-0cfa-4af8-b55f-cea0a7d394f9	2	Process State Start	3	OK	PROCESS_STATE_START	CUSTOM	TaskExampleProcess::myId	MyTask
2016-05-17	16:26:19	-0300	60a0dca6-0cfa-4af8-b55f-cea0a7d394f9	2	TaskExampleProcess	6	OK	PSTATE	TRANSITION_EXIT	MyTask	
2016-05-17	16:26:19	-0300	a28bbfc1-eb0a-4303-b17c-773d22758215	3	POST create and start TaskExampleProcess process	0	OK	INTERFACE	SERVICE_ENTER		
2016-05-17	16:26:19	-0300	9427a735-d37d-4ca0-8ef6-4b35d4badc72	4	TaskExampleProcess	0	OK	PSTATE	TRANSITION_ENTER	MyStart	
2016-05-17	16:26:19	-0300	9427a735-d37d-4ca0-8ef6-4b35d4badc72	4	Process Start	3	OK	PROCESS_START	CUSTOM	TaskExampleProcess::_my_custom_id_0	MyStart
2016-05-17	16:26:19	-0300	9427a735-d37d-4ca0-8ef6-4b35d4badc72	4	TaskExampleProcess	7	OK	PSTATE	TRANSITION_EXIT	MyStart	
2016-05-17	16:26:19	-0300	b32cf46d-b078-4617-91a8-6f7df88ca9e9	5	TaskExampleProcess	0	OK	PSTATE	TRANSITION_ENTER	MyTask	
2016-05-17	16:26:19	-0300	b32cf46d-b078-4617-91a8-6f7df88ca9e9	5	Process State Start	3	OK	PROCESS_STATE_START	CUSTOM	TaskExampleProcess::_my_custom_id_0	MyTask
2016-05-17	16:26:19	-0300	b32cf46d-b078-4617-91a8-6f7df88ca9e9	5	TaskExampleProcess	6	OK	PSTATE	TRANSITION_EXIT	MyTask	
2016-05-17	16:26:19	-0300	a28bbfc1-eb0a-4303-b17c-773d22758215	3	POST create and start TaskExampleProcess process	62	OK	INTERFACE	SERVICE_EXIT		
2016-05-17	16:26:20	-0300	5f1cd130-f57a-4697-8835-3956e6cb250e	6	POST create TaskExampleProcess process	0	OK	INTERFACE	SERVICE_ENTER		
2016-05-17	16:26:20	-0300	5f1cd130-f57a-4697-8835-3956e6cb250e	6	POST create TaskExampleProcess process	38	OK	INTERFACE	SERVICE_EXIT		
2016-05-17	16:26:34	-0300	fd934509-e4e8-4089-b8c0-958e0e03252a	7	POST create and start TaskExampleProcess process	0	OK	INTERFACE	SERVICE_ENTER		
2016-05-17	16:26:34	-0300	d0ca31a6-580f-41be-97eb-d50b213524e8	8	TaskExampleProcess	0	OK	PSTATE	TRANSITION_ENTER	MyStart	
2016-05-17	16:26:34	-0300	d0ca31a6-580f-41be-97eb-d50b213524e8	8	Process Start	2	OK	PROCESS_START	CUSTOM	TaskExampleProcess::_my_custom_id_2	MyStart
2016-05-17	16:26:34	-0300	d0ca31a6-580f-41be-97eb-d50b213524e8	8	TaskExampleProcess	3	OK	PSTATE	TRANSITION_EXIT	MyStart	
2016-05-17	16:26:34	-0300	fd7926d7-5920-4299-b584-1a7777149a1a	9	TaskExampleProcess	0	OK	PSTATE	TRANSITION_ENTER	MyTask	
2016-05-17	16:26:34	-0300	fd7926d7-5920-4299-b584-1a7777149a1a	9	Process State Start	1	OK	PROCESS_STATE_START	CUSTOM	TaskExampleProcess::_my_custom_id_2	MyTask
2016-05-17	16:26:34	-0300	fd7926d7-5920-4299-b584-1a7777149a1a	9	TaskExampleProcess	2	OK	PSTATE	TRANSITION_EXIT	MyTask	
2016-05-17	16:26:34	-0300	fd934509-e4e8-4089-b8c0-958e0e03252a	7	POST create and start TaskExampleProcess process	12	OK	INTERFACE	SERVICE_EXIT		
2016-05-17	16:27:11	-0300	5b92f6bf-a0a9-44ff-8883-6b6c9db679df	10	POST create TaskExampleProcess process	0	OK	INTERFACE	SERVICE_ENTER		
2016-05-17	16:27:11	-0300	5b92f6bf-a0a9-44ff-8883-6b6c9db679df	10	POST create TaskExampleProcess process	9	OK	INTERFACE	SERVICE_EXIT		
2016-05-17	16:43:15	-0300	43a3a6c7-0350-4297-9b6d-c9a510ca242f	1	TaskExampleProcess	0	OK	PSTATE	TRANSITION_ENTER	MyStart	
2016-05-17	16:43:15	-0300	43a3a6c7-0350-4297-9b6d-c9a510ca242f	1	Process Start	7	OK	PROCESS_START	CUSTOM	TaskExampleProcess::myId	MyStart
2016-05-17	16:43:15	-0300	43a3a6c7-0350-4297-9b6d-c9a510ca242f	1	TaskExampleProcess	20	OK	PSTATE	TRANSITION_EXIT	MyStart	
2016-05-17	16:43:15	-0300	9fdc7e22-f2d1-4b94-b452-400137c87949	2	TaskExampleProcess	0	OK	PSTATE	TRANSITION_ENTER	MyTask	
2016-05-17	16:43:15	-0300	9fdc7e22-f2d1-4b94-b452-400137c87949	2	Process State Start	2	OK	PROCESS_STATE_START	CUSTOM	TaskExampleProcess::myId	MyTask
2016-05-17	16:43:15	-0300	9fdc7e22-f2d1-4b94-b452-400137c87949	2	TaskExampleProcess	3	OK	PSTATE	TRANSITION_EXIT	MyTask	
2016-05-17	16:43:16	-0300	035a5097-8426-4bd2-870a-c9468cbd4827	3	POST create TaskExampleProcess process	0	OK	INTERFACE	SERVICE_ENTER		
2016-05-17	16:43:16	-0300	035a5097-8426-4bd2-870a-c9468cbd4827	3	POST create TaskExampleProcess process	26	OK	INTERFACE	SERVICE_EXIT		
2016-05-17	16:43:16	-0300	10ba1f76-57ca-41f9-9f46-756da96e4cd8	4	POST create and start TaskExampleProcess process	0	OK	INTERFACE	SERVICE_ENTER		
2016-05-17	16:43:16	-0300	4b1cc75d-0443-48bb-85ea-6af89b7cc412	5	TaskExampleProcess	0	OK	PSTATE	TRANSITION_ENTER	MyStart	
2016-05-17	16:43:16	-0300	4b1cc75d-0443-48bb-85ea-6af89b7cc412	5	Process Start	2	OK	PROCESS_START	CUSTOM	TaskExampleProcess::_my_custom_id_1	MyStart
2016-05-17	16:43:16	-0300	4b1cc75d-0443-48bb-85ea-6af89b7cc412	5	TaskExampleProcess	4	OK	PSTATE	TRANSITION_EXIT	MyStart	
2016-05-17	16:43:16	-0300	25804049-8370-4985-9b74-254a9901d0f6	6	TaskExampleProcess	0	OK	PSTATE	TRANSITION_ENTER	MyTask	
2016-05-17	16:43:16	-0300	25804049-8370-4985-9b74-254a9901d0f6	6	Process State Start	2	OK	PROCESS_STATE_START	CUSTOM	TaskExampleProcess::_my_custom_id_1	MyTask
2016-05-17	16:43:16	-0300	25804049-8370-4985-9b74-254a9901d0f6	6	TaskExampleProcess	14	OK	PSTATE	TRANSITION_EXIT	MyTask	
2016-05-17	16:43:16	-0300	10ba1f76-57ca-41f9-9f46-756da96e4cd8	4	POST create and start TaskExampleProcess process	34	OK	INTERFACE	SERVICE_EXIT		
2016-05-17	16:49:07	-0300	e9bdd79b-0791-426d-b955-12ae53cf0fa4	1	TaskExampleProcess	0	OK	PSTATE	TRANSITION_ENTER	MyStart	
2016-05-17	16:49:07	-0300	e9bdd79b-0791-426d-b955-12ae53cf0fa4	1	Process Start	21	OK	PROCESS_START	CUSTOM	TaskExampleProcess::myId	MyStart
2016-05-17	16:49:07	-0300	e9bdd79b-0791-426d-b955-12ae53cf0fa4	1	TaskExampleProcess	28	OK	PSTATE	TRANSITION_EXIT	MyStart	
2016-05-17	16:49:07	-0300	d8df4b50-6dec-4732-8cb6-ce9d8d9298e4	2	TaskExampleProcess	0	OK	PSTATE	TRANSITION_ENTER	MyTask	
2016-05-17	16:49:07	-0300	d8df4b50-6dec-4732-8cb6-ce9d8d9298e4	2	Process State Start	2	OK	PROCESS_STATE_START	CUSTOM	TaskExampleProcess::myId	MyTask
2016-05-17	16:49:07	-0300	d8df4b50-6dec-4732-8cb6-ce9d8d9298e4	2	TaskExampleProcess	7	OK	PSTATE	TRANSITION_EXIT	MyTask	
2016-05-17	16:49:07	-0300	bad4eb5c-a9b9-43f2-8e38-fd2dfe56e938	3	POST create TaskExampleProcess process	0	OK	INTERFACE	SERVICE_ENTER		
2016-05-17	16:49:07	-0300	bad4eb5c-a9b9-43f2-8e38-fd2dfe56e938	3	POST create TaskExampleProcess process	35	OK	INTERFACE	SERVICE_EXIT		
2016-05-17	16:49:07	-0300	6f09ea92-2867-4df0-bd0d-266d771412f4	4	POST create and start TaskExampleProcess process	0	OK	INTERFACE	SERVICE_ENTER		
2016-05-17	16:49:07	-0300	da9970a4-ba55-48a5-a82e-98cac7acce58	5	TaskExampleProcess	0	OK	PSTATE	TRANSITION_ENTER	MyStart	
2016-05-17	16:49:07	-0300	da9970a4-ba55-48a5-a82e-98cac7acce58	5	Process Start	3	OK	PROCESS_START	CUSTOM	TaskExampleProcess::_my_custom_id_1	MyStart
2016-05-17	16:49:07	-0300	da9970a4-ba55-48a5-a82e-98cac7acce58	5	TaskExampleProcess	6	OK	PSTATE	TRANSITION_EXIT	MyStart	
2016-05-17	16:49:07	-0300	1c2f721c-6e8f-44ff-bd29-ebd8d79de057	6	TaskExampleProcess	0	OK	PSTATE	TRANSITION_ENTER	MyTask	
2016-05-17	16:49:07	-0300	1c2f721c-6e8f-44ff-bd29-ebd8d79de057	6	Process State Start	2	OK	PROCESS_STATE_START	CUSTOM	TaskExampleProcess::_my_custom_id_1	MyTask
2016-05-17	16:49:07	-0300	1c2f721c-6e8f-44ff-bd29-ebd8d79de057	6	TaskExampleProcess	4	OK	PSTATE	TRANSITION_EXIT	MyTask	
2016-05-17	16:49:07	-0300	6f09ea92-2867-4df0-bd0d-266d771412f4	4	POST create and start TaskExampleProcess process	48	OK	INTERFACE	SERVICE_EXIT		
2016-05-17	16:49:58	-0300	78c9e896-67b2-4cd1-9899-f85a23f68aed	7	POST create TaskExampleProcess process	0	OK	INTERFACE	SERVICE_ENTER		
2016-05-17	16:49:58	-0300	78c9e896-67b2-4cd1-9899-f85a23f68aed	7	POST create TaskExampleProcess process	7	OK	INTERFACE	SERVICE_EXIT		
2016-05-17	16:50:06	-0300	faeeeea0-5da9-448c-86b2-c00da35e3cd8	8	POST create and start TaskExampleProcess process	0	OK	INTERFACE	SERVICE_ENTER		
2016-05-17	16:50:06	-0300	bb8e0de2-ac9c-4abe-9e81-4e376f45eca9	9	TaskExampleProcess	0	OK	PSTATE	TRANSITION_ENTER	MyStart	
2016-05-17	16:50:06	-0300	bb8e0de2-ac9c-4abe-9e81-4e376f45eca9	9	Process Start	1	OK	PROCESS_START	CUSTOM	TaskExampleProcess::_my_custom_id_3	MyStart
2016-05-17	16:50:06	-0300	bb8e0de2-ac9c-4abe-9e81-4e376f45eca9	9	TaskExampleProcess	1	OK	PSTATE	TRANSITION_EXIT	MyStart	
2016-05-17	16:50:06	-0300	ad74ca39-3f52-49cc-9a24-a77809de0c7b	10	TaskExampleProcess	0	OK	PSTATE	TRANSITION_ENTER	MyTask	
2016-05-17	16:50:06	-0300	ad74ca39-3f52-49cc-9a24-a77809de0c7b	10	Process State Start	1	OK	PROCESS_STATE_START	CUSTOM	TaskExampleProcess::_my_custom_id_3	MyTask
2016-05-17	16:50:06	-0300	ad74ca39-3f52-49cc-9a24-a77809de0c7b	10	TaskExampleProcess	4	OK	PSTATE	TRANSITION_EXIT	MyTask	
2016-05-17	16:50:06	-0300	faeeeea0-5da9-448c-86b2-c00da35e3cd8	8	POST create and start TaskExampleProcess process	10	OK	INTERFACE	SERVICE_EXIT		
2016-05-17	16:55:50	-0300	b0389a70-dacf-4cb7-9618-1995312b7b86	1	TaskExampleProcess	0	OK	PSTATE	TRANSITION_ENTER	MyStart	
2016-05-17	16:55:50	-0300	b0389a70-dacf-4cb7-9618-1995312b7b86	1	Process Start	19	OK	PROCESS_START	CUSTOM	TaskExampleProcess::myId	MyStart
2016-05-17	16:55:50	-0300	b0389a70-dacf-4cb7-9618-1995312b7b86	1	TaskExampleProcess	28	OK	PSTATE	TRANSITION_EXIT	MyStart	
2016-05-17	16:55:50	-0300	158eee2c-1e79-44b5-bc31-66c1999633bf	2	TaskExampleProcess	0	OK	PSTATE	TRANSITION_ENTER	MyTask	
2016-05-17	16:55:50	-0300	158eee2c-1e79-44b5-bc31-66c1999633bf	2	Process State Start	3	OK	PROCESS_STATE_START	CUSTOM	TaskExampleProcess::myId	MyTask
2016-05-17	16:55:50	-0300	158eee2c-1e79-44b5-bc31-66c1999633bf	2	TaskExampleProcess	6	OK	PSTATE	TRANSITION_EXIT	MyTask	
2016-05-17	16:55:50	-0300	6b241a09-a6a9-4538-b1ba-e0f3119c17ea	3	POST create TaskExampleProcess process	0	OK	INTERFACE	SERVICE_ENTER		
2016-05-17	16:55:50	-0300	6b241a09-a6a9-4538-b1ba-e0f3119c17ea	3	POST create TaskExampleProcess process	22	OK	INTERFACE	SERVICE_EXIT		
2016-05-17	16:55:50	-0300	036a8ee0-710e-484e-9632-833f25dce0d4	4	POST create and start TaskExampleProcess process	0	OK	INTERFACE	SERVICE_ENTER		
2016-05-17	16:55:50	-0300	b4d51b8b-0fca-4f13-b731-0ae97a2a4281	5	TaskExampleProcess	0	OK	PSTATE	TRANSITION_ENTER	MyStart	
2016-05-17	16:55:50	-0300	b4d51b8b-0fca-4f13-b731-0ae97a2a4281	5	Process Start	2	OK	PROCESS_START	CUSTOM	TaskExampleProcess::_my_custom_id_1	MyStart
2016-05-17	16:55:50	-0300	b4d51b8b-0fca-4f13-b731-0ae97a2a4281	5	TaskExampleProcess	5	OK	PSTATE	TRANSITION_EXIT	MyStart	
2016-05-17	16:55:50	-0300	c8bdbc38-1d0e-4481-a63e-0f49846a1f6e	6	TaskExampleProcess	0	OK	PSTATE	TRANSITION_ENTER	MyTask	
2016-05-17	16:55:50	-0300	c8bdbc38-1d0e-4481-a63e-0f49846a1f6e	6	Process State Start	2	OK	PROCESS_STATE_START	CUSTOM	TaskExampleProcess::_my_custom_id_1	MyTask
2016-05-17	16:55:50	-0300	c8bdbc38-1d0e-4481-a63e-0f49846a1f6e	6	TaskExampleProcess	3	OK	PSTATE	TRANSITION_EXIT	MyTask	
2016-05-17	16:55:50	-0300	036a8ee0-710e-484e-9632-833f25dce0d4	4	POST create and start TaskExampleProcess process	35	OK	INTERFACE	SERVICE_EXIT		
2016-05-17	17:03:11	-0300	31fea001-a5e7-4de1-975c-14d5a5452327	1	TaskExampleProcess	0	OK	PSTATE	TRANSITION_ENTER	MyStart	
2016-05-17	17:03:11	-0300	31fea001-a5e7-4de1-975c-14d5a5452327	1	Process Start	19	OK	PROCESS_START	CUSTOM	TaskExampleProcess::myId	MyStart
2016-05-17	17:03:11	-0300	31fea001-a5e7-4de1-975c-14d5a5452327	1	TaskExampleProcess	27	OK	PSTATE	TRANSITION_EXIT	MyStart	
2016-05-17	17:03:11	-0300	ef85fb2b-d520-4676-960b-e90e9d9aa634	2	TaskExampleProcess	0	OK	PSTATE	TRANSITION_ENTER	MyTask	
2016-05-17	17:03:11	-0300	ef85fb2b-d520-4676-960b-e90e9d9aa634	2	Process State Start	2	OK	PROCESS_STATE_START	CUSTOM	TaskExampleProcess::myId	MyTask
2016-05-17	17:03:11	-0300	ef85fb2b-d520-4676-960b-e90e9d9aa634	2	TaskExampleProcess	4	OK	PSTATE	TRANSITION_EXIT	MyTask	
2016-05-17	17:03:11	-0300	e5ca39a2-4b05-4d5d-b717-8089f7da051b	3	POST create TaskExampleProcess process	0	OK	INTERFACE	SERVICE_ENTER		
2016-05-17	17:03:11	-0300	e5ca39a2-4b05-4d5d-b717-8089f7da051b	3	POST create TaskExampleProcess process	75	OK	INTERFACE	SERVICE_EXIT		
2016-05-17	17:03:11	-0300	71ad0f50-6a4b-45e9-826e-9423c3f8c4aa	4	GET all processes	0	OK	INTERFACE	SERVICE_ENTER		
2016-05-17	17:03:11	-0300	71ad0f50-6a4b-45e9-826e-9423c3f8c4aa	4	GET all processes	8	OK	INTERFACE	SERVICE_EXIT		
2016-05-17	17:03:11	-0300	8f938859-d2d6-40db-ad11-8b9c45d7869f	5	POST create and start TaskExampleProcess process	0	OK	INTERFACE	SERVICE_ENTER		
2016-05-17	17:03:11	-0300	829494d8-3f50-464d-949b-1610092cc94a	6	TaskExampleProcess	0	OK	PSTATE	TRANSITION_ENTER	MyStart	
2016-05-17	17:03:11	-0300	829494d8-3f50-464d-949b-1610092cc94a	6	Process Start	3	OK	PROCESS_START	CUSTOM	TaskExampleProcess::_my_custom_id_1	MyStart
2016-05-17	17:03:11	-0300	829494d8-3f50-464d-949b-1610092cc94a	6	TaskExampleProcess	14	OK	PSTATE	TRANSITION_EXIT	MyStart	
2016-05-17	17:03:11	-0300	5408db50-9ce3-4a8e-ae96-4635a7dde850	7	TaskExampleProcess	0	OK	PSTATE	TRANSITION_ENTER	MyTask	
2016-05-17	17:03:11	-0300	5408db50-9ce3-4a8e-ae96-4635a7dde850	7	Process State Start	4	OK	PROCESS_STATE_START	CUSTOM	TaskExampleProcess::_my_custom_id_1	MyTask
2016-05-17	17:03:11	-0300	5408db50-9ce3-4a8e-ae96-4635a7dde850	7	TaskExampleProcess	7	OK	PSTATE	TRANSITION_EXIT	MyTask	
2016-05-17	17:03:11	-0300	8f938859-d2d6-40db-ad11-8b9c45d7869f	5	POST create and start TaskExampleProcess process	80	OK	INTERFACE	SERVICE_EXIT		
2016-05-17	17:03:56	-0300	5c924d1c-5c1e-479a-bdef-766787842f73	8	POST create all process	0	OK	INTERFACE	SERVICE_ENTER		
2016-05-17	17:03:56	-0300	5c924d1c-5c1e-479a-bdef-766787842f73	8	POST create all process	9	ERROR	INTERFACE	SERVICE_EXIT		
2016-05-17	17:05:32	-0300	895495c0-88c4-48b9-b176-a3d3e54d946b	1	TaskExampleProcess	0	OK	PSTATE	TRANSITION_ENTER	MyStart	
2016-05-17	17:05:32	-0300	895495c0-88c4-48b9-b176-a3d3e54d946b	1	Process Start	10	OK	PROCESS_START	CUSTOM	TaskExampleProcess::myId	MyStart
2016-05-17	17:05:32	-0300	895495c0-88c4-48b9-b176-a3d3e54d946b	1	TaskExampleProcess	18	OK	PSTATE	TRANSITION_EXIT	MyStart	
2016-05-17	17:05:32	-0300	cc7af3d0-fe3a-49b8-8675-797dab260467	2	TaskExampleProcess	0	OK	PSTATE	TRANSITION_ENTER	MyTask	
2016-05-17	17:05:32	-0300	cc7af3d0-fe3a-49b8-8675-797dab260467	2	Process State Start	3	OK	PROCESS_STATE_START	CUSTOM	TaskExampleProcess::myId	MyTask
2016-05-17	17:05:32	-0300	cc7af3d0-fe3a-49b8-8675-797dab260467	2	TaskExampleProcess	6	OK	PSTATE	TRANSITION_EXIT	MyTask	
2016-05-17	17:05:32	-0300	c4724215-0898-4128-81e1-4c03227b9162	3	POST create and start TaskExampleProcess process	0	OK	INTERFACE	SERVICE_ENTER		
2016-05-17	17:05:32	-0300	e198a606-e40b-4cd3-9032-3befcdef401e	4	TaskExampleProcess	0	OK	PSTATE	TRANSITION_ENTER	MyStart	
2016-05-17	17:05:32	-0300	e198a606-e40b-4cd3-9032-3befcdef401e	4	Process Start	2	OK	PROCESS_START	CUSTOM	TaskExampleProcess::_my_custom_id_0	MyStart
2016-05-17	17:05:32	-0300	e198a606-e40b-4cd3-9032-3befcdef401e	4	TaskExampleProcess	6	OK	PSTATE	TRANSITION_EXIT	MyStart	
2016-05-17	17:05:32	-0300	bef5bd86-bd65-49c6-baaa-3afffee7569c	5	TaskExampleProcess	0	OK	PSTATE	TRANSITION_ENTER	MyTask	
2016-05-17	17:05:32	-0300	bef5bd86-bd65-49c6-baaa-3afffee7569c	5	Process State Start	43	OK	PROCESS_STATE_START	CUSTOM	TaskExampleProcess::_my_custom_id_0	MyTask
2016-05-17	17:05:32	-0300	bef5bd86-bd65-49c6-baaa-3afffee7569c	5	TaskExampleProcess	46	OK	PSTATE	TRANSITION_EXIT	MyTask	
2016-05-17	17:05:32	-0300	c4724215-0898-4128-81e1-4c03227b9162	3	POST create and start TaskExampleProcess process	87	OK	INTERFACE	SERVICE_EXIT		
2016-05-17	17:05:32	-0300	e33165bc-8827-41af-a1ce-d1283ccc09b6	6	POST create TaskExampleProcess process	0	OK	INTERFACE	SERVICE_ENTER		
2016-05-17	17:05:32	-0300	e33165bc-8827-41af-a1ce-d1283ccc09b6	6	POST create TaskExampleProcess process	58	OK	INTERFACE	SERVICE_EXIT		
2016-05-17	17:05:32	-0300	a411c34b-8b0f-49f6-b7d2-e04f14942e2a	7	GET TaskExampleProcess processes	0	OK	INTERFACE	SERVICE_ENTER		
2016-05-17	17:05:32	-0300	a411c34b-8b0f-49f6-b7d2-e04f14942e2a	7	GET TaskExampleProcess processes	44	OK	INTERFACE	SERVICE_EXIT		
2016-05-17	17:05:51	-0300	1b51f608-9e1c-40f3-b883-757c246374e5	8	POST create TaskExampleProcess process	0	OK	INTERFACE	SERVICE_ENTER		
2016-05-17	17:05:51	-0300	1b51f608-9e1c-40f3-b883-757c246374e5	8	POST create TaskExampleProcess process	7	OK	INTERFACE	SERVICE_EXIT		
2016-05-17	17:08:17	-0300	03274b41-6a41-40b7-97f2-5807342dac35	1	TaskExampleProcess	0	OK	PSTATE	TRANSITION_ENTER	MyStart	
2016-05-17	17:08:17	-0300	03274b41-6a41-40b7-97f2-5807342dac35	1	Process Start	7	OK	PROCESS_START	CUSTOM	TaskExampleProcess::myId	MyStart
2016-05-17	17:08:17	-0300	03274b41-6a41-40b7-97f2-5807342dac35	1	TaskExampleProcess	12	OK	PSTATE	TRANSITION_EXIT	MyStart	
2016-05-17	17:08:17	-0300	e9d443e7-bdf0-4152-9e7c-12bc4ee00f2f	2	TaskExampleProcess	0	OK	PSTATE	TRANSITION_ENTER	MyTask	
2016-05-17	17:08:17	-0300	e9d443e7-bdf0-4152-9e7c-12bc4ee00f2f	2	Process State Start	4	OK	PROCESS_STATE_START	CUSTOM	TaskExampleProcess::myId	MyTask
2016-05-17	17:08:17	-0300	e9d443e7-bdf0-4152-9e7c-12bc4ee00f2f	2	TaskExampleProcess	5	OK	PSTATE	TRANSITION_EXIT	MyTask	
2016-05-17	17:08:17	-0300	80c6f743-1708-4777-a67f-688ec7fc48fe	3	POST create TaskExampleProcess process	0	OK	INTERFACE	SERVICE_ENTER		
2016-05-17	17:08:17	-0300	80c6f743-1708-4777-a67f-688ec7fc48fe	3	POST create TaskExampleProcess process	22	OK	INTERFACE	SERVICE_EXIT		
2016-05-17	17:08:17	-0300	c9baa2ee-e77e-4a21-afcd-1f0be6afd98f	4	POST create and start TaskExampleProcess process	0	OK	INTERFACE	SERVICE_ENTER		
2016-05-17	17:08:17	-0300	3ea91f45-d80a-4cb3-bb2f-0941156d17e2	5	TaskExampleProcess	0	OK	PSTATE	TRANSITION_ENTER	MyStart	
2016-05-17	17:08:17	-0300	3ea91f45-d80a-4cb3-bb2f-0941156d17e2	5	Process Start	1	OK	PROCESS_START	CUSTOM	TaskExampleProcess::_my_custom_id_1	MyStart
2016-05-17	17:08:17	-0300	3ea91f45-d80a-4cb3-bb2f-0941156d17e2	5	TaskExampleProcess	3	OK	PSTATE	TRANSITION_EXIT	MyStart	
2016-05-17	17:08:18	-0300	970f1ce9-01d8-424d-ad9d-8386e8e5f53f	6	TaskExampleProcess	0	OK	PSTATE	TRANSITION_ENTER	MyTask	
2016-05-17	17:08:18	-0300	970f1ce9-01d8-424d-ad9d-8386e8e5f53f	6	Process State Start	1	OK	PROCESS_STATE_START	CUSTOM	TaskExampleProcess::_my_custom_id_1	MyTask
2016-05-17	17:08:18	-0300	970f1ce9-01d8-424d-ad9d-8386e8e5f53f	6	TaskExampleProcess	3	OK	PSTATE	TRANSITION_EXIT	MyTask	
2016-05-17	17:08:18	-0300	c9baa2ee-e77e-4a21-afcd-1f0be6afd98f	4	POST create and start TaskExampleProcess process	32	OK	INTERFACE	SERVICE_EXIT		
2016-05-17	17:09:30	-0300	4d1fb1ed-b424-4b9e-bb37-fe290e02de3e	1	TaskExampleProcess	0	OK	PSTATE	TRANSITION_ENTER	MyStart	
2016-05-17	17:09:30	-0300	4d1fb1ed-b424-4b9e-bb37-fe290e02de3e	1	Process Start	7	OK	PROCESS_START	CUSTOM	TaskExampleProcess::myId	MyStart
2016-05-17	17:09:30	-0300	4d1fb1ed-b424-4b9e-bb37-fe290e02de3e	1	TaskExampleProcess	13	OK	PSTATE	TRANSITION_EXIT	MyStart	
2016-05-17	17:09:30	-0300	c19fbd4c-4cdf-4061-89bc-f6cbd4cb8790	2	TaskExampleProcess	0	OK	PSTATE	TRANSITION_ENTER	MyTask	
2016-05-17	17:09:30	-0300	c19fbd4c-4cdf-4061-89bc-f6cbd4cb8790	2	Process State Start	6	OK	PROCESS_STATE_START	CUSTOM	TaskExampleProcess::myId	MyTask
2016-05-17	17:09:30	-0300	c19fbd4c-4cdf-4061-89bc-f6cbd4cb8790	2	TaskExampleProcess	7	OK	PSTATE	TRANSITION_EXIT	MyTask	
2016-05-17	17:09:30	-0300	fecf7d3a-743c-4417-8b6f-ca7b64a917f1	3	POST create TaskExampleProcess process	0	OK	INTERFACE	SERVICE_ENTER		
2016-05-17	17:09:30	-0300	fecf7d3a-743c-4417-8b6f-ca7b64a917f1	3	POST create TaskExampleProcess process	21	OK	INTERFACE	SERVICE_EXIT		
2016-05-17	17:09:30	-0300	d726e20b-114d-4810-9f99-56d64f73f6a3	4	POST create and start TaskExampleProcess process	0	OK	INTERFACE	SERVICE_ENTER		
2016-05-17	17:09:30	-0300	d8e34eb1-c05a-4088-ba22-3b7150e5761d	5	TaskExampleProcess	0	OK	PSTATE	TRANSITION_ENTER	MyStart	
2016-05-17	17:09:30	-0300	d8e34eb1-c05a-4088-ba22-3b7150e5761d	5	Process Start	2	OK	PROCESS_START	CUSTOM	TaskExampleProcess::_my_custom_id_1	MyStart
2016-05-17	17:09:30	-0300	d8e34eb1-c05a-4088-ba22-3b7150e5761d	5	TaskExampleProcess	4	OK	PSTATE	TRANSITION_EXIT	MyStart	
2016-05-17	17:09:30	-0300	8240f125-ce0d-4521-b540-62e47abb6958	6	TaskExampleProcess	0	OK	PSTATE	TRANSITION_ENTER	MyTask	
2016-05-17	17:09:30	-0300	8240f125-ce0d-4521-b540-62e47abb6958	6	Process State Start	1	OK	PROCESS_STATE_START	CUSTOM	TaskExampleProcess::_my_custom_id_1	MyTask
2016-05-17	17:09:30	-0300	8240f125-ce0d-4521-b540-62e47abb6958	6	TaskExampleProcess	3	OK	PSTATE	TRANSITION_EXIT	MyTask	
2016-05-17	17:09:31	-0300	d726e20b-114d-4810-9f99-56d64f73f6a3	4	POST create and start TaskExampleProcess process	31	OK	INTERFACE	SERVICE_EXIT		
2016-05-17	17:15:20	-0300	ac30aa1b-8b6c-4135-856c-3ee858879503	7	POST create and start TaskExampleProcess process	0	OK	INTERFACE	SERVICE_ENTER		
2016-05-17	17:15:20	-0300	b56e6c4d-d0a0-47f3-8cb8-45999a0171d2	8	TaskExampleProcess	0	OK	PSTATE	TRANSITION_ENTER	MyStart	
2016-05-17	17:15:20	-0300	b56e6c4d-d0a0-47f3-8cb8-45999a0171d2	8	Process Start	1	OK	PROCESS_START	CUSTOM	TaskExampleProcess::_my_custom_id_2	MyStart
2016-05-17	17:15:20	-0300	b56e6c4d-d0a0-47f3-8cb8-45999a0171d2	8	TaskExampleProcess	2	OK	PSTATE	TRANSITION_EXIT	MyStart	
2016-05-17	17:15:20	-0300	0f80fa3d-3017-4642-a348-96b43c84fc40	9	TaskExampleProcess	0	OK	PSTATE	TRANSITION_ENTER	MyTask	
2016-05-17	17:15:20	-0300	0f80fa3d-3017-4642-a348-96b43c84fc40	9	Process State Start	1	OK	PROCESS_STATE_START	CUSTOM	TaskExampleProcess::_my_custom_id_2	MyTask
2016-05-17	17:15:20	-0300	0f80fa3d-3017-4642-a348-96b43c84fc40	9	TaskExampleProcess	2	OK	PSTATE	TRANSITION_EXIT	MyTask	
2016-05-17	17:15:20	-0300	ac30aa1b-8b6c-4135-856c-3ee858879503	7	POST create and start TaskExampleProcess process	16	OK	INTERFACE	SERVICE_EXIT		
2016-05-17	17:15:35	-0300	401a9fa5-cf8e-4e8d-a64b-4310a00d8089	10	GET TaskExampleProcess processes	0	OK	INTERFACE	SERVICE_ENTER		
2016-05-17	17:15:35	-0300	401a9fa5-cf8e-4e8d-a64b-4310a00d8089	10	GET TaskExampleProcess processes	8	OK	INTERFACE	SERVICE_EXIT		
2016-05-17	17:17:58	-0300	db0a861b-e9ca-46b3-aaf2-78b283af01b3	1	TaskExampleProcess	0	OK	PSTATE	TRANSITION_ENTER	MyStart	
2016-05-17	17:17:58	-0300	db0a861b-e9ca-46b3-aaf2-78b283af01b3	1	Process Start	11	OK	PROCESS_START	CUSTOM	TaskExampleProcess::myId	MyStart
2016-05-17	17:17:58	-0300	db0a861b-e9ca-46b3-aaf2-78b283af01b3	1	TaskExampleProcess	18	OK	PSTATE	TRANSITION_EXIT	MyStart	
2016-05-17	17:17:58	-0300	7268d3fb-adc3-4a5b-9f36-a98cb63809fd	2	TaskExampleProcess	0	OK	PSTATE	TRANSITION_ENTER	MyTask	
2016-05-17	17:17:58	-0300	7268d3fb-adc3-4a5b-9f36-a98cb63809fd	2	Process State Start	3	OK	PROCESS_STATE_START	CUSTOM	TaskExampleProcess::myId	MyTask
2016-05-17	17:17:58	-0300	7268d3fb-adc3-4a5b-9f36-a98cb63809fd	2	TaskExampleProcess	4	OK	PSTATE	TRANSITION_EXIT	MyTask	
2016-05-17	17:17:58	-0300	c2cfbe4d-3ed7-463b-bd0e-da53a7948d3f	3	POST create and start TaskExampleProcess process	0	OK	INTERFACE	SERVICE_ENTER		
2016-05-17	17:17:58	-0300	3a3bbffa-a05d-4bc9-8392-6e322c00faa0	4	TaskExampleProcess	0	OK	PSTATE	TRANSITION_ENTER	MyStart	
2016-05-17	17:17:58	-0300	3a3bbffa-a05d-4bc9-8392-6e322c00faa0	4	Process Start	2	OK	PROCESS_START	CUSTOM	TaskExampleProcess::_my_custom_id_0	MyStart
2016-05-17	17:17:58	-0300	3a3bbffa-a05d-4bc9-8392-6e322c00faa0	4	TaskExampleProcess	5	OK	PSTATE	TRANSITION_EXIT	MyStart	
2016-05-17	17:17:58	-0300	6a3f2856-4dc2-4723-8e9d-3e5734f85a25	5	TaskExampleProcess	0	OK	PSTATE	TRANSITION_ENTER	MyTask	
2016-05-17	17:17:58	-0300	6a3f2856-4dc2-4723-8e9d-3e5734f85a25	5	Process State Start	2	OK	PROCESS_STATE_START	CUSTOM	TaskExampleProcess::_my_custom_id_0	MyTask
2016-05-17	17:17:58	-0300	6a3f2856-4dc2-4723-8e9d-3e5734f85a25	5	TaskExampleProcess	4	OK	PSTATE	TRANSITION_EXIT	MyTask	
2016-05-17	17:17:58	-0300	c2cfbe4d-3ed7-463b-bd0e-da53a7948d3f	3	POST create and start TaskExampleProcess process	37	OK	INTERFACE	SERVICE_EXIT		
2016-05-17	17:17:58	-0300	87540751-1882-4b2a-b61c-4834d0b1dac6	6	POST create TaskExampleProcess process	0	OK	INTERFACE	SERVICE_ENTER		
2016-05-17	17:17:58	-0300	87540751-1882-4b2a-b61c-4834d0b1dac6	6	POST create TaskExampleProcess process	21	OK	INTERFACE	SERVICE_EXIT		
2016-05-17	17:17:58	-0300	84ffec61-ce6e-4275-abd7-214dbc4fc61b	7	GET TaskExampleProcess processes	0	OK	INTERFACE	SERVICE_ENTER		
2016-05-17	17:17:59	-0300	84ffec61-ce6e-4275-abd7-214dbc4fc61b	7	GET TaskExampleProcess processes	9	OK	INTERFACE	SERVICE_EXIT		
2016-05-17	17:23:17	-0300	78080319-a810-4e05-83e1-fde9f5ff196f	1	TaskExampleProcess	0	OK	PSTATE	TRANSITION_ENTER	MyStart	
2016-05-17	17:23:17	-0300	78080319-a810-4e05-83e1-fde9f5ff196f	1	Process Start	11	OK	PROCESS_START	CUSTOM	TaskExampleProcess::myId	MyStart
2016-05-17	17:23:17	-0300	78080319-a810-4e05-83e1-fde9f5ff196f	1	TaskExampleProcess	18	OK	PSTATE	TRANSITION_EXIT	MyStart	
2016-05-17	17:23:17	-0300	089c3f76-1920-49ae-ad0b-d0b3696b959b	2	TaskExampleProcess	0	OK	PSTATE	TRANSITION_ENTER	MyTask	
2016-05-17	17:23:17	-0300	089c3f76-1920-49ae-ad0b-d0b3696b959b	2	Process State Start	2	OK	PROCESS_STATE_START	CUSTOM	TaskExampleProcess::myId	MyTask
2016-05-17	17:23:17	-0300	089c3f76-1920-49ae-ad0b-d0b3696b959b	2	TaskExampleProcess	4	OK	PSTATE	TRANSITION_EXIT	MyTask	
2016-05-17	17:23:17	-0300	177ea879-ad11-4735-a6d8-7dd00f94f84b	3	GET TaskExampleProcess processes	0	OK	INTERFACE	SERVICE_ENTER		
2016-05-17	17:23:17	-0300	177ea879-ad11-4735-a6d8-7dd00f94f84b	3	GET TaskExampleProcess processes	49	OK	INTERFACE	SERVICE_EXIT		
2016-05-17	17:23:17	-0300	6aaab52f-564a-4f1e-8952-20466188d607	4	POST create and start TaskExampleProcess process	0	OK	INTERFACE	SERVICE_ENTER		
2016-05-17	17:23:17	-0300	9ce5e9ea-96d6-4943-915c-22f2a8110b61	5	TaskExampleProcess	0	OK	PSTATE	TRANSITION_ENTER	MyStart	
2016-05-17	17:23:17	-0300	9ce5e9ea-96d6-4943-915c-22f2a8110b61	5	Process Start	1	OK	PROCESS_START	CUSTOM	TaskExampleProcess::_my_custom_id_0	MyStart
2016-05-17	17:23:17	-0300	9ce5e9ea-96d6-4943-915c-22f2a8110b61	5	TaskExampleProcess	3	OK	PSTATE	TRANSITION_EXIT	MyStart	
2016-05-17	17:23:17	-0300	aedcbfcb-3ad6-473a-a753-8cc89e8f49f4	6	TaskExampleProcess	0	OK	PSTATE	TRANSITION_ENTER	MyTask	
2016-05-17	17:23:17	-0300	aedcbfcb-3ad6-473a-a753-8cc89e8f49f4	6	Process State Start	10	OK	PROCESS_STATE_START	CUSTOM	TaskExampleProcess::_my_custom_id_0	MyTask
2016-05-17	17:23:17	-0300	aedcbfcb-3ad6-473a-a753-8cc89e8f49f4	6	TaskExampleProcess	13	OK	PSTATE	TRANSITION_EXIT	MyTask	
2016-05-17	17:23:17	-0300	6aaab52f-564a-4f1e-8952-20466188d607	4	POST create and start TaskExampleProcess process	34	OK	INTERFACE	SERVICE_EXIT		
2016-05-17	17:23:17	-0300	f4abf896-5b14-440a-84ab-01d6bde02397	7	POST create TaskExampleProcess process	0	OK	INTERFACE	SERVICE_ENTER		
2016-05-17	17:23:17	-0300	f4abf896-5b14-440a-84ab-01d6bde02397	7	POST create TaskExampleProcess process	6	OK	INTERFACE	SERVICE_EXIT		
2016-05-17	17:24:13	-0300	c4f49b03-4671-4175-80b7-ef02dc48bc85	8	POST create TaskExampleProcess process	0	OK	INTERFACE	SERVICE_ENTER		
2016-05-17	17:24:13	-0300	c4f49b03-4671-4175-80b7-ef02dc48bc85	8	POST create TaskExampleProcess process	25	OK	INTERFACE	SERVICE_EXIT		
2016-05-17	17:24:21	-0300	c3505a8c-32a9-4a85-af0f-8f4f628c098b	9	POST create and start TaskExampleProcess process	0	OK	INTERFACE	SERVICE_ENTER		
2016-05-17	17:24:21	-0300	174ac1d7-a9d0-409c-b07e-badd7377bee4	10	TaskExampleProcess	0	OK	PSTATE	TRANSITION_ENTER	MyStart	
2016-05-17	17:24:21	-0300	174ac1d7-a9d0-409c-b07e-badd7377bee4	10	Process Start	2	OK	PROCESS_START	CUSTOM	TaskExampleProcess::_my_custom_id_3	MyStart
2016-05-17	17:24:21	-0300	174ac1d7-a9d0-409c-b07e-badd7377bee4	10	TaskExampleProcess	3	OK	PSTATE	TRANSITION_EXIT	MyStart	
2016-05-17	17:24:21	-0300	411f9e55-b8a9-4322-ad9b-2b5bb6ba88cf	11	TaskExampleProcess	0	OK	PSTATE	TRANSITION_ENTER	MyTask	
2016-05-17	17:24:21	-0300	411f9e55-b8a9-4322-ad9b-2b5bb6ba88cf	11	Process State Start	1	OK	PROCESS_STATE_START	CUSTOM	TaskExampleProcess::_my_custom_id_3	MyTask
2016-05-17	17:24:21	-0300	411f9e55-b8a9-4322-ad9b-2b5bb6ba88cf	11	TaskExampleProcess	2	OK	PSTATE	TRANSITION_EXIT	MyTask	
2016-05-17	17:24:21	-0300	c3505a8c-32a9-4a85-af0f-8f4f628c098b	9	POST create and start TaskExampleProcess process	18	OK	INTERFACE	SERVICE_EXIT		
2016-05-17	17:24:25	-0300	44ea3016-2ed0-4dbc-9f60-6e0a5a53c999	12	POST create and start TaskExampleProcess process	0	OK	INTERFACE	SERVICE_ENTER		
2016-05-17	17:24:25	-0300	22f9d7c2-d0e3-425e-8c74-80dc22de1d8f	13	TaskExampleProcess	0	OK	PSTATE	TRANSITION_ENTER	MyStart	
2016-05-17	17:24:25	-0300	22f9d7c2-d0e3-425e-8c74-80dc22de1d8f	13	Process Start	2	OK	PROCESS_START	CUSTOM	TaskExampleProcess::_my_custom_id_4	MyStart
2016-05-17	17:24:25	-0300	22f9d7c2-d0e3-425e-8c74-80dc22de1d8f	13	TaskExampleProcess	3	OK	PSTATE	TRANSITION_EXIT	MyStart	
2016-05-17	17:24:25	-0300	831dc5da-28bb-4e7f-b647-f8bad860aac4	14	TaskExampleProcess	0	OK	PSTATE	TRANSITION_ENTER	MyTask	
2016-05-17	17:24:25	-0300	831dc5da-28bb-4e7f-b647-f8bad860aac4	14	Process State Start	2	OK	PROCESS_STATE_START	CUSTOM	TaskExampleProcess::_my_custom_id_4	MyTask
2016-05-17	17:24:25	-0300	831dc5da-28bb-4e7f-b647-f8bad860aac4	14	TaskExampleProcess	3	OK	PSTATE	TRANSITION_EXIT	MyTask	
2016-05-17	17:24:25	-0300	44ea3016-2ed0-4dbc-9f60-6e0a5a53c999	12	POST create and start TaskExampleProcess process	17	OK	INTERFACE	SERVICE_EXIT		
2016-05-17	17:24:26	-0300	3dd0b7e0-95b5-4cfa-b1e0-b52c98e7be5b	15	POST create and start TaskExampleProcess process	0	OK	INTERFACE	SERVICE_ENTER		
2016-05-17	17:24:26	-0300	23cf337e-07f2-4312-a329-c12131315ba3	16	TaskExampleProcess	0	OK	PSTATE	TRANSITION_ENTER	MyStart	
2016-05-17	17:24:26	-0300	23cf337e-07f2-4312-a329-c12131315ba3	16	Process Start	3	OK	PROCESS_START	CUSTOM	TaskExampleProcess::_my_custom_id_5	MyStart
2016-05-17	17:24:26	-0300	23cf337e-07f2-4312-a329-c12131315ba3	16	TaskExampleProcess	5	OK	PSTATE	TRANSITION_EXIT	MyStart	
2016-05-17	17:24:26	-0300	56171f57-0463-4a69-ad74-5e8c2b4c5f38	17	TaskExampleProcess	0	OK	PSTATE	TRANSITION_ENTER	MyTask	
2016-05-17	17:24:26	-0300	56171f57-0463-4a69-ad74-5e8c2b4c5f38	17	Process State Start	2	OK	PROCESS_STATE_START	CUSTOM	TaskExampleProcess::_my_custom_id_5	MyTask
2016-05-17	17:24:26	-0300	56171f57-0463-4a69-ad74-5e8c2b4c5f38	17	TaskExampleProcess	4	OK	PSTATE	TRANSITION_EXIT	MyTask	
2016-05-17	17:24:27	-0300	3dd0b7e0-95b5-4cfa-b1e0-b52c98e7be5b	15	POST create and start TaskExampleProcess process	25	OK	INTERFACE	SERVICE_EXIT		
2016-05-17	17:24:35	-0300	aebe83ac-5d39-4411-a2c0-9d7846366349	18	GET TaskExampleProcess processes	0	OK	INTERFACE	SERVICE_ENTER		
2016-05-17	17:24:35	-0300	aebe83ac-5d39-4411-a2c0-9d7846366349	18	GET TaskExampleProcess processes	8	OK	INTERFACE	SERVICE_EXIT		
2016-05-17	17:35:23	-0300	9da37eac-df45-4f0b-bc88-26204397bdf4	1	TaskExampleProcess	0	OK	PSTATE	TRANSITION_ENTER	MyStart	
2016-05-17	17:35:23	-0300	9da37eac-df45-4f0b-bc88-26204397bdf4	1	Process Start	31	OK	PROCESS_START	CUSTOM	TaskExampleProcess::myId	MyStart
2016-05-17	17:35:23	-0300	9da37eac-df45-4f0b-bc88-26204397bdf4	1	TaskExampleProcess	40	OK	PSTATE	TRANSITION_EXIT	MyStart	
2016-05-17	17:35:23	-0300	ffda9180-b4f9-4139-881c-59d151402eeb	2	TaskExampleProcess	0	OK	PSTATE	TRANSITION_ENTER	MyTask	
2016-05-17	17:35:23	-0300	ffda9180-b4f9-4139-881c-59d151402eeb	2	Process State Start	3	OK	PROCESS_STATE_START	CUSTOM	TaskExampleProcess::myId	MyTask
2016-05-17	17:35:23	-0300	ffda9180-b4f9-4139-881c-59d151402eeb	2	TaskExampleProcess	5	OK	PSTATE	TRANSITION_EXIT	MyTask	
2016-05-17	17:35:23	-0300	a37736b7-f863-4478-95de-c3e912921559	3	GET TaskExampleProcess processes	0	OK	INTERFACE	SERVICE_ENTER		
2016-05-17	17:35:23	-0300	a37736b7-f863-4478-95de-c3e912921559	3	GET TaskExampleProcess processes	81	OK	INTERFACE	SERVICE_EXIT		
2016-05-17	17:35:23	-0300	3f0ae143-47df-4e5a-a62a-3870ad6916bc	4	POST create and start TaskExampleProcess process	0	OK	INTERFACE	SERVICE_ENTER		
2016-05-17	17:35:23	-0300	83b302ad-34fc-4cdc-968b-f84809166736	5	TaskExampleProcess	0	OK	PSTATE	TRANSITION_ENTER	MyStart	
2016-05-17	17:35:23	-0300	83b302ad-34fc-4cdc-968b-f84809166736	5	Process Start	2	OK	PROCESS_START	CUSTOM	TaskExampleProcess::_my_custom_id_0	MyStart
2016-05-17	17:35:23	-0300	83b302ad-34fc-4cdc-968b-f84809166736	5	TaskExampleProcess	4	OK	PSTATE	TRANSITION_EXIT	MyStart	
2016-05-17	17:35:23	-0300	11c01904-2b4f-45a7-aca3-7c906c50724c	6	TaskExampleProcess	0	OK	PSTATE	TRANSITION_ENTER	MyTask	
2016-05-17	17:35:23	-0300	11c01904-2b4f-45a7-aca3-7c906c50724c	6	Process State Start	11	OK	PROCESS_STATE_START	CUSTOM	TaskExampleProcess::_my_custom_id_0	MyTask
2016-05-17	17:35:23	-0300	11c01904-2b4f-45a7-aca3-7c906c50724c	6	TaskExampleProcess	13	OK	PSTATE	TRANSITION_EXIT	MyTask	
2016-05-17	17:35:23	-0300	3f0ae143-47df-4e5a-a62a-3870ad6916bc	4	POST create and start TaskExampleProcess process	42	OK	INTERFACE	SERVICE_EXIT		
2016-05-17	17:35:23	-0300	32d2e6b7-15dd-4123-b29d-e38d50d8b787	7	GET TaskExampleProcess processes	0	OK	INTERFACE	SERVICE_ENTER		
2016-05-17	17:35:23	-0300	32d2e6b7-15dd-4123-b29d-e38d50d8b787	7	GET TaskExampleProcess processes	6	OK	INTERFACE	SERVICE_EXIT		
2016-05-17	17:35:23	-0300	7b225bee-122f-476f-9505-5eddd777990e	8	POST create TaskExampleProcess process	0	OK	INTERFACE	SERVICE_ENTER		
2016-05-17	17:35:23	-0300	7b225bee-122f-476f-9505-5eddd777990e	8	POST create TaskExampleProcess process	5	OK	INTERFACE	SERVICE_EXIT		
2016-05-17	17:35:54	-0300	38fa5f4d-280a-4e48-90c1-cfd3331b1b12	9	POST create TaskExampleProcess process	0	OK	INTERFACE	SERVICE_ENTER		
2016-05-17	17:35:54	-0300	38fa5f4d-280a-4e48-90c1-cfd3331b1b12	9	POST create TaskExampleProcess process	6	OK	INTERFACE	SERVICE_EXIT		
2016-05-17	17:36:09	-0300	468a6410-67b6-4881-ac03-a4325c7dced0	10	POST create and start TaskExampleProcess process	0	OK	INTERFACE	SERVICE_ENTER		
2016-05-17	17:36:09	-0300	36d12b07-ee7d-4527-b961-4bd4cc8c3705	11	TaskExampleProcess	0	OK	PSTATE	TRANSITION_ENTER	MyStart	
2016-05-17	17:36:09	-0300	36d12b07-ee7d-4527-b961-4bd4cc8c3705	11	Process Start	3	OK	PROCESS_START	CUSTOM	TaskExampleProcess::_my_custom_id_3	MyStart
2016-05-17	17:36:09	-0300	36d12b07-ee7d-4527-b961-4bd4cc8c3705	11	TaskExampleProcess	5	OK	PSTATE	TRANSITION_EXIT	MyStart	
2016-05-17	17:36:09	-0300	bd9c136d-98a4-4e18-8650-8b3e9179612c	12	TaskExampleProcess	0	OK	PSTATE	TRANSITION_ENTER	MyTask	
2016-05-17	17:36:09	-0300	bd9c136d-98a4-4e18-8650-8b3e9179612c	12	Process State Start	2	OK	PROCESS_STATE_START	CUSTOM	TaskExampleProcess::_my_custom_id_3	MyTask
2016-05-17	17:36:09	-0300	bd9c136d-98a4-4e18-8650-8b3e9179612c	12	TaskExampleProcess	4	OK	PSTATE	TRANSITION_EXIT	MyTask	
2016-05-17	17:36:09	-0300	468a6410-67b6-4881-ac03-a4325c7dced0	10	POST create and start TaskExampleProcess process	20	OK	INTERFACE	SERVICE_EXIT		
2016-05-17	17:36:28	-0300	6e06bd24-07ac-479b-ac2f-e064990009ee	13	GET TaskExampleProcess processes	0	OK	INTERFACE	SERVICE_ENTER		
2016-05-17	17:36:28	-0300	6e06bd24-07ac-479b-ac2f-e064990009ee	13	GET TaskExampleProcess processes	6	OK	INTERFACE	SERVICE_EXIT		
2016-05-17	17:36:49	-0300	260cd3b0-2027-4db8-ae3e-9ed69d4c6f45	14	GET TaskExampleProcess processes	0	OK	INTERFACE	SERVICE_ENTER		
2016-05-17	17:36:49	-0300	260cd3b0-2027-4db8-ae3e-9ed69d4c6f45	14	GET TaskExampleProcess processes	4	OK	INTERFACE	SERVICE_EXIT		
2016-05-17	17:39:20	-0300	6d82c01b-eb2b-4fb4-99d8-6e33f9528df1	1	TaskExampleProcess	0	OK	PSTATE	TRANSITION_ENTER	MyStart	
2016-05-17	17:39:21	-0300	6d82c01b-eb2b-4fb4-99d8-6e33f9528df1	1	Process Start	16	OK	PROCESS_START	CUSTOM	TaskExampleProcess::myId	MyStart
2016-05-17	17:39:21	-0300	6d82c01b-eb2b-4fb4-99d8-6e33f9528df1	1	TaskExampleProcess	25	OK	PSTATE	TRANSITION_EXIT	MyStart	
2016-05-17	17:39:21	-0300	9ce479d8-19c6-42ec-b8b2-c45f8d018164	2	TaskExampleProcess	0	OK	PSTATE	TRANSITION_ENTER	MyTask	
2016-05-17	17:39:21	-0300	9ce479d8-19c6-42ec-b8b2-c45f8d018164	2	Process State Start	2	OK	PROCESS_STATE_START	CUSTOM	TaskExampleProcess::myId	MyTask
2016-05-17	17:39:21	-0300	9ce479d8-19c6-42ec-b8b2-c45f8d018164	2	TaskExampleProcess	4	OK	PSTATE	TRANSITION_EXIT	MyTask	
2016-05-17	17:39:21	-0300	65a52070-30bf-4950-a79a-575f140d27c0	3	POST create and start TaskExampleProcess process	0	OK	INTERFACE	SERVICE_ENTER		
2016-05-17	17:39:22	-0300	c2031e05-9e7d-4df1-8cbb-27831e1f7044	4	TaskExampleProcess	0	OK	PSTATE	TRANSITION_ENTER	MyStart	
2016-05-17	17:39:22	-0300	c2031e05-9e7d-4df1-8cbb-27831e1f7044	4	Process Start	11	OK	PROCESS_START	CUSTOM	TaskExampleProcess::_my_custom_id_0	MyStart
2016-05-17	17:39:22	-0300	c2031e05-9e7d-4df1-8cbb-27831e1f7044	4	TaskExampleProcess	16	OK	PSTATE	TRANSITION_EXIT	MyStart	
2016-05-17	17:39:22	-0300	b0d3cb59-4d1b-4448-9744-7f7d5ea04820	5	TaskExampleProcess	0	OK	PSTATE	TRANSITION_ENTER	MyTask	
2016-05-17	17:39:22	-0300	b0d3cb59-4d1b-4448-9744-7f7d5ea04820	5	Process State Start	117	OK	PROCESS_STATE_START	CUSTOM	TaskExampleProcess::_my_custom_id_0	MyTask
2016-05-17	17:39:22	-0300	b0d3cb59-4d1b-4448-9744-7f7d5ea04820	5	TaskExampleProcess	121	OK	PSTATE	TRANSITION_EXIT	MyTask	
2016-05-17	17:39:22	-0300	65a52070-30bf-4950-a79a-575f140d27c0	3	POST create and start TaskExampleProcess process	441	OK	INTERFACE	SERVICE_EXIT		
2016-05-17	17:39:22	-0300	f57b25c3-432f-4d65-ab53-5d17ebda03c4	6	GET TaskExampleProcess processes	0	OK	INTERFACE	SERVICE_ENTER		
2016-05-17	17:39:26	-0300	f57b25c3-432f-4d65-ab53-5d17ebda03c4	6	GET TaskExampleProcess processes	3526	OK	INTERFACE	SERVICE_EXIT		
2016-05-17	17:39:26	-0300	a5f49783-c2ce-4cf8-bd94-ec0a8b5bb473	7	POST create TaskExampleProcess process	0	OK	INTERFACE	SERVICE_ENTER		
2016-05-17	17:39:26	-0300	a5f49783-c2ce-4cf8-bd94-ec0a8b5bb473	7	POST create TaskExampleProcess process	195	OK	INTERFACE	SERVICE_EXIT		
2016-05-17	17:39:26	-0300	e812548d-d7c7-425b-ba8c-5b5611293418	8	GET TaskExampleProcess processes	0	OK	INTERFACE	SERVICE_ENTER		
2016-05-17	17:39:26	-0300	e812548d-d7c7-425b-ba8c-5b5611293418	8	GET TaskExampleProcess processes	10	OK	INTERFACE	SERVICE_EXIT		
2016-05-17	17:39:26	-0300	01327da3-f4ab-48f1-bb55-5aa2958a243c	9	GET TaskExampleProcess processes	0	OK	INTERFACE	SERVICE_ENTER		
2016-05-17	17:39:26	-0300	01327da3-f4ab-48f1-bb55-5aa2958a243c	9	GET TaskExampleProcess processes	10	OK	INTERFACE	SERVICE_EXIT		
2016-05-17	17:40:45	-0300	52f82a8c-35ba-4a5d-a802-484803e723a7	1	TaskExampleProcess	0	OK	PSTATE	TRANSITION_ENTER	MyStart	
2016-05-17	17:40:45	-0300	52f82a8c-35ba-4a5d-a802-484803e723a7	1	Process Start	71	OK	PROCESS_START	CUSTOM	TaskExampleProcess::myId	MyStart
2016-05-17	17:40:46	-0300	52f82a8c-35ba-4a5d-a802-484803e723a7	1	TaskExampleProcess	108	OK	PSTATE	TRANSITION_EXIT	MyStart	
2016-05-17	17:40:46	-0300	0ed8aa91-74ce-4322-adac-9f6f391c1c0a	2	TaskExampleProcess	0	OK	PSTATE	TRANSITION_ENTER	MyTask	
2016-05-17	17:40:46	-0300	0ed8aa91-74ce-4322-adac-9f6f391c1c0a	2	Process State Start	19	OK	PROCESS_STATE_START	CUSTOM	TaskExampleProcess::myId	MyTask
2016-05-17	17:40:46	-0300	0ed8aa91-74ce-4322-adac-9f6f391c1c0a	2	TaskExampleProcess	25	OK	PSTATE	TRANSITION_EXIT	MyTask	
2016-05-17	17:40:46	-0300	b48b7de6-fcdb-473f-b175-dcc2a979dff8	3	GET TaskExampleProcess processes	0	OK	INTERFACE	SERVICE_ENTER		
2016-05-17	17:40:47	-0300	b48b7de6-fcdb-473f-b175-dcc2a979dff8	3	GET TaskExampleProcess processes	953	OK	INTERFACE	SERVICE_EXIT		
2016-05-17	17:40:47	-0300	2998523f-fc68-49e7-8581-63d937957da7	4	POST create TaskExampleProcess process	0	OK	INTERFACE	SERVICE_ENTER		
2016-05-17	17:40:47	-0300	2998523f-fc68-49e7-8581-63d937957da7	4	POST create TaskExampleProcess process	22	OK	INTERFACE	SERVICE_EXIT		
2016-05-17	17:40:47	-0300	933f49b4-5ee3-40ac-8597-282d01cea02f	5	GET TaskExampleProcess processes	0	OK	INTERFACE	SERVICE_ENTER		
2016-05-17	17:40:47	-0300	933f49b4-5ee3-40ac-8597-282d01cea02f	5	GET TaskExampleProcess processes	6	OK	INTERFACE	SERVICE_EXIT		
2016-05-17	17:40:47	-0300	4acd8406-bbd1-477a-b701-e5094b8a6e4a	6	GET TaskExampleProcess processes	0	OK	INTERFACE	SERVICE_ENTER		
2016-05-17	17:40:47	-0300	4acd8406-bbd1-477a-b701-e5094b8a6e4a	6	GET TaskExampleProcess processes	6	OK	INTERFACE	SERVICE_EXIT		
2016-05-17	17:40:47	-0300	97f5a86d-5811-4fde-9c4b-82409a4362b1	7	POST create and start TaskExampleProcess process	0	OK	INTERFACE	SERVICE_ENTER		
2016-05-17	17:40:47	-0300	d644a83e-de16-4751-bdef-ffd3814b38d6	8	TaskExampleProcess	0	OK	PSTATE	TRANSITION_ENTER	MyStart	
2016-05-17	17:40:47	-0300	d644a83e-de16-4751-bdef-ffd3814b38d6	8	Process Start	2	OK	PROCESS_START	CUSTOM	TaskExampleProcess::_my_custom_id_1	MyStart
2016-05-17	17:40:47	-0300	d644a83e-de16-4751-bdef-ffd3814b38d6	8	TaskExampleProcess	3	OK	PSTATE	TRANSITION_EXIT	MyStart	
2016-05-17	17:40:47	-0300	10a66c6e-357b-454c-b029-c145e18bd417	9	TaskExampleProcess	0	OK	PSTATE	TRANSITION_ENTER	MyTask	
2016-05-17	17:40:47	-0300	10a66c6e-357b-454c-b029-c145e18bd417	9	Process State Start	2	OK	PROCESS_STATE_START	CUSTOM	TaskExampleProcess::_my_custom_id_1	MyTask
2016-05-17	17:40:47	-0300	10a66c6e-357b-454c-b029-c145e18bd417	9	TaskExampleProcess	3	OK	PSTATE	TRANSITION_EXIT	MyTask	
2016-05-17	17:40:47	-0300	97f5a86d-5811-4fde-9c4b-82409a4362b1	7	POST create and start TaskExampleProcess process	15	OK	INTERFACE	SERVICE_EXIT		
2016-05-17	17:40:56	-0300	e2fef50e-9b9f-4201-b652-95c35c12e3e2	10	GET TaskExampleProcess processes	0	OK	INTERFACE	SERVICE_ENTER		
2016-05-17	17:40:56	-0300	e2fef50e-9b9f-4201-b652-95c35c12e3e2	10	GET TaskExampleProcess processes	14	OK	INTERFACE	SERVICE_EXIT		
2016-05-17	17:45:15	-0300	64091be6-f375-4ae0-b4d6-a6d33fa375d6	11	GET TaskExampleProcess processes	0	OK	INTERFACE	SERVICE_ENTER		
2016-05-17	17:45:15	-0300	64091be6-f375-4ae0-b4d6-a6d33fa375d6	11	GET TaskExampleProcess processes	7	OK	INTERFACE	SERVICE_EXIT		
2016-05-17	17:46:11	-0300	defa43c8-a8bc-459b-976e-45e237a2713e	12	GET TaskExampleProcess processes	0	OK	INTERFACE	SERVICE_ENTER		
2016-05-17	17:46:11	-0300	defa43c8-a8bc-459b-976e-45e237a2713e	12	GET TaskExampleProcess processes	7	OK	INTERFACE	SERVICE_EXIT		
2016-05-17	17:47:01	-0300	97d83736-1e27-48b7-804b-befa09923693	1	TaskExampleProcess	0	OK	PSTATE	TRANSITION_ENTER	MyStart	
2016-05-17	17:47:01	-0300	97d83736-1e27-48b7-804b-befa09923693	1	Process Start	79	OK	PROCESS_START	CUSTOM	TaskExampleProcess::myId	MyStart
2016-05-17	17:47:01	-0300	97d83736-1e27-48b7-804b-befa09923693	1	TaskExampleProcess	86	OK	PSTATE	TRANSITION_EXIT	MyStart	
2016-05-17	17:47:01	-0300	348db41e-db08-4cdb-a86c-eedd242c2a9c	2	TaskExampleProcess	0	OK	PSTATE	TRANSITION_ENTER	MyTask	
2016-05-17	17:47:01	-0300	348db41e-db08-4cdb-a86c-eedd242c2a9c	2	Process State Start	3	OK	PROCESS_STATE_START	CUSTOM	TaskExampleProcess::myId	MyTask
2016-05-17	17:47:01	-0300	348db41e-db08-4cdb-a86c-eedd242c2a9c	2	TaskExampleProcess	4	OK	PSTATE	TRANSITION_EXIT	MyTask	
2016-05-17	17:47:02	-0300	f37391b6-9ee3-4e22-96ad-11b9b6f09b22	3	POST create TaskExampleProcess process	0	OK	INTERFACE	SERVICE_ENTER		
2016-05-17	17:47:02	-0300	f37391b6-9ee3-4e22-96ad-11b9b6f09b22	3	POST create TaskExampleProcess process	43	OK	INTERFACE	SERVICE_EXIT		
2016-05-17	17:47:02	-0300	0950c71c-bbcf-4649-91d2-695c0ba31663	4	GET TaskExampleProcess processes	0	OK	INTERFACE	SERVICE_ENTER		
2016-05-17	17:47:02	-0300	0950c71c-bbcf-4649-91d2-695c0ba31663	4	GET TaskExampleProcess processes	29	OK	INTERFACE	SERVICE_EXIT		
2016-05-17	17:47:02	-0300	1aec7cd9-08ef-49bf-b984-bc7f5825e9af	5	GET TaskExampleProcess processes	0	OK	INTERFACE	SERVICE_ENTER		
2016-05-17	17:47:02	-0300	1aec7cd9-08ef-49bf-b984-bc7f5825e9af	5	GET TaskExampleProcess processes	4	OK	INTERFACE	SERVICE_EXIT		
2016-05-17	17:47:02	-0300	5b2a4403-34a5-4fdc-89da-06a7b34dcde5	6	GET TaskExampleProcess processes	0	OK	INTERFACE	SERVICE_ENTER		
2016-05-17	17:47:02	-0300	5b2a4403-34a5-4fdc-89da-06a7b34dcde5	6	GET TaskExampleProcess processes	35	OK	INTERFACE	SERVICE_EXIT		
2016-05-17	17:47:02	-0300	6953ea43-9b98-4801-8b99-f39c2a7585d4	7	POST create and start TaskExampleProcess process	0	OK	INTERFACE	SERVICE_ENTER		
2016-05-17	17:47:02	-0300	4413bb6a-1391-4d8b-962f-96f2523be9f8	8	TaskExampleProcess	0	OK	PSTATE	TRANSITION_ENTER	MyStart	
2016-05-17	17:47:02	-0300	4413bb6a-1391-4d8b-962f-96f2523be9f8	8	Process Start	2	OK	PROCESS_START	CUSTOM	TaskExampleProcess::_my_custom_id_1	MyStart
2016-05-17	17:47:02	-0300	4413bb6a-1391-4d8b-962f-96f2523be9f8	8	TaskExampleProcess	4	OK	PSTATE	TRANSITION_EXIT	MyStart	
2016-05-17	17:47:02	-0300	0d3a9265-c63f-47a2-8101-d2a249c8f921	9	TaskExampleProcess	0	OK	PSTATE	TRANSITION_ENTER	MyTask	
2016-05-17	17:47:02	-0300	0d3a9265-c63f-47a2-8101-d2a249c8f921	9	Process State Start	2	OK	PROCESS_STATE_START	CUSTOM	TaskExampleProcess::_my_custom_id_1	MyTask
2016-05-17	17:47:02	-0300	0d3a9265-c63f-47a2-8101-d2a249c8f921	9	TaskExampleProcess	3	OK	PSTATE	TRANSITION_EXIT	MyTask	
2016-05-17	17:47:02	-0300	6953ea43-9b98-4801-8b99-f39c2a7585d4	7	POST create and start TaskExampleProcess process	23	OK	INTERFACE	SERVICE_EXIT		
2016-05-17	17:48:11	-0300	a47c6382-835f-4498-bff6-b2f80a0b0360	10	POST create and start TaskExampleProcess process	0	OK	INTERFACE	SERVICE_ENTER		
2016-05-17	17:48:11	-0300	ffcf7c74-e384-4ee2-9cad-e4e7ef051915	11	TaskExampleProcess	0	OK	PSTATE	TRANSITION_ENTER	MyStart	
2016-05-17	17:48:11	-0300	ffcf7c74-e384-4ee2-9cad-e4e7ef051915	11	Process Start	4	OK	PROCESS_START	CUSTOM	TaskExampleProcess::_my_custom_id_2	MyStart
2016-05-17	17:48:11	-0300	ffcf7c74-e384-4ee2-9cad-e4e7ef051915	11	TaskExampleProcess	9	OK	PSTATE	TRANSITION_EXIT	MyStart	
2016-05-17	17:48:11	-0300	414a3871-5e16-4373-8a97-5c447a639f77	12	TaskExampleProcess	0	OK	PSTATE	TRANSITION_ENTER	MyTask	
2016-05-17	17:48:11	-0300	414a3871-5e16-4373-8a97-5c447a639f77	12	Process State Start	4	OK	PROCESS_STATE_START	CUSTOM	TaskExampleProcess::_my_custom_id_2	MyTask
2016-05-17	17:48:11	-0300	414a3871-5e16-4373-8a97-5c447a639f77	12	TaskExampleProcess	9	OK	PSTATE	TRANSITION_EXIT	MyTask	
2016-05-17	17:48:11	-0300	a47c6382-835f-4498-bff6-b2f80a0b0360	10	POST create and start TaskExampleProcess process	112	OK	INTERFACE	SERVICE_EXIT		
2016-05-17	17:48:42	-0300	799b5322-c2b3-4fa7-b032-6a12f9e25676	13	GET TaskExampleProcess processes	0	OK	INTERFACE	SERVICE_ENTER		
2016-05-17	17:48:42	-0300	799b5322-c2b3-4fa7-b032-6a12f9e25676	13	GET TaskExampleProcess processes	3	OK	INTERFACE	SERVICE_EXIT		
2016-05-17	17:55:39	-0300	6ceb381b-77d3-467f-aeae-a62750ca9efd	1	TaskExampleProcess	0	OK	PSTATE	TRANSITION_ENTER	MyStart	
2016-05-17	17:55:39	-0300	6ceb381b-77d3-467f-aeae-a62750ca9efd	1	Process Start	15	OK	PROCESS_START	CUSTOM	TaskExampleProcess::myId	MyStart
2016-05-17	17:55:39	-0300	6ceb381b-77d3-467f-aeae-a62750ca9efd	1	TaskExampleProcess	22	OK	PSTATE	TRANSITION_EXIT	MyStart	
2016-05-17	17:55:39	-0300	e8451834-01b5-499a-92f8-55f2318c131a	2	TaskExampleProcess	0	OK	PSTATE	TRANSITION_ENTER	MyTask	
2016-05-17	17:55:39	-0300	e8451834-01b5-499a-92f8-55f2318c131a	2	Process State Start	3	OK	PROCESS_STATE_START	CUSTOM	TaskExampleProcess::myId	MyTask
2016-05-17	17:55:39	-0300	e8451834-01b5-499a-92f8-55f2318c131a	2	TaskExampleProcess	5	OK	PSTATE	TRANSITION_EXIT	MyTask	
2016-05-17	17:55:39	-0300	e1ea851c-a0b2-448c-b58f-4950b21a268d	3	GET TaskExampleProcess processes	0	OK	INTERFACE	SERVICE_ENTER		
2016-05-17	17:55:39	-0300	e1ea851c-a0b2-448c-b58f-4950b21a268d	3	GET TaskExampleProcess processes	280	OK	INTERFACE	SERVICE_EXIT		
2016-05-17	17:55:40	-0300	c7619c0c-1ba9-4623-8d2f-049facf02634	4	GET TaskExampleProcess processes	0	OK	INTERFACE	SERVICE_ENTER		
2016-05-17	17:55:40	-0300	c7619c0c-1ba9-4623-8d2f-049facf02634	4	GET TaskExampleProcess processes	13	OK	INTERFACE	SERVICE_EXIT		
2016-05-17	17:55:40	-0300	4986a4e0-14a0-4646-a802-e6aa299d54f7	5	POST create and start TaskExampleProcess process	0	OK	INTERFACE	SERVICE_ENTER		
2016-05-17	17:55:40	-0300	4045dff7-6ba2-446e-be07-a7269e214caa	6	TaskExampleProcess	0	OK	PSTATE	TRANSITION_ENTER	MyStart	
2016-05-17	17:55:40	-0300	4045dff7-6ba2-446e-be07-a7269e214caa	6	Process Start	1	OK	PROCESS_START	CUSTOM	TaskExampleProcess::_my_custom_id_0	MyStart
2016-05-17	17:55:40	-0300	4045dff7-6ba2-446e-be07-a7269e214caa	6	TaskExampleProcess	3	OK	PSTATE	TRANSITION_EXIT	MyStart	
2016-05-17	17:55:40	-0300	0eeaf853-b3ab-4d6e-bd88-e892ec645459	7	TaskExampleProcess	0	OK	PSTATE	TRANSITION_ENTER	MyTask	
2016-05-17	17:55:40	-0300	0eeaf853-b3ab-4d6e-bd88-e892ec645459	7	Process State Start	2	OK	PROCESS_STATE_START	CUSTOM	TaskExampleProcess::_my_custom_id_0	MyTask
2016-05-17	17:55:40	-0300	0eeaf853-b3ab-4d6e-bd88-e892ec645459	7	TaskExampleProcess	3	OK	PSTATE	TRANSITION_EXIT	MyTask	
2016-05-17	17:55:40	-0300	4986a4e0-14a0-4646-a802-e6aa299d54f7	5	POST create and start TaskExampleProcess process	22	OK	INTERFACE	SERVICE_EXIT		
2016-05-17	17:55:40	-0300	ff010ec8-3ff5-4956-a4c5-1df6da866069	8	GET TaskExampleProcess processes	0	OK	INTERFACE	SERVICE_ENTER		
2016-05-17	17:55:40	-0300	ff010ec8-3ff5-4956-a4c5-1df6da866069	8	GET TaskExampleProcess processes	5	OK	INTERFACE	SERVICE_EXIT		
2016-05-17	17:55:40	-0300	897a84ed-a092-4104-ac4b-c24482ec5213	9	POST create TaskExampleProcess process	0	OK	INTERFACE	SERVICE_ENTER		
2016-05-17	17:55:40	-0300	897a84ed-a092-4104-ac4b-c24482ec5213	9	POST create TaskExampleProcess process	5	OK	INTERFACE	SERVICE_EXIT		
2016-05-17	17:58:41	-0300	8afe8cd3-61c0-460a-ac9b-de48b8527a0d	1	TaskExampleProcess	0	OK	PSTATE	TRANSITION_ENTER	MyStart	
2016-05-17	17:58:41	-0300	8afe8cd3-61c0-460a-ac9b-de48b8527a0d	1	Process Start	124	OK	PROCESS_START	CUSTOM	TaskExampleProcess::myId	MyStart
2016-05-17	17:58:41	-0300	8afe8cd3-61c0-460a-ac9b-de48b8527a0d	1	TaskExampleProcess	172	OK	PSTATE	TRANSITION_EXIT	MyStart	
2016-05-17	17:58:41	-0300	9da5ccb8-0863-4502-8dfe-c46d9a59453d	2	TaskExampleProcess	0	OK	PSTATE	TRANSITION_ENTER	MyTask	
2016-05-17	17:58:41	-0300	9da5ccb8-0863-4502-8dfe-c46d9a59453d	2	Process State Start	6	OK	PROCESS_STATE_START	CUSTOM	TaskExampleProcess::myId	MyTask
2016-05-17	17:58:41	-0300	9da5ccb8-0863-4502-8dfe-c46d9a59453d	2	TaskExampleProcess	11	OK	PSTATE	TRANSITION_EXIT	MyTask	
2016-05-17	17:58:42	-0300	5b211a1d-5786-49ed-990b-e157c752c10a	3	GET TaskExampleProcess processes	0	OK	INTERFACE	SERVICE_ENTER		
2016-05-17	17:58:42	-0300	5b211a1d-5786-49ed-990b-e157c752c10a	3	GET TaskExampleProcess processes	32	OK	INTERFACE	SERVICE_EXIT		
2016-05-17	17:58:42	-0300	fcba766f-7446-47d6-b446-e01b36d5902b	4	GET TaskExampleProcess processes	0	OK	INTERFACE	SERVICE_ENTER		
2016-05-17	17:58:42	-0300	fcba766f-7446-47d6-b446-e01b36d5902b	4	GET TaskExampleProcess processes	7	OK	INTERFACE	SERVICE_EXIT		
2016-05-17	17:58:42	-0300	ebb8504f-3a07-400d-840d-f6aa54a00fc7	5	GET TaskExampleProcess processes	0	OK	INTERFACE	SERVICE_ENTER		
2016-05-17	17:58:42	-0300	ebb8504f-3a07-400d-840d-f6aa54a00fc7	5	GET TaskExampleProcess processes	5	OK	INTERFACE	SERVICE_EXIT		
2016-05-17	17:58:42	-0300	1bf84db6-eafd-42cc-b118-b8b74eac26dd	6	POST create TaskExampleProcess process	0	OK	INTERFACE	SERVICE_ENTER		
2016-05-17	17:58:42	-0300	1bf84db6-eafd-42cc-b118-b8b74eac26dd	6	POST create TaskExampleProcess process	35	OK	INTERFACE	SERVICE_EXIT		
2016-05-17	17:58:43	-0300	976a3589-5baa-4634-a6b8-681dadefeb0c	7	POST create and start TaskExampleProcess process	0	OK	INTERFACE	SERVICE_ENTER		
2016-05-17	17:58:43	-0300	6f7255fa-ced4-41e7-8c41-dabd66901255	8	TaskExampleProcess	0	OK	PSTATE	TRANSITION_ENTER	MyStart	
2016-05-17	17:58:43	-0300	6f7255fa-ced4-41e7-8c41-dabd66901255	8	Process Start	5	OK	PROCESS_START	CUSTOM	TaskExampleProcess::_my_custom_id_1	MyStart
2016-05-17	17:58:43	-0300	6f7255fa-ced4-41e7-8c41-dabd66901255	8	TaskExampleProcess	8	OK	PSTATE	TRANSITION_EXIT	MyStart	
2016-05-17	17:58:43	-0300	b56836f8-589b-4d87-b032-c7a1eebd4ce4	9	TaskExampleProcess	0	OK	PSTATE	TRANSITION_ENTER	MyTask	
2016-05-17	17:58:43	-0300	b56836f8-589b-4d87-b032-c7a1eebd4ce4	9	Process State Start	3	OK	PROCESS_STATE_START	CUSTOM	TaskExampleProcess::_my_custom_id_1	MyTask
2016-05-17	17:58:43	-0300	b56836f8-589b-4d87-b032-c7a1eebd4ce4	9	TaskExampleProcess	8	OK	PSTATE	TRANSITION_EXIT	MyTask	
2016-05-17	17:58:43	-0300	976a3589-5baa-4634-a6b8-681dadefeb0c	7	POST create and start TaskExampleProcess process	41	OK	INTERFACE	SERVICE_EXIT		
2016-05-17	18:00:27	-0300	1b031440-027d-4a4e-997f-b4b3bfda1e29	10	POST create and start TaskExampleProcess process	0	OK	INTERFACE	SERVICE_ENTER		
2016-05-17	18:00:27	-0300	2f66b553-d586-4432-abf0-9caf83a16b74	11	TaskExampleProcess	0	OK	PSTATE	TRANSITION_ENTER	MyStart	
2016-05-17	18:00:27	-0300	2f66b553-d586-4432-abf0-9caf83a16b74	11	Process Start	1	OK	PROCESS_START	CUSTOM	TaskExampleProcess::_my_custom_id_2	MyStart
2016-05-17	18:00:27	-0300	2f66b553-d586-4432-abf0-9caf83a16b74	11	TaskExampleProcess	2	OK	PSTATE	TRANSITION_EXIT	MyStart	
2016-05-17	18:00:27	-0300	b7f8123f-bbec-487c-a11c-7b8c95a20692	12	TaskExampleProcess	0	OK	PSTATE	TRANSITION_ENTER	MyTask	
2016-05-17	18:00:27	-0300	b7f8123f-bbec-487c-a11c-7b8c95a20692	12	Process State Start	1	OK	PROCESS_STATE_START	CUSTOM	TaskExampleProcess::_my_custom_id_2	MyTask
2016-05-17	18:00:27	-0300	b7f8123f-bbec-487c-a11c-7b8c95a20692	12	TaskExampleProcess	2	OK	PSTATE	TRANSITION_EXIT	MyTask	
2016-05-17	18:00:27	-0300	1b031440-027d-4a4e-997f-b4b3bfda1e29	10	POST create and start TaskExampleProcess process	12	OK	INTERFACE	SERVICE_EXIT		
2016-05-17	18:03:38	-0300	cfc49135-a892-4f31-94ec-fe47d2cc7031	1	TaskExampleProcess	0	OK	PSTATE	TRANSITION_ENTER	MyStart	
2016-05-17	18:03:38	-0300	cfc49135-a892-4f31-94ec-fe47d2cc7031	1	Process Start	26	OK	PROCESS_START	CUSTOM	TaskExampleProcess::myId	MyStart
2016-05-17	18:03:38	-0300	cfc49135-a892-4f31-94ec-fe47d2cc7031	1	TaskExampleProcess	33	OK	PSTATE	TRANSITION_EXIT	MyStart	
2016-05-17	18:03:38	-0300	718f96cb-f050-45cb-a870-056d73219371	2	TaskExampleProcess	0	OK	PSTATE	TRANSITION_ENTER	MyTask	
2016-05-17	18:03:38	-0300	718f96cb-f050-45cb-a870-056d73219371	2	Process State Start	3	OK	PROCESS_STATE_START	CUSTOM	TaskExampleProcess::myId	MyTask
2016-05-17	18:03:38	-0300	718f96cb-f050-45cb-a870-056d73219371	2	TaskExampleProcess	6	OK	PSTATE	TRANSITION_EXIT	MyTask	
2016-05-17	18:03:39	-0300	5f21d877-f2c5-4b39-8150-c201137cabc7	3	POST create and start TaskExampleProcess process	0	OK	INTERFACE	SERVICE_ENTER		
2016-05-17	18:03:39	-0300	b85fc530-4ef9-46e9-8fa2-4a1e9ef71354	4	TaskExampleProcess	0	OK	PSTATE	TRANSITION_ENTER	MyStart	
2016-05-17	18:03:39	-0300	b85fc530-4ef9-46e9-8fa2-4a1e9ef71354	4	Process Start	2	OK	PROCESS_START	CUSTOM	TaskExampleProcess::_my_custom_id_0	MyStart
2016-05-17	18:03:39	-0300	b85fc530-4ef9-46e9-8fa2-4a1e9ef71354	4	TaskExampleProcess	5	OK	PSTATE	TRANSITION_EXIT	MyStart	
2016-05-17	18:03:39	-0300	acb66036-a83c-4024-8e07-dfbfa7f4f287	5	TaskExampleProcess	0	OK	PSTATE	TRANSITION_ENTER	MyTask	
2016-05-17	18:03:39	-0300	acb66036-a83c-4024-8e07-dfbfa7f4f287	5	Process State Start	2	OK	PROCESS_STATE_START	CUSTOM	TaskExampleProcess::_my_custom_id_0	MyTask
2016-05-17	18:03:39	-0300	acb66036-a83c-4024-8e07-dfbfa7f4f287	5	TaskExampleProcess	4	OK	PSTATE	TRANSITION_EXIT	MyTask	
2016-05-17	18:03:39	-0300	5f21d877-f2c5-4b39-8150-c201137cabc7	3	POST create and start TaskExampleProcess process	56	OK	INTERFACE	SERVICE_EXIT		
2016-05-17	18:03:39	-0300	2c617ebf-6ead-4f62-8720-ba098b0a316f	6	GET TaskExampleProcess processes	0	OK	INTERFACE	SERVICE_ENTER		
2016-05-17	18:03:39	-0300	2c617ebf-6ead-4f62-8720-ba098b0a316f	6	GET TaskExampleProcess processes	23	OK	INTERFACE	SERVICE_EXIT		
2016-05-17	18:03:39	-0300	b9e16765-c507-43ed-9857-054c7e46bbc2	7	GET TaskExampleProcess processes	0	OK	INTERFACE	SERVICE_ENTER		
2016-05-17	18:03:39	-0300	b9e16765-c507-43ed-9857-054c7e46bbc2	7	GET TaskExampleProcess processes	9	OK	INTERFACE	SERVICE_EXIT		
2016-05-17	18:03:39	-0300	0731101b-bcbe-4f62-88fc-87c82192502a	8	POST create TaskExampleProcess process	0	OK	INTERFACE	SERVICE_ENTER		
2016-05-17	18:03:39	-0300	0731101b-bcbe-4f62-88fc-87c82192502a	8	POST create TaskExampleProcess process	20	OK	INTERFACE	SERVICE_EXIT		
2016-05-17	18:03:39	-0300	f141b30c-7be4-4abf-9587-28970607384e	9	GET TaskExampleProcess processes	0	OK	INTERFACE	SERVICE_ENTER		
2016-05-17	18:03:39	-0300	f141b30c-7be4-4abf-9587-28970607384e	9	GET TaskExampleProcess processes	9	OK	INTERFACE	SERVICE_EXIT		
